"File: ADC.c         Assembler  Version HGASM0202      Page 1


   1  0000              ; Generated by holtek-gcc v3.19, Mon Sep 09 16:22:46 2024
   2  0000              ; 
   3  0000              ; Configuration:
   4  0000              ;       with long instruction
   5  0000              ;       Single ROM, Multi-RAM
   6  0000              ;       bits_per_rom_unit:16
   7  0000              ;       with mp1
   8  0000              ;       with tbhp, address(0x9)
   9  0000              ;          Use tabrd-const
  10  0000              ;       
  11  0000              ; SFR address of long-instruction arch:
  12  0000              ;    mp0 = -1,1,0
  13  0000              ;    mp1 = 4,3,2
  14  0000              ;    mp2 = 14,13,12
  15  0000              ;    tbp = 9,7,8
  16  0000              ;    acc = 5
  17  0000              ;    pcl = 6
  18  0000              ;    status = 10
  19  0000              ;    bp = 11
  20  0000              ;    intc = 72
  21  0000              ;       
  22  0000              ;       
  23  0000              ; use 'tabrdc' instead of 'tabrd'
  24  0000              ;       
  25  0000              
  26  0000              #pragma translator "holtek-gcc 4.6.4" "3.19" "build 20130711"
  27  0000              ; Rebuild 718
  28  0000              
  29  0000              ir equ [2]
  30  0000              mp equ [3]
  31  0000              sbp equ [4]
  32  0000              acc equ [5]
  33  0000              bp equ [11]
  34  0000              tblp equ [7]
  35  0000              tbhp equ [9]
  36  0000              status equ [10]
  37  0000              c equ [10].0
  38  0000              ac equ [10].1
  39  0000              z equ [10].2
  40  0000              ov equ [10].3
  41  0000              cz equ [10].6
  42  0000              sc equ [10].7
  43  0000              intc equ [72]
  44  0000              
  45  0000              extern ra:byte
  46  0000              extern rb:byte
  47  0000              extern rc:byte
  48  0000              extern rd:byte
  49  0000              extern re:byte
  50  0000              extern rf:byte
  51  0000              extern rg:byte
  52  0000              extern rh:byte
  53  0000              extern _Crom2Prom:near
  54  0000              extern _Crom2PromNext:near
  55  0000              
  56  0000              RAMBANK 0 @BITDATASEC, @BITDATASEC1
  57  0000              @HCCINIT	.section 'data'
  58  0000              @HCCINIT0	.section 'data'
  59  0000              @BITDATASEC	 .section 'data'
"File: ADC.ASM       Assembler  Version HGASM0202      Page 2

  60  0000              @BITDATASEC1	 .section 'data'
  61  0000              
  62  0000              #pragma debug scope 1 1
  63  0000              	extern __DELAY3:near
  64  0000              	extern __DELAYX3:near
  65  0000              	extern __DELAYX6:near
  66  0000              	extern __DELAYY5:near
  67  0000              	extern __DELAYY3:near
  68  0000              	extern _builtin_holtek_delay_2:byte
  69  0000              ___sadc0 equ [47]
  70  0000              ___sadc1 equ [48]
  71  0000              ___intc1 equ [73]
  72  0000              public _ADCInit
  73  0000              #pragma debug scope 2 1

  28  0000              #line 28 "c:\users\tech\desktop\powerlinetransceiver\ADC\ADC.c"
  28  0000              _ADCInit .section 'code'
  28  0000              _ADCInit proc
  30  0000              #line 30 "c:\users\tech\desktop\powerlinetransceiver\ADC\ADC.c"
  30  0000  0F07        	mov a,7
  30  0001  00AF        	mov [47],a
  31  0002              #line 31 "c:\users\tech\desktop\powerlinetransceiver\ADC\ADC.c"
  31  0002  0F6B        	mov a,107
  31  0003  00B0        	mov [48],a
  32  0004              #line 32 "c:\users\tech\desktop\powerlinetransceiver\ADC\ADC.c"
  32  0004  362F        	clr [47].4
  33  0005              #line 33 "c:\users\tech\desktop\powerlinetransceiver\ADC\ADC.c"
  33  0005  3549        	clr [73].2
  33  0006  0003        	ret
  33  0007              _ADCInit endp
  33  0007              #line 33 "c:\users\tech\desktop\powerlinetransceiver\ADC\ADC.c"
  33  0007              #pragma debug scope 1 1
  33  0007              ___sadoh equ [46]
  33  0007              ___sadol equ [45]
  33  0007              public _ReadADC
  33  0007              #pragma debug scope 3 1
  46  0007              #line 46 "c:\users\tech\desktop\powerlinetransceiver\ADC\ADC.c"
  46  0000              _ReadADC .section 'code'
  46  0000              _ReadADC proc
  46  0000  00              local _ReadADC_2 db 1 dup(?)	; 0,1
  46  0000  0080     E  	mov ra,a
  46  0001  0080     R  	mov _ReadADC_2[0],a
  46  0002              #pragma debug variable 8 3 _ReadADC_2+0 "channel"
  49  0002              #line 49 "c:\users\tech\desktop\powerlinetransceiver\ADC\ADC.c"
  49  0002  0700     E  	mov a,ra
  49  0003  0A00        	sub a,0
  49  0004  3D0A        	sz z
  49  0005  2800     R  	jmp _L4
  49  0006  0A01        	sub a,(1)-(0)
  49  0007  3D0A        	sz z
  49  0008  2800     R  	jmp _L5
  49  0009              #line 49 "c:\users\tech\desktop\powerlinetransceiver\ADC\ADC.c"
  49  0009  0700     E  	mov a,ra
  49  000A  0A02        	sub a,2
  49  000B  3D0A        	sz z
  49  000C  2800     R  	jmp _L6
  49  000D  0A01        	sub a,(3)-(2)
  49  000E  3D0A        	sz z
  49  000F  2800     R  	jmp _L7
  49  0010  0700     E  	mov a,ra
"File: ADC.c         Assembler  Version HGASM0202      Page 3

  49  0011  0A04        	sub a,4
  49  0012  3D0A        	sz z
  49  0013  2800     R  	jmp _L8
  49  0014  0A01        	sub a,(5)-(4)
  49  0015  3D0A        	sz z
  49  0016  2800     R  	jmp _L9
  49  0017  0700     E  	mov a,ra
  49  0018  0A06        	sub a,6
  49  0019  3D0A        	sz z
  49  001A  2800     R  	jmp _L10
  49  001B  0700     E  	mov a,ra
  49  001C  0A07        	sub a,7
  49  001D  390A        	snz z
  49  001E  2800     R  	jmp _L17
  88  001F              #line 88 "c:\users\tech\desktop\powerlinetransceiver\ADC\ADC.c"
  88  001F  0F83        	mov a,131
  88  0020  00B0        	mov [48],a
  88  0021  2800     R  	jmp _L18
  88  0022              _L4:
  53  0022              #line 53 "c:\users\tech\desktop\powerlinetransceiver\ADC\ADC.c"
  53  0022  0F03        	mov a,3
  53  0023  00B0        	mov [48],a
  53  0024  1F2F        	clr [47]
  54  0025              #line 54 "c:\users\tech\desktop\powerlinetransceiver\ADC\ADC.c"
  54  0025  2800     R  	jmp _L12
  54  0026              _L5:
  58  0026              #line 58 "c:\users\tech\desktop\powerlinetransceiver\ADC\ADC.c"
  58  0026  0F08        	mov a,8
  58  0027  00B0        	mov [48],a
  58  0028  0F01        	mov a,1
  58  0029  00AF        	mov [47],a
  59  002A              #line 59 "c:\users\tech\desktop\powerlinetransceiver\ADC\ADC.c"
  59  002A  2800     R  	jmp _L12
  59  002B              _L6:
  63  002B              #line 63 "c:\users\tech\desktop\powerlinetransceiver\ADC\ADC.c"
  63  002B  0F03        	mov a,3
  63  002C  00B0        	mov [48],a
  63  002D  0F02        	mov a,2
  63  002E  00AF        	mov [47],a
  64  002F              #line 64 "c:\users\tech\desktop\powerlinetransceiver\ADC\ADC.c"
  64  002F  2800     R  	jmp _L12
  64  0030              _L7:
  68  0030              #line 68 "c:\users\tech\desktop\powerlinetransceiver\ADC\ADC.c"
  68  0030  0F03        	mov a,3
  68  0031  00B0        	mov [48],a
  68  0032  0F03        	mov a,3
  68  0033  00AF        	mov [47],a
  69  0034              #line 69 "c:\users\tech\desktop\powerlinetransceiver\ADC\ADC.c"
  69  0034  2800     R  	jmp _L12
  69  0035              _L8:
  73  0035              #line 73 "c:\users\tech\desktop\powerlinetransceiver\ADC\ADC.c"
  73  0035  0F2B        	mov a,43
  73  0036  00B0        	mov [48],a
  73  0037  0F17        	mov a,23
  73  0038  00AF        	mov [47],a
  74  0039              #line 74 "c:\users\tech\desktop\powerlinetransceiver\ADC\ADC.c"
  74  0039  2800     R  	jmp _L12
  74  003A              _L9:
  78  003A              #line 78 "c:\users\tech\desktop\powerlinetransceiver\ADC\ADC.c"
  78  003A  0F43        	mov a,67
"File: ADC.c         Assembler  Version HGASM0202      Page 4

  78  003B  00B0        	mov [48],a
  78  003C  2800     R  	jmp _L18
  78  003D              _L10:
  83  003D              #line 83 "c:\users\tech\desktop\powerlinetransceiver\ADC\ADC.c"
  83  003D  0F6B        	mov a,107
  83  003E  00B0        	mov [48],a
  83  003F              _L18:
  88  003F              #line 88 "c:\users\tech\desktop\powerlinetransceiver\ADC\ADC.c"
  88  003F  0F07        	mov a,7
  88  0040  00AF        	mov [47],a
  88  0041              _L12:
  97  0041              #line 97 "c:\users\tech\desktop\powerlinetransceiver\ADC\ADC.c"
  97  0041  32AF        	set [47].5
  98  0042              #line 98 "c:\users\tech\desktop\powerlinetransceiver\ADC\ADC.c"
  98  0042              ;# 98 "c:\users\tech\desktop\powerlinetransceiver\ADC\ADC.c" 1
  98  0042              	IF 12>263690
  98  0042              ;# 98 "c:\users\tech\desktop\powerlinetransceiver\ADC\ADC.c" 1
  98  0042              	ERRMESSAGE 'the value 12of the argument exceeds the maxinum 263690'
  98  0042              	ENDIF
  98  0042              ;# 98 "c:\users\tech\desktop\powerlinetransceiver\ADC\ADC.c" 1
  98  0042              	IF 12<0
  98  0042              ;# 98 "c:\users\tech\desktop\powerlinetransceiver\ADC\ADC.c" 1
  98  0042              	ERRMESSAGE 'the value 12 of the argument exceeds the mininum 0'
  98  0042              	ENDIF
  98  0042              ;# 98 "c:\users\tech\desktop\powerlinetransceiver\ADC\ADC.c" 1
  98  0042              	IF 12==0
  98  0042              ;# 98 "c:\users\tech\desktop\powerlinetransceiver\ADC\ADC.c" 1
  98  0042              	JMP $
  98  0042              	ENDIF
  98  0042              ;# 98 "c:\users\tech\desktop\powerlinetransceiver\ADC\ADC.c" 1
  98  0042              	IF 12==1
  98  0042              ;# 98 "c:\users\tech\desktop\powerlinetransceiver\ADC\ADC.c" 1
  98  0042              	NOP
  98  0042              	ENDIF
  98  0042              ;# 98 "c:\users\tech\desktop\powerlinetransceiver\ADC\ADC.c" 1
  98  0042              	IF 12==2
  98  0042              ;# 98 "c:\users\tech\desktop\powerlinetransceiver\ADC\ADC.c" 1
  98  0042              	NOP
  98  0042              ;# 98 "c:\users\tech\desktop\powerlinetransceiver\ADC\ADC.c" 1
  98  0042              	NOP
  98  0042              	ENDIF
  98  0042              ;# 98 "c:\users\tech\desktop\powerlinetransceiver\ADC\ADC.c" 1
  98  0042              	IF 12==3
  98  0042              ;# 98 "c:\users\tech\desktop\powerlinetransceiver\ADC\ADC.c" 1
  98  0042              	NOP
  98  0042              ;# 98 "c:\users\tech\desktop\powerlinetransceiver\ADC\ADC.c" 1
  98  0042              	NOP
  98  0042              ;# 98 "c:\users\tech\desktop\powerlinetransceiver\ADC\ADC.c" 1
  98  0042              	NOP
  98  0042              	ENDIF
  98  0042              ;# 98 "c:\users\tech\desktop\powerlinetransceiver\ADC\ADC.c" 1
  98  0042              	IF (12<8) AND (12>3)
  98  0042              ;# 98 "c:\users\tech\desktop\powerlinetransceiver\ADC\ADC.c" 1
  98  0042              	CALL __DELAY3 + 7 -12
  98  0042              	ENDIF
  98  0042              ;# 98 "c:\users\tech\desktop\powerlinetransceiver\ADC\ADC.c" 1
  98  0042              	IF (12< 0404h) AND (12>7)
  98  0042              ;# 98 "c:\users\tech\desktop\powerlinetransceiver\ADC\ADC.c" 1
  98  0042  0F02        	MOV A,12/4-1
  98  0043              ;# 98 "c:\users\tech\desktop\powerlinetransceiver\ADC\ADC.c" 1
"File: ADC.c         Assembler  Version HGASM0202      Page 5

  98  0043  2000     E  	CALL __DELAYX3 + 3 -(12 MOD 4)
  98  0044              	ENDIF
  98  0044              ;# 98 "c:\users\tech\desktop\powerlinetransceiver\ADC\ADC.c" 1
  98  0044              	IF (12< 0x40B) AND (12> 0403h)
  98  0044              ;# 98 "c:\users\tech\desktop\powerlinetransceiver\ADC\ADC.c" 1
  98  0044              	MOV A,0 
  98  0044              ;# 98 "c:\users\tech\desktop\powerlinetransceiver\ADC\ADC.c" 1
  98  0044              	CALL __DELAYX6 + 0x40a -12
  98  0044              	ENDIF
  98  0044              ;# 98 "c:\users\tech\desktop\powerlinetransceiver\ADC\ADC.c" 1
  98  0044              	IF (12 >= 0x40b) AND ((((12-9)%0402h)/4+1)>256)
  98  0044              ;# 98 "c:\users\tech\desktop\powerlinetransceiver\ADC\ADC.c" 1
  98  0044              	MOV A,(12-9)/0402h
  98  0044              ;# 98 "c:\users\tech\desktop\powerlinetransceiver\ADC\ADC.c" 1
  98  0044              	MOV _builtin_holtek_delay_2,A
  98  0044              ;# 98 "c:\users\tech\desktop\powerlinetransceiver\ADC\ADC.c" 1
  98  0044              	MOV A,0
  98  0044              ;# 98 "c:\users\tech\desktop\powerlinetransceiver\ADC\ADC.c" 1
  98  0044              	CALL __DELAYY5 +5- (((12-9)%0402h)%6)
  98  0044              	ENDIF
  98  0044              ;# 98 "c:\users\tech\desktop\powerlinetransceiver\ADC\ADC.c" 1
  98  0044              	IF (12 >= 0x40b) AND ((((12-9)%0402h)/4+1)<=256)
  98  0044              ;# 98 "c:\users\tech\desktop\powerlinetransceiver\ADC\ADC.c" 1
  98  0044              	MOV A,(12-9)/0402h
  98  0044              ;# 98 "c:\users\tech\desktop\powerlinetransceiver\ADC\ADC.c" 1
  98  0044              	MOV _builtin_holtek_delay_2,A
  98  0044              ;# 98 "c:\users\tech\desktop\powerlinetransceiver\ADC\ADC.c" 1
  98  0044              	MOV A,((12-9)%0402h)/4+1
  98  0044              ;# 98 "c:\users\tech\desktop\powerlinetransceiver\ADC\ADC.c" 1
  98  0044              	CALL __DELAYY3 +3-(((12-9)%0402h)%4)
  98  0044              	ENDIF
  99  0044              #line 99 "c:\users\tech\desktop\powerlinetransceiver\ADC\ADC.c"
  99  0044  37AF        	clr [47].7
 100  0045              #line 100 "c:\users\tech\desktop\powerlinetransceiver\ADC\ADC.c"
 100  0045  33AF        	set [47].7
 101  0046              #line 101 "c:\users\tech\desktop\powerlinetransceiver\ADC\ADC.c"
 101  0046  37AF        	clr [47].7
 101  0047              _L14:
 104  0047              #line 104 "c:\users\tech\desktop\powerlinetransceiver\ADC\ADC.c"
 104  0047  3F2F        	sz [47].6
 104  0048  2800     R  	jmp _L14
 107  0049              #line 107 "c:\users\tech\desktop\powerlinetransceiver\ADC\ADC.c"
 107  0049  36AF        	clr [47].5
 110  004A              #line 110 "c:\users\tech\desktop\powerlinetransceiver\ADC\ADC.c"
 110  004A  3E2F        	sz [47].4
 110  004B  2800     R  	jmp _L15
 112  004C              #line 112 "c:\users\tech\desktop\powerlinetransceiver\ADC\ADC.c"
 112  004C  072E        	mov a,[46]
 112  004D  0080     E  	mov rc,a
 112  004E  2800     R  	jmp _L19
 112  004F              _L15:
 115  004F              #line 115 "c:\users\tech\desktop\powerlinetransceiver\ADC\ADC.c"
 115  004F  072E        	mov a,[46]
 115  0050  0E0F        	and a,15
 115  0051  0080     E  	mov rc,a
 115  0052              _L19:
 115  0052  1F00     E  	clr rb
 115  0053  0700     E  	mov a,rc
 115  0054  0080     E  	mov re,a
 115  0055  072D        	mov a,[45]
"File: ADC.c         Assembler  Version HGASM0202      Page 6

 115  0056  0500     E  	or a,rb
 115  0057  0080     E  	mov rd,a
 115  0058  0700     E  	mov a,rd
 115  0059  0080     E  	mov ra,a
 115  005A  0700     E  	mov a,re
 115  005B  0080     E  	mov rb,a
 115  005C  2800     R  	jmp _L3
 115  005D              _L17:
  92  005D              #line 92 "c:\users\tech\desktop\powerlinetransceiver\ADC\ADC.c"
  92  005D  1F00     E  	clr ra
  92  005E  1F00     E  	clr rb
  92  005F              _L3:
  92  005F  0003        	ret
  92  0060              _ReadADC endp
  92  0060              #line 92 "c:\users\tech\desktop\powerlinetransceiver\ADC\ADC.c"
  92  0060              #pragma debug scope 1 1
  92  0060              #pragma debug variable 8 1 ___sadol "__sadol" 1
  92  0060              #pragma debug variable 8 1 ___sadoh "__sadoh" 1
  92  0060              #pragma debug struct_end
  92  0060              #pragma debug struct_end
  92  0060              #pragma debug union_end
  92  0060              #pragma debug union_end
  92  0060              #pragma debug variable 43 1 ___sadc0 "__sadc0" 1
  92  0060              #pragma debug struct_end
  92  0060              #pragma debug struct_end
  92  0060              #pragma debug union_end
  92  0060              #pragma debug union_end
  92  0060              #pragma debug variable 45 1 ___sadc1 "__sadc1" 1
  92  0060              #pragma debug struct_end
  92  0060              #pragma debug struct_end
  92  0060              #pragma debug union_end
  92  0060              #pragma debug union_end
  92  0060              #pragma debug variable 47 1 ___intc1 "__intc1" 1
  92  0060              
  92  0060              ; 
  92  0060              ; Generated by holtek-gcc v3.19, Mon Sep 09 16:22:46 2024
  92  0060              ; Rebuild 718
  92  0060              ; end of file


        0 Errors, 0