"File: GPIO.c        Assembler  Version HGASM0202      Page 1


   1  0000              ; Generated by holtek-gcc v3.19, Sat Sep 07 12:16:12 2024
   2  0000              ; 
   3  0000              ; Configuration:
   4  0000              ;       with long instruction
   5  0000              ;       Single ROM, Multi-RAM
   6  0000              ;       bits_per_rom_unit:16
   7  0000              ;       with mp1
   8  0000              ;       with tbhp, address(0x9)
   9  0000              ;          Use tabrd-const
  10  0000              ;       
  11  0000              ; SFR address of long-instruction arch:
  12  0000              ;    mp0 = -1,1,0
  13  0000              ;    mp1 = 4,3,2
  14  0000              ;    mp2 = 14,13,12
  15  0000              ;    tbp = 9,7,8
  16  0000              ;    acc = 5
  17  0000              ;    pcl = 6
  18  0000              ;    status = 10
  19  0000              ;    bp = 11
  20  0000              ;    intc = 72
  21  0000              ;       
  22  0000              ;       
  23  0000              ; use 'tabrdc' instead of 'tabrd'
  24  0000              ;       
  25  0000              
  26  0000              #pragma translator "holtek-gcc 4.6.4" "3.19" "build 20130711"
  27  0000              ; Rebuild 718
  28  0000              
  29  0000              ir equ [2]
  30  0000              mp equ [3]
  31  0000              sbp equ [4]
  32  0000              acc equ [5]
  33  0000              bp equ [11]
  34  0000              tblp equ [7]
  35  0000              tbhp equ [9]
  36  0000              status equ [10]
  37  0000              c equ [10].0
  38  0000              ac equ [10].1
  39  0000              z equ [10].2
  40  0000              ov equ [10].3
  41  0000              cz equ [10].6
  42  0000              sc equ [10].7
  43  0000              intc equ [72]
  44  0000              
  45  0000              extern ra:byte
  46  0000              extern rb:byte
  47  0000              extern rc:byte
  48  0000              extern rd:byte
  49  0000              extern re:byte
  50  0000              extern rf:byte
  51  0000              extern rg:byte
  52  0000              extern rh:byte
  53  0000              extern _Crom2Prom:near
  54  0000              extern _Crom2PromNext:near
  55  0000              
  56  0000              RAMBANK 0 @BITDATASEC, @BITDATASEC1
  57  0000              @HCCINIT	.section 'data'
  58  0000              @HCCINIT0	.section 'data'
  59  0000              @BITDATASEC	 .section 'data'
"File: GPIO.ASM      Assembler  Version HGASM0202      Page 2

  60  0000              @BITDATASEC1	 .section 'data'
  61  0000              
  62  0000              #pragma debug scope 1 1
  63  0000              	extern __DELAY3:near
  64  0000              	extern __DELAYX3:near
  65  0000              	extern __DELAYX6:near
  66  0000              	extern __DELAYY5:near
  67  0000              	extern __DELAYY3:near
  68  0000              	extern _builtin_holtek_delay_2:byte
  69  0000              ___pa equ [20]
  70  0000              ___pac equ [21]
  71  0000              ___papu equ [22]
  72  0000              ___pawu equ [23]
  73  0000              ___pas0 equ [76]
  74  0000              ___pas1 equ [77]
  75  0000              ___pbc equ [25]
  76  0000              ___pbpu equ [26]
  77  0000              ___pbs0 equ [78]
  78  0000              ___pbs1 equ [79]
  79  0000              ___ifs0 equ [80]
  80  0000              public _S_GPIO_Init
  81  0000              #pragma debug scope 2 1

  31  0000              #line 31 "c:\users\tech\desktop\powerlinetransceiver\GPIO\GPIO.c"
  31  0000              _S_GPIO_Init .section 'code'
  31  0000              _S_GPIO_Init proc
  32  0000              #line 32 "c:\users\tech\desktop\powerlinetransceiver\GPIO\GPIO.c"
  32  0000  1F14        	clr [20]
  33  0001              #line 33 "c:\users\tech\desktop\powerlinetransceiver\GPIO\GPIO.c"
  33  0001  0F11        	mov a,17
  33  0002  0095        	mov [21],a
  34  0003              #line 34 "c:\users\tech\desktop\powerlinetransceiver\GPIO\GPIO.c"
  34  0003  0F09        	mov a,9
  34  0004  0096        	mov [22],a
  35  0005              #line 35 "c:\users\tech\desktop\powerlinetransceiver\GPIO\GPIO.c"
  35  0005  0F09        	mov a,9
  35  0006  0097        	mov [23],a
  36  0007              #line 36 "c:\users\tech\desktop\powerlinetransceiver\GPIO\GPIO.c"
  36  0007  1F4C        	clr [76]
  37  0008              #line 37 "c:\users\tech\desktop\powerlinetransceiver\GPIO\GPIO.c"
  37  0008  0F92        	mov a,146
  37  0009  00CD        	mov [77],a
  40  000A              #line 40 "c:\users\tech\desktop\powerlinetransceiver\GPIO\GPIO.c"
  40  000A  0F04        	mov a,4
  40  000B  0099        	mov [25],a
  41  000C              #line 41 "c:\users\tech\desktop\powerlinetransceiver\GPIO\GPIO.c"
  41  000C  0F04        	mov a,4
  41  000D  009A        	mov [26],a
  42  000E              #line 42 "c:\users\tech\desktop\powerlinetransceiver\GPIO\GPIO.c"
  42  000E  0F40        	mov a,64
  42  000F  00CE        	mov [78],a
  43  0010              #line 43 "c:\users\tech\desktop\powerlinetransceiver\GPIO\GPIO.c"
  43  0010  1F4F        	clr [79]
  48  0011              #line 48 "c:\users\tech\desktop\powerlinetransceiver\GPIO\GPIO.c"
  48  0011  3315        	set [21].6
  49  0012              #line 49 "c:\users\tech\desktop\powerlinetransceiver\GPIO\GPIO.c"
  49  0012  32CD        	set [77].5
  49  0013  364D        	clr [77].4
  57  0014              #line 57 "c:\users\tech\desktop\powerlinetransceiver\GPIO\GPIO.c"
  57  0014  35CE        	clr [78].3
"File: GPIO.c        Assembler  Version HGASM0202      Page 3

  57  0015  314E        	set [78].2
  70  0016              #line 70 "c:\users\tech\desktop\powerlinetransceiver\GPIO\GPIO.c"
  70  0016  1F50        	clr [80]
  71  0017              #line 71 "c:\users\tech\desktop\powerlinetransceiver\GPIO\GPIO.c"
  71  0017  34D0        	clr [80].1
  71  0018  3050        	set [80].0
  76  0019              #line 76 "c:\users\tech\desktop\powerlinetransceiver\GPIO\GPIO.c"
  76  0019  334C        	set [76].6
  77  001A              #line 77 "c:\users\tech\desktop\powerlinetransceiver\GPIO\GPIO.c"
  77  001A  37CC        	clr [76].7
  83  001B              #line 83 "c:\users\tech\desktop\powerlinetransceiver\GPIO\GPIO.c"
  83  001B  334C        	set [76].6
  84  001C              #line 84 "c:\users\tech\desktop\powerlinetransceiver\GPIO\GPIO.c"
  84  001C  37CC        	clr [76].7
  88  001D              #line 88 "c:\users\tech\desktop\powerlinetransceiver\GPIO\GPIO.c"
  88  001D  36CE        	clr [78].5
  88  001E  324E        	set [78].4
  88  001F  0003        	ret
  88  0020              _S_GPIO_Init endp
  88  0020              #line 88 "c:\users\tech\desktop\powerlinetransceiver\GPIO\GPIO.c"
  88  0020              #pragma debug scope 1 1
  88  0020              #pragma debug struct_end
  88  0020              #pragma debug struct_end
  88  0020              #pragma debug union_end
  88  0020              #pragma debug union_end
  88  0020              #pragma debug variable 43 1 ___pa "__pa" 1
  88  0020              #pragma debug struct_end
  88  0020              #pragma debug struct_end
  88  0020              #pragma debug union_end
  88  0020              #pragma debug union_end
  88  0020              #pragma debug variable 45 1 ___pac "__pac" 1
  88  0020              #pragma debug struct_end
  88  0020              #pragma debug struct_end
  88  0020              #pragma debug union_end
  88  0020              #pragma debug union_end
  88  0020              #pragma debug variable 47 1 ___papu "__papu" 1
  88  0020              #pragma debug struct_end
  88  0020              #pragma debug struct_end
  88  0020              #pragma debug union_end
  88  0020              #pragma debug union_end
  88  0020              #pragma debug variable 49 1 ___pawu "__pawu" 1
  88  0020              #pragma debug struct_end
  88  0020              #pragma debug struct_end
  88  0020              #pragma debug union_end
  88  0020              #pragma debug union_end
  88  0020              #pragma debug variable 51 1 ___pbc "__pbc" 1
  88  0020              #pragma debug struct_end
  88  0020              #pragma debug struct_end
  88  0020              #pragma debug union_end
  88  0020              #pragma debug union_end
  88  0020              #pragma debug variable 53 1 ___pbpu "__pbpu" 1
  88  0020              #pragma debug struct_end
  88  0020              #pragma debug struct_end
  88  0020              #pragma debug union_end
  88  0020              #pragma debug union_end
  88  0020              #pragma debug variable 55 1 ___pas0 "__pas0" 1
  88  0020              #pragma debug struct_end
  88  0020              #pragma debug struct_end
  88  0020              #pragma debug union_end
  88  0020              #pragma debug union_end
"File: GPIO.c        Assembler  Version HGASM0202      Page 4

  88  0020              #pragma debug variable 57 1 ___pas1 "__pas1" 1
  88  0020              #pragma debug struct_end
  88  0020              #pragma debug struct_end
  88  0020              #pragma debug union_end
  88  0020              #pragma debug union_end
  88  0020              #pragma debug variable 59 1 ___pbs0 "__pbs0" 1
  88  0020              #pragma debug struct_end
  88  0020              #pragma debug struct_end
  88  0020              #pragma debug union_end
  88  0020              #pragma debug union_end
  88  0020              #pragma debug variable 61 1 ___pbs1 "__pbs1" 1
  88  0020              #pragma debug struct_end
  88  0020              #pragma debug struct_end
  88  0020              #pragma debug union_end
  88  0020              #pragma debug union_end
  88  0020              #pragma debug variable 63 1 ___ifs0 "__ifs0" 1
  88  0020              
  88  0020              ; 
  88  0020              ; Generated by holtek-gcc v3.19, Sat Sep 07 12:16:12 2024
  88  0020              ; Rebuild 718
  88  0020              ; end of file


        0 Errors, 0