"File: HT8_TimeBase.c  Assembler  Version HGASM0202      Page 1


   1  0000              ; Generated by holtek-gcc v3.19, Sun Jun 23 17:58:31 2024
   2  0000              ; 
   3  0000              ; Configuration:
   4  0000              ;       with long instruction
   5  0000              ;       Single ROM, Multi-RAM
   6  0000              ;       bits_per_rom_unit:16
   7  0000              ;       with mp1
   8  0000              ;       with tbhp, address(0x9)
   9  0000              ;          Use tabrd-const
  10  0000              ;       
  11  0000              ; SFR address of long-instruction arch:
  12  0000              ;    mp0 = -1,1,0
  13  0000              ;    mp1 = 4,3,2
  14  0000              ;    mp2 = 14,13,12
  15  0000              ;    tbp = 9,7,8
  16  0000              ;    acc = 5
  17  0000              ;    pcl = 6
  18  0000              ;    status = 10
  19  0000              ;    bp = 11
  20  0000              ;    intc = 72
  21  0000              ;       
  22  0000              ;       
  23  0000              ; use 'tabrdc' instead of 'tabrd'
  24  0000              ;       
  25  0000              
  26  0000              #pragma translator "holtek-gcc 4.6.4" "3.19" "build 20130711"
  27  0000              ; Rebuild 718
  28  0000              
  29  0000              ir equ [2]
  30  0000              mp equ [3]
  31  0000              sbp equ [4]
  32  0000              acc equ [5]
  33  0000              bp equ [11]
  34  0000              tblp equ [7]
  35  0000              tbhp equ [9]
  36  0000              status equ [10]
  37  0000              c equ [10].0
  38  0000              ac equ [10].1
  39  0000              z equ [10].2
  40  0000              ov equ [10].3
  41  0000              cz equ [10].6
  42  0000              sc equ [10].7
  43  0000              intc equ [72]
  44  0000              
  45  0000              extern ra:byte
  46  0000              extern rb:byte
  47  0000              extern rc:byte
  48  0000              extern rd:byte
  49  0000              extern re:byte
  50  0000              extern rf:byte
  51  0000              extern rg:byte
  52  0000              extern rh:byte
  53  0000              extern _Crom2Prom:near
  54  0000              extern _Crom2PromNext:near
  55  0000              
  56  0000              RAMBANK 0 @BITDATASEC, @BITDATASEC1
  57  0000              @HCCINIT	.section 'data'
  58  0000              @HCCINIT0	.section 'data'
  59  0000              @BITDATASEC	 .section 'data'
"File: HT8_TimeBase.ASM  Assembler  Version HGASM0202      Page 2

  60  0000              @BITDATASEC1	 .section 'data'
  61  0000              
  62  0000              #pragma debug scope 1 1
  63  0000              	extern __DELAY3:near
  64  0000              	extern __DELAYX3:near
  65  0000              	extern __DELAYX6:near
  66  0000              	extern __DELAYY5:near
  67  0000              	extern __DELAYY3:near
  68  0000              	extern _builtin_holtek_delay_2:byte
  69  0000              ___tb0c equ [16]
  70  0000              ___tb1c equ [17]
  71  0000              ___intc3 equ [75]
  72  0000              ___intc0 equ [72]
  73  0000              public _TimeBase_Init
  74  0000              #pragma debug scope 2 1

  39  0000              #line 39 "C:\Users\Tech\Desktop\PowerLineTransceiver\src\HT8_TimeBase.c"
  39  0000              _TimeBase_Init .section 'code'
  39  0000              _TimeBase_Init proc
  71  0000              #line 71 "C:\Users\Tech\Desktop\PowerLineTransceiver\src\HT8_TimeBase.c"
  71  0000  3510        	clr [16].2
  71  0001  3090        	set [16].1
  71  0002  3410        	clr [16].0
 106  0003              #line 106 "C:\Users\Tech\Desktop\PowerLineTransceiver\src\HT8_TimeBase.c"
 106  0003  3491        	clr [17].1
 106  0004  3411        	clr [17].0
 125  0005              #line 125 "C:\Users\Tech\Desktop\PowerLineTransceiver\src\HT8_TimeBase.c"
 125  0005  304B        	set [75].0
 126  0006              #line 126 "C:\Users\Tech\Desktop\PowerLineTransceiver\src\HT8_TimeBase.c"
 126  0006  3048        	set [72].0
 128  0007              #line 128 "C:\Users\Tech\Desktop\PowerLineTransceiver\src\HT8_TimeBase.c"
 128  0007  324B        	set [75].4
 129  0008              #line 129 "C:\Users\Tech\Desktop\PowerLineTransceiver\src\HT8_TimeBase.c"
 129  0008  32CB        	set [75].5
 130  0009              #line 130 "C:\Users\Tech\Desktop\PowerLineTransceiver\src\HT8_TimeBase.c"
 130  0009  3790        	clr [16].7
 130  000A  0003        	ret
 130  000B              _TimeBase_Init endp
 130  000B              #line 130 "C:\Users\Tech\Desktop\PowerLineTransceiver\src\HT8_TimeBase.c"
 130  000B              #pragma debug scope 1 1
 130  000B              #pragma debug struct_end
 130  000B              #pragma debug struct_end
 130  000B              #pragma debug union_end
 130  000B              #pragma debug union_end
 130  000B              #pragma debug variable 43 1 ___tb0c "__tb0c" 1
 130  000B              #pragma debug struct_end
 130  000B              #pragma debug struct_end
 130  000B              #pragma debug union_end
 130  000B              #pragma debug union_end
 130  000B              #pragma debug variable 45 1 ___tb1c "__tb1c" 1
 130  000B              #pragma debug struct_end
 130  000B              #pragma debug struct_end
 130  000B              #pragma debug union_end
 130  000B              #pragma debug union_end
 130  000B              #pragma debug variable 47 1 ___intc0 "__intc0" 1
 130  000B              #pragma debug struct_end
 130  000B              #pragma debug struct_end
 130  000B              #pragma debug union_end
 130  000B              #pragma debug union_end
 130  000B              #pragma debug variable 49 1 ___intc3 "__intc3" 1
"File: HT8_TimeBase.c  Assembler  Version HGASM0202      Page 3

 130  000B              
 130  000B              ; 
 130  000B              ; Generated by holtek-gcc v3.19, Sun Jun 23 17:58:31 2024
 130  000B              ; Rebuild 718
 130  000B              ; end of file


        0 Errors, 0