"File: HT8_it.c      Assembler  Version HGASM0202      Page 1


   1  0000              ; Generated by holtek-gcc v3.19, Sun Jun 23 14:36:00 2024
   2  0000              ; 
   3  0000              ; Configuration:
   4  0000              ;       with long instruction
   5  0000              ;       Single ROM, Multi-RAM
   6  0000              ;       bits_per_rom_unit:16
   7  0000              ;       with mp1
   8  0000              ;       with tbhp, address(0x9)
   9  0000              ;          Use tabrd-const
  10  0000              ;       
  11  0000              ; SFR address of long-instruction arch:
  12  0000              ;    mp0 = -1,1,0
  13  0000              ;    mp1 = 4,3,2
  14  0000              ;    mp2 = 14,13,12
  15  0000              ;    tbp = 9,7,8
  16  0000              ;    acc = 5
  17  0000              ;    pcl = 6
  18  0000              ;    status = 10
  19  0000              ;    bp = 11
  20  0000              ;    intc = 72
  21  0000              ;       
  22  0000              ;       
  23  0000              ; use 'tabrdc' instead of 'tabrd'
  24  0000              ;       
  25  0000              
  26  0000              #pragma translator "holtek-gcc 4.6.4" "3.19" "build 20130711"
  27  0000              ; Rebuild 718
  28  0000              
  29  0000              ir equ [2]
  30  0000              mp equ [3]
  31  0000              sbp equ [4]
  32  0000              acc equ [5]
  33  0000              bp equ [11]
  34  0000              tblp equ [7]
  35  0000              tbhp equ [9]
  36  0000              status equ [10]
  37  0000              c equ [10].0
  38  0000              ac equ [10].1
  39  0000              z equ [10].2
  40  0000              ov equ [10].3
  41  0000              cz equ [10].6
  42  0000              sc equ [10].7
  43  0000              intc equ [72]
  44  0000              
  45  0000              extern ra:byte
  46  0000              extern rb:byte
  47  0000              extern rc:byte
  48  0000              extern rd:byte
  49  0000              extern re:byte
  50  0000              extern rf:byte
  51  0000              extern rg:byte
  52  0000              extern rh:byte
  53  0000              extern _Crom2Prom:near
  54  0000              extern _Crom2PromNext:near
  55  0000              
  56  0000              RAMBANK 0 @BITDATASEC, @BITDATASEC1
  57  0000              @HCCINIT	.section 'data'
  58  0000              @HCCINIT0	.section 'data'
  59  0000              @BITDATASEC	 .section 'data'
"File: HT8_it.ASM    Assembler  Version HGASM0202      Page 2

  60  0000              @BITDATASEC1	 .section 'data'
  61  0000              
  62  0000              #pragma debug scope 1 1
  63  0000              	extern __DELAY3:near
  64  0000              	extern __DELAYX3:near
  65  0000              	extern __DELAYX6:near
  66  0000              	extern __DELAYY5:near
  67  0000              	extern __DELAYY3:near
  68  0000              	extern _builtin_holtek_delay_2:byte
  69  0000              public _INT_ISR
  70  0000              #pragma debug scope 2 1

  43  0000              #line 43 "C:\Users\Tech\Desktop\PowerLineTransceiver\TIMER\HT8_it.c"
  43  0000              _INT_ISR .section 'code'
  43  0000              _INT_ISR proc
  43  0000  0003        	ret
  43  0001              _INT_ISR endp
  43  0001              #line 43 "C:\Users\Tech\Desktop\PowerLineTransceiver\TIMER\HT8_it.c"
  43  0001              #pragma debug scope 1 1
  43  0001              ___pa equ [20]
  43  0001              public _TB0_ISR
  43  0001              #pragma debug scope 3 1
  57  0001              #line 57 "C:\Users\Tech\Desktop\PowerLineTransceiver\TIMER\HT8_it.c"
  57  0000              _TB0_ISR .section 'code'
  57  0000              _TB0_ISR proc
  58  0000              #line 58 "C:\Users\Tech\Desktop\PowerLineTransceiver\TIMER\HT8_it.c"
  58  0000              ;# 58 "C:\Users\Tech\Desktop\PowerLineTransceiver\TIMER\HT8_it.c" 1
  58  0000  0000        	nop
  59  0001              #line 59 "C:\Users\Tech\Desktop\PowerLineTransceiver\TIMER\HT8_it.c"
  59  0001  1814        	rla [20]
  59  0002  0E01        	and a,1
  59  0003  0080     E  	mov ra,a
  59  0004  0F01        	mov a,1
  59  0005  0480     E  	xorm a,ra
  59  0006  1B80     E  	rrc ra
  59  0007  1F00     E  	clr ra
  59  0008  1B80     E  	rrc ra
  59  0009  3794        	clr [20].7
  59  000A  0700     E  	mov a,ra
  59  000B  0594        	orm a,[20]
  59  000C  0003        	ret
  59  000D              _TB0_ISR endp
  59  000D              #line 59 "C:\Users\Tech\Desktop\PowerLineTransceiver\TIMER\HT8_it.c"
  59  000D              #pragma debug scope 1 1
  59  000D              public _TB1_ISR
  59  000D              #pragma debug scope 4 1
  72  000D              #line 72 "C:\Users\Tech\Desktop\PowerLineTransceiver\TIMER\HT8_it.c"
  72  0000              _TB1_ISR .section 'code'
  72  0000              _TB1_ISR proc
  72  0000  0003        	ret
  72  0001              _TB1_ISR endp
  72  0001              #line 72 "C:\Users\Tech\Desktop\PowerLineTransceiver\TIMER\HT8_it.c"
  72  0001              #pragma debug scope 1 1
  72  0001              public _Timer_ISR
  72  0001              #pragma debug scope 5 1
  86  0001              #line 86 "C:\Users\Tech\Desktop\PowerLineTransceiver\TIMER\HT8_it.c"
  86  0000              _Timer_ISR .section 'code'
  86  0000              _Timer_ISR proc
  86  0000  0003        	ret
  86  0001              _Timer_ISR endp
"File: HT8_it.c      Assembler  Version HGASM0202      Page 3

  86  0001              #line 86 "C:\Users\Tech\Desktop\PowerLineTransceiver\TIMER\HT8_it.c"
  86  0001              #pragma debug scope 1 1
  86  0001              public _EEPROM_ISR
  86  0001              #pragma debug scope 6 1
  99  0001              #line 99 "C:\Users\Tech\Desktop\PowerLineTransceiver\TIMER\HT8_it.c"
  99  0000              _EEPROM_ISR .section 'code'
  99  0000              _EEPROM_ISR proc
  99  0000  0003        	ret
  99  0001              _EEPROM_ISR endp
  99  0001              #line 99 "C:\Users\Tech\Desktop\PowerLineTransceiver\TIMER\HT8_it.c"
  99  0001              #pragma debug scope 1 1
  99  0001              public _ADC_ISR
  99  0001              #pragma debug scope 7 1
 112  0001              #line 112 "C:\Users\Tech\Desktop\PowerLineTransceiver\TIMER\HT8_it.c"
 112  0000              _ADC_ISR .section 'code'
 112  0000              _ADC_ISR proc
 112  0000  0003        	ret
 112  0001              _ADC_ISR endp
 112  0001              #line 112 "C:\Users\Tech\Desktop\PowerLineTransceiver\TIMER\HT8_it.c"
 112  0001              #pragma debug scope 1 1
 112  0001              #pragma debug struct_end
 112  0001              #pragma debug struct_end
 112  0001              #pragma debug union_end
 112  0001              #pragma debug union_end
 112  0001              #pragma debug variable 43 1 ___pa "__pa" 1
 112  0001              
 112  0001              ; 
 112  0001              ; Generated by holtek-gcc v3.19, Sun Jun 23 14:36:00 2024
 112  0001              ; Rebuild 718
 112  0001              ; end of file


        0 Errors, 0