"File: Interrupt.c   Assembler  Version HGASM0202      Page 1


   1  0000              ; Generated by holtek-gcc v3.19, Tue Jul 02 20:51:45 2024
   2  0000              ; 
   3  0000              ; Configuration:
   4  0000              ;       with long instruction
   5  0000              ;       Single ROM, Multi-RAM
   6  0000              ;       bits_per_rom_unit:16
   7  0000              ;       with mp1
   8  0000              ;       with tbhp, address(0x9)
   9  0000              ;          Use tabrd-const
  10  0000              ;       
  11  0000              ; SFR address of long-instruction arch:
  12  0000              ;    mp0 = -1,1,0
  13  0000              ;    mp1 = 4,3,2
  14  0000              ;    mp2 = 14,13,12
  15  0000              ;    tbp = 9,7,8
  16  0000              ;    acc = 5
  17  0000              ;    pcl = 6
  18  0000              ;    status = 10
  19  0000              ;    bp = 11
  20  0000              ;    intc = 72
  21  0000              ;       
  22  0000              ;       
  23  0000              ; use 'tabrdc' instead of 'tabrd'
  24  0000              ;       
  25  0000              
  26  0000              #pragma translator "holtek-gcc 4.6.4" "3.19" "build 20130711"
  27  0000              ; Rebuild 718
  28  0000              
  29  0000              ir equ [2]
  30  0000              mp equ [3]
  31  0000              sbp equ [4]
  32  0000              acc equ [5]
  33  0000              bp equ [11]
  34  0000              tblp equ [7]
  35  0000              tbhp equ [9]
  36  0000              status equ [10]
  37  0000              c equ [10].0
  38  0000              ac equ [10].1
  39  0000              z equ [10].2
  40  0000              ov equ [10].3
  41  0000              cz equ [10].6
  42  0000              sc equ [10].7
  43  0000              intc equ [72]
  44  0000              
  45  0000              extern ra:byte
  46  0000              extern rb:byte
  47  0000              extern rc:byte
  48  0000              extern rd:byte
  49  0000              extern re:byte
  50  0000              extern rf:byte
  51  0000              extern rg:byte
  52  0000              extern rh:byte
  53  0000              extern _Crom2Prom:near
  54  0000              extern _Crom2PromNext:near
  55  0000              
  56  0000              RAMBANK 0 @BITDATASEC, @BITDATASEC1
  57  0000              @HCCINIT	.section 'data'
  58  0000              @HCCINIT0	.section 'data'
  59  0000              @BITDATASEC	 .section 'data'
"File: Interrupt.ASM  Assembler  Version HGASM0202      Page 2

  60  0000              @BITDATASEC1	 .section 'data'
  61  0000              
  62  0000              #pragma debug scope 1 1
  63  0000              	extern __DELAY3:near
  64  0000              	extern __DELAYX3:near
  65  0000              	extern __DELAYX6:near
  66  0000              	extern __DELAYY5:near
  67  0000              	extern __DELAYY3:near
  68  0000              	extern _builtin_holtek_delay_2:byte
  69  0000              ___intc0 equ [72]
  70  0000              ___intc2 equ [74]
  71  0000              ___intc3 equ [75]
  72  0000              public _IntrruptInit
  73  0000              #pragma debug scope 2 1

   4  0000              #line 4 "c:\users\tech\desktop\powerlinetransceiver\Interrupt\Interrupt.c"
   4  0000              _IntrruptInit .section 'code'
   4  0000              _IntrruptInit proc
   5  0000              #line 5 "c:\users\tech\desktop\powerlinetransceiver\Interrupt\Interrupt.c"
   5  0000  3048        	set [72].0
  40  0001              #line 40 "c:\users\tech\desktop\powerlinetransceiver\Interrupt\Interrupt.c"
  40  0001  314A        	set [74].2
  44  0002              #line 44 "c:\users\tech\desktop\powerlinetransceiver\Interrupt\Interrupt.c"
  44  0002  31CA        	set [74].3
  48  0003              #line 48 "c:\users\tech\desktop\powerlinetransceiver\Interrupt\Interrupt.c"
  48  0003  304B        	set [75].0
  52  0004              #line 52 "c:\users\tech\desktop\powerlinetransceiver\Interrupt\Interrupt.c"
  52  0004  30CB        	set [75].1
  52  0005  0003        	ret
  52  0006              _IntrruptInit endp
  52  0006              #line 52 "c:\users\tech\desktop\powerlinetransceiver\Interrupt\Interrupt.c"
  52  0006              #pragma debug scope 1 1
  52  0006              public _EnableInterrupt
  52  0006              #pragma debug scope 3 1
  62  0006              #line 62 "c:\users\tech\desktop\powerlinetransceiver\Interrupt\Interrupt.c"
  62  0000              _EnableInterrupt .section 'code'
  62  0000              _EnableInterrupt proc
  62  0000  00              local _EnableInterrupt_2 db 1 dup(?)	; 0,1
  62  0000  0080     E  	mov ra,a
  62  0001  0080     R  	mov _EnableInterrupt_2[0],a
  62  0002              #pragma debug variable 7 3 _EnableInterrupt_2+0 "interrupt_type"
  63  0002              #line 63 "c:\users\tech\desktop\powerlinetransceiver\Interrupt\Interrupt.c"
  63  0002  0700     E  	mov a,ra
  63  0003  0A28        	sub a,40
  63  0004  3D0A        	sz z
  63  0005  2800     R  	jmp _L4
  63  0006  0A04        	sub a,(44)-(40)
  63  0007  3D0A        	sz z
  63  0008  2800     R  	jmp _L5
  63  0009              #line 63 "c:\users\tech\desktop\powerlinetransceiver\Interrupt\Interrupt.c"
  63  0009  0700     E  	mov a,ra
  63  000A  0A30        	sub a,48
  63  000B  3D0A        	sz z
  63  000C  2800     R  	jmp _L6
  63  000D  0700     E  	mov a,ra
  63  000E  0A34        	sub a,52
  63  000F  390A        	snz z
  63  0010  2800     R  	jmp _L2
 133  0011              #line 133 "c:\users\tech\desktop\powerlinetransceiver\Interrupt\Interrupt.c"
 133  0011  30CB        	set [75].1
"File: Interrupt.c   Assembler  Version HGASM0202      Page 3

 134  0012              #line 134 "c:\users\tech\desktop\powerlinetransceiver\Interrupt\Interrupt.c"
 134  0012  2800     R  	jmp _L2
 134  0013              _L4:
 115  0013              #line 115 "c:\users\tech\desktop\powerlinetransceiver\Interrupt\Interrupt.c"
 115  0013  314A        	set [74].2
 116  0014              #line 116 "c:\users\tech\desktop\powerlinetransceiver\Interrupt\Interrupt.c"
 116  0014  2800     R  	jmp _L2
 116  0015              _L5:
 121  0015              #line 121 "c:\users\tech\desktop\powerlinetransceiver\Interrupt\Interrupt.c"
 121  0015  31CA        	set [74].3
 122  0016              #line 122 "c:\users\tech\desktop\powerlinetransceiver\Interrupt\Interrupt.c"
 122  0016  2800     R  	jmp _L2
 122  0017              _L6:
 127  0017              #line 127 "c:\users\tech\desktop\powerlinetransceiver\Interrupt\Interrupt.c"
 127  0017  304B        	set [75].0
 127  0018              _L2:
 127  0018  0003        	ret
 127  0019              _EnableInterrupt endp
 127  0019              #line 127 "c:\users\tech\desktop\powerlinetransceiver\Interrupt\Interrupt.c"
 127  0019              #pragma debug scope 1 1
 127  0019              public _DisableInterrupt
 127  0019              #pragma debug scope 4 1
 151  0019              #line 151 "c:\users\tech\desktop\powerlinetransceiver\Interrupt\Interrupt.c"
 151  0000              _DisableInterrupt .section 'code'
 151  0000              _DisableInterrupt proc
 151  0000  00              local _DisableInterrupt_2 db 1 dup(?)	; 0,1
 151  0000  0080     E  	mov ra,a
 151  0001  0080     R  	mov _DisableInterrupt_2[0],a
 151  0002              #pragma debug variable 7 4 _DisableInterrupt_2+0 "interrupt_type"
 152  0002              #line 152 "c:\users\tech\desktop\powerlinetransceiver\Interrupt\Interrupt.c"
 152  0002  0700     E  	mov a,ra
 152  0003  0A28        	sub a,40
 152  0004  3D0A        	sz z
 152  0005  2800     R  	jmp _L11
 152  0006  0A04        	sub a,(44)-(40)
 152  0007  3D0A        	sz z
 152  0008  2800     R  	jmp _L12
 152  0009              #line 152 "c:\users\tech\desktop\powerlinetransceiver\Interrupt\Interrupt.c"
 152  0009  0700     E  	mov a,ra
 152  000A  0A30        	sub a,48
 152  000B  3D0A        	sz z
 152  000C  2800     R  	jmp _L13
 152  000D  0700     E  	mov a,ra
 152  000E  0A34        	sub a,52
 152  000F  390A        	snz z
 152  0010  2800     R  	jmp _L9
 222  0011              #line 222 "c:\users\tech\desktop\powerlinetransceiver\Interrupt\Interrupt.c"
 222  0011  34CB        	clr [75].1
 223  0012              #line 223 "c:\users\tech\desktop\powerlinetransceiver\Interrupt\Interrupt.c"
 223  0012  2800     R  	jmp _L9
 223  0013              _L11:
 204  0013              #line 204 "c:\users\tech\desktop\powerlinetransceiver\Interrupt\Interrupt.c"
 204  0013  354A        	clr [74].2
 205  0014              #line 205 "c:\users\tech\desktop\powerlinetransceiver\Interrupt\Interrupt.c"
 205  0014  2800     R  	jmp _L9
 205  0015              _L12:
 210  0015              #line 210 "c:\users\tech\desktop\powerlinetransceiver\Interrupt\Interrupt.c"
 210  0015  35CA        	clr [74].3
 211  0016              #line 211 "c:\users\tech\desktop\powerlinetransceiver\Interrupt\Interrupt.c"
 211  0016  2800     R  	jmp _L9
"File: Interrupt.c   Assembler  Version HGASM0202      Page 4

 211  0017              _L13:
 216  0017              #line 216 "c:\users\tech\desktop\powerlinetransceiver\Interrupt\Interrupt.c"
 216  0017  344B        	clr [75].0
 216  0018              _L9:
 216  0018  0003        	ret
 216  0019              _DisableInterrupt endp
 216  0019              #line 216 "c:\users\tech\desktop\powerlinetransceiver\Interrupt\Interrupt.c"
 216  0019              #pragma debug scope 1 1
 216  0019              public _STMCompairPISR
 216  0019              #pragma debug scope 5 1
 341  0019              #line 341 "c:\users\tech\desktop\powerlinetransceiver\Interrupt\Interrupt.c"
 341  0000              @STMCompairPISR_code .section at 40 'code'
 341  0000              _STMCompairPISR:
 341  0000              ifdef INTERRUPT_DELAY
 341  0000              	nop
 341  0000              endif
 341  0000  0004        	reti
 341  0001              #line 341 "c:\users\tech\desktop\powerlinetransceiver\Interrupt\Interrupt.c"
 341  0001              #pragma debug scope 1 1
 341  0001              public _STMCompairAISR
 341  0001              #pragma debug scope 6 1
 358  0001              #line 358 "c:\users\tech\desktop\powerlinetransceiver\Interrupt\Interrupt.c"
 358  0000              @STMCompairAISR_code .section at 44 'code'
 358  0000              ifdef INTERRUPT_DELAY
 358  0000              	nop
 358  0000              endif
 358  0000  0080     E  	mov r1,a
 358  0001  070A        	mov a,status
 358  0002              ifndef INTERRUPT_DELAY
 358  0002  0080     E  	mov r2,a
 358  0003              endif
 358  0003  2800     R  	jmp _STMCompairAISR
 358  0004              #pragma debug scope 1 1
 358  0004              @dummy44 endp
 358  0004              #pragma debug scope 7 1
 358  0000              _STMCompairAISR .section 'code'
 358  0000              _STMCompairAISR proc
 358  0000              ifdef INTERRUPT_DELAY
 358  0000              	mov r2,a
 358  0000              endif
 358  0000  0703        	mov a,mp
 358  0001  0080     E  	mov r3,a
 358  0002  0704        	mov a,sbp
 358  0003  0080     E  	mov r4,a
 358  0004  0707        	mov a,tblp
 358  0005  0080     E  	mov r5,a
 358  0006  0709        	mov a,tbhp
 358  0007  0080     E  	mov r6,a
 359  0008              #line 359 "c:\users\tech\desktop\powerlinetransceiver\Interrupt\Interrupt.c"
 359  0008  2000     E  	call _PLT_HandelSerialTransmit
 359  0009  0700     E  	mov a,r2
 359  000A  008A        	mov status,a
 359  000B  0700     E  	mov a,r3
 359  000C  0083        	mov mp,a
 359  000D  0700     E  	mov a,r4
 359  000E  0084        	mov sbp,a
 359  000F  0700     E  	mov a,r5
 359  0010  0087        	mov tblp,a
 359  0011  0700     E  	mov a,r6
 359  0012  0089        	mov tbhp,a
"File: Interrupt.c   Assembler  Version HGASM0202      Page 5

 359  0013  1D05        	tabrdc acc
 359  0014  0700     E  	mov a,r1
 359  0015  0004        	reti
 359  0016              _STMCompairAISR endp
 359  0016              
 359  0016              #line 359 "c:\users\tech\desktop\powerlinetransceiver\Interrupt\Interrupt.c"
 359  0016              #pragma debug scope 1 1
 359  0016              public _BaseTimer0ISR
 359  0016              #pragma debug scope 8 1
 373  0016              #line 373 "c:\users\tech\desktop\powerlinetransceiver\Interrupt\Interrupt.c"
 373  0000              @BaseTimer0ISR_code .section at 48 'code'
 373  0000              _BaseTimer0ISR:
 373  0000              ifdef INTERRUPT_DELAY
 373  0000              	nop
 373  0000              endif
 373  0000  0004        	reti
 373  0001              #line 373 "c:\users\tech\desktop\powerlinetransceiver\Interrupt\Interrupt.c"
 373  0001              #pragma debug scope 1 1
 373  0001              public _BaseTimer1ISR
 373  0001              #pragma debug scope 9 1
 387  0001              #line 387 "c:\users\tech\desktop\powerlinetransceiver\Interrupt\Interrupt.c"
 387  0000              @BaseTimer1ISR_code .section at 52 'code'
 387  0000              _BaseTimer1ISR:
 387  0000              ifdef INTERRUPT_DELAY
 387  0000              	nop
 387  0000              endif
 387  0000  0004        	reti
 387  0001              #line 387 "c:\users\tech\desktop\powerlinetransceiver\Interrupt\Interrupt.c"
 387  0001              #pragma debug scope 1 1
 387  0001              #pragma debug struct_end
 387  0001              #pragma debug struct_end
 387  0001              #pragma debug union_end
 387  0001              #pragma debug union_end
 387  0001              #pragma debug variable 43 1 ___intc0 "__intc0" 1
 387  0001              #pragma debug struct_end
 387  0001              #pragma debug struct_end
 387  0001              #pragma debug union_end
 387  0001              #pragma debug union_end
 387  0001              #pragma debug variable 45 1 ___intc2 "__intc2" 1
 387  0001              #pragma debug struct_end
 387  0001              #pragma debug struct_end
 387  0001              #pragma debug union_end
 387  0001              #pragma debug union_end
 387  0001              #pragma debug variable 47 1 ___intc3 "__intc3" 1
 387  0001              extern r1:byte
 387  0001              extern r2:byte
 387  0001              extern r3:byte
 387  0001              extern r4:byte
 387  0001              extern r5:byte
 387  0001              extern r6:byte
 387  0001              extern _PLT_HandelSerialTransmit:near
 387  0001              
 387  0001              ; 
 387  0001              ; Generated by holtek-gcc v3.19, Tue Jul 02 20:51:45 2024
 387  0001              ; Rebuild 718
 387  0001              ; end of file


        0 Errors, 0