"File: Main.c        Assembler  Version HGASM0202      Page 1


   1  0000              ; Generated by holtek-gcc v3.19, Mon Dec 30 10:52:34 2024
   2  0000              ; 
   3  0000              ; Configuration:
   4  0000              ;       with long instruction
   5  0000              ;       Single ROM, Multi-RAM
   6  0000              ;       bits_per_rom_unit:16
   7  0000              ;       with mp1
   8  0000              ;       with tbhp, address(0x9)
   9  0000              ;          Use tabrd-const
  10  0000              ;       
  11  0000              ; SFR address of long-instruction arch:
  12  0000              ;    mp0 = -1,1,0
  13  0000              ;    mp1 = 4,3,2
  14  0000              ;    mp2 = 14,13,12
  15  0000              ;    tbp = 9,7,8
  16  0000              ;    acc = 5
  17  0000              ;    pcl = 6
  18  0000              ;    status = 10
  19  0000              ;    bp = 11
  20  0000              ;    intc = 72
  21  0000              ;       
  22  0000              ;       
  23  0000              ; use 'tabrdc' instead of 'tabrd'
  24  0000              ;       
  25  0000              
  26  0000              #pragma translator "holtek-gcc 4.6.4" "3.19" "build 20130711"
  27  0000              ; Rebuild 718
  28  0000              
  29  0000              ir equ [2]
  30  0000              mp equ [3]
  31  0000              sbp equ [4]
  32  0000              acc equ [5]
  33  0000              bp equ [11]
  34  0000              tblp equ [7]
  35  0000              tbhp equ [9]
  36  0000              status equ [10]
  37  0000              c equ [10].0
  38  0000              ac equ [10].1
  39  0000              z equ [10].2
  40  0000              ov equ [10].3
  41  0000              cz equ [10].6
  42  0000              sc equ [10].7
  43  0000              intc equ [72]
  44  0000              
  45  0000              extern ra:byte
  46  0000              extern rb:byte
  47  0000              extern rc:byte
  48  0000              extern rd:byte
  49  0000              extern re:byte
  50  0000              extern rf:byte
  51  0000              extern rg:byte
  52  0000              extern rh:byte
  53  0000              extern _Crom2Prom:near
  54  0000              extern _Crom2PromNext:near
  55  0000              
  56  0000              RAMBANK 0 @BITDATASEC, @BITDATASEC1
  57  0000              @HCCINIT	.section 'data'
  58  0000              @HCCINIT0	.section 'data'
  59  0000              @BITDATASEC	 .section 'data'
"File: Main.ASM      Assembler  Version HGASM0202      Page 2

  60  0000              @BITDATASEC1	 .section 'data'
  61  0000              
  62  0000              #pragma debug scope 1 1
  63  0000              	extern __DELAY3:near
  64  0000              	extern __DELAYX3:near
  65  0000              	extern __DELAYX6:near
  66  0000              	extern __DELAYY5:near
  67  0000              	extern __DELAYY3:near
  68  0000              	extern _builtin_holtek_delay_2:byte
  69  0000              public _info
  70  0000              #pragma debug scope 2 1

 139  0000              #line 139 "c:\users\tech\desktop\powerlinetransceiver\Main\Main.c"
 139  0000              _info .section 'code'
 139  0000              _info proc
 140  0000              #line 140 "c:\users\tech\desktop\powerlinetransceiver\Main\Main.c"
 140  0000  1F00     E  	clr _builtin_holtek_udivmodhi4_2[6]
 140  0001  0700     R  	mov a,_situation[2]  
 140  0002  0080     E  	mov _builtin_holtek_udivmodhi4_2[0],a  
 140  0003  0700     R  	mov a,_situation[3]  
 140  0004  0080     E  	mov _builtin_holtek_udivmodhi4_2[1],a
 140  0005  0FE8        	mov a,232  
 140  0006  0080     E  	mov _builtin_holtek_udivmodhi4_2[2],a  
 140  0007  0F03        	mov a,3  
 140  0008  0080     E  	mov _builtin_holtek_udivmodhi4_2[3],a
 140  0009  2000     E  	call _builtin_holtek_udivmodhi4
 140  000A  0700     E  	mov a,_builtin_holtek_udivmodhi4_2[0]  
 140  000B  0080     E  	mov rb,a  
 140  000C  0700     E  	mov a,_builtin_holtek_udivmodhi4_2[1]  
 140  000D  0080     E  	mov rc,a
 140  000E  1F00     E  	clr _builtin_holtek_udivmodhi4_2[6]
 140  000F  0700     E  	mov a,rb  
 140  0010  0080     E  	mov _builtin_holtek_udivmodhi4_2[0],a  
 140  0011  0700     E  	mov a,rc  
 140  0012  0080     E  	mov _builtin_holtek_udivmodhi4_2[1],a
 140  0013  0F0A        	mov a,10  
 140  0014  0080     E  	mov _builtin_holtek_udivmodhi4_2[2],a  
 140  0015  1F00     E  	clr _builtin_holtek_udivmodhi4_2[3]
 140  0016  2000     E  	call _builtin_holtek_udivmodhi4
 140  0017  0700     E  	mov a,_builtin_holtek_udivmodhi4_2[4]  
 140  0018  0080     E  	mov rb,a  
 140  0019  0700     E  	mov a,_builtin_holtek_udivmodhi4_2[5]  
 140  001A  0080     E  	mov rc,a
 140  001B  0F30        	mov a,48
 140  001C  0380     E  	addm a,rb
 140  001D  0700     E  	mov a,rb
 140  001E  2000     E  	call _UART_Transmit
 141  001F              #line 141 "c:\users\tech\desktop\powerlinetransceiver\Main\Main.c"
 141  001F  1F00     E  	clr _builtin_holtek_udivmodhi4_2[6]
 141  0020  0700     R  	mov a,_situation[2]  
 141  0021  0080     E  	mov _builtin_holtek_udivmodhi4_2[0],a  
 141  0022  0700     R  	mov a,_situation[3]  
 141  0023  0080     E  	mov _builtin_holtek_udivmodhi4_2[1],a
 141  0024  0F64        	mov a,100  
 141  0025  0080     E  	mov _builtin_holtek_udivmodhi4_2[2],a  
 141  0026  1F00     E  	clr _builtin_holtek_udivmodhi4_2[3]
 141  0027  2000     E  	call _builtin_holtek_udivmodhi4
 141  0028  0700     E  	mov a,_builtin_holtek_udivmodhi4_2[0]  
 141  0029  0080     E  	mov rb,a  
 141  002A  0700     E  	mov a,_builtin_holtek_udivmodhi4_2[1]  
"File: Main.c        Assembler  Version HGASM0202      Page 3

 141  002B  0080     E  	mov rc,a
 141  002C  1F00     E  	clr _builtin_holtek_udivmodhi4_2[6]
 141  002D  0700     E  	mov a,rb  
 141  002E  0080     E  	mov _builtin_holtek_udivmodhi4_2[0],a  
 141  002F  0700     E  	mov a,rc  
 141  0030  0080     E  	mov _builtin_holtek_udivmodhi4_2[1],a
 141  0031  0F0A        	mov a,10  
 141  0032  0080     E  	mov _builtin_holtek_udivmodhi4_2[2],a  
 141  0033  1F00     E  	clr _builtin_holtek_udivmodhi4_2[3]
 141  0034  2000     E  	call _builtin_holtek_udivmodhi4
 141  0035  0700     E  	mov a,_builtin_holtek_udivmodhi4_2[4]  
 141  0036  0080     E  	mov rb,a  
 141  0037  0700     E  	mov a,_builtin_holtek_udivmodhi4_2[5]  
 141  0038  0080     E  	mov rc,a
 141  0039  0F30        	mov a,48
 141  003A  0380     E  	addm a,rb
 141  003B  0700     E  	mov a,rb
 141  003C  2000     E  	call _UART_Transmit
 142  003D              #line 142 "c:\users\tech\desktop\powerlinetransceiver\Main\Main.c"
 142  003D  1F00     E  	clr _builtin_holtek_udivmodhi4_2[6]
 142  003E  0700     R  	mov a,_situation[2]  
 142  003F  0080     E  	mov _builtin_holtek_udivmodhi4_2[0],a  
 142  0040  0700     R  	mov a,_situation[3]  
 142  0041  0080     E  	mov _builtin_holtek_udivmodhi4_2[1],a
 142  0042  0F0A        	mov a,10  
 142  0043  0080     E  	mov _builtin_holtek_udivmodhi4_2[2],a  
 142  0044  1F00     E  	clr _builtin_holtek_udivmodhi4_2[3]
 142  0045  2000     E  	call _builtin_holtek_udivmodhi4
 142  0046  0700     E  	mov a,_builtin_holtek_udivmodhi4_2[0]  
 142  0047  0080     E  	mov rb,a  
 142  0048  0700     E  	mov a,_builtin_holtek_udivmodhi4_2[1]  
 142  0049  0080     E  	mov rc,a
 142  004A  1F00     E  	clr _builtin_holtek_udivmodhi4_2[6]
 142  004B  0700     E  	mov a,rb  
 142  004C  0080     E  	mov _builtin_holtek_udivmodhi4_2[0],a  
 142  004D  0700     E  	mov a,rc  
 142  004E  0080     E  	mov _builtin_holtek_udivmodhi4_2[1],a
 142  004F  0F0A        	mov a,10  
 142  0050  0080     E  	mov _builtin_holtek_udivmodhi4_2[2],a  
 142  0051  1F00     E  	clr _builtin_holtek_udivmodhi4_2[3]
 142  0052  2000     E  	call _builtin_holtek_udivmodhi4
 142  0053  0700     E  	mov a,_builtin_holtek_udivmodhi4_2[4]  
 142  0054  0080     E  	mov rb,a  
 142  0055  0700     E  	mov a,_builtin_holtek_udivmodhi4_2[5]  
 142  0056  0080     E  	mov rc,a
 142  0057  0F30        	mov a,48
 142  0058  0380     E  	addm a,rb
 142  0059  0700     E  	mov a,rb
 142  005A  2000     E  	call _UART_Transmit
 143  005B              #line 143 "c:\users\tech\desktop\powerlinetransceiver\Main\Main.c"
 143  005B  1F00     E  	clr _builtin_holtek_udivmodhi4_2[6]
 143  005C  0700     R  	mov a,_situation[2]  
 143  005D  0080     E  	mov _builtin_holtek_udivmodhi4_2[0],a  
 143  005E  0700     R  	mov a,_situation[3]  
 143  005F  0080     E  	mov _builtin_holtek_udivmodhi4_2[1],a
 143  0060  0F0A        	mov a,10  
 143  0061  0080     E  	mov _builtin_holtek_udivmodhi4_2[2],a  
 143  0062  1F00     E  	clr _builtin_holtek_udivmodhi4_2[3]
 143  0063  2000     E  	call _builtin_holtek_udivmodhi4
 143  0064  0700     E  	mov a,_builtin_holtek_udivmodhi4_2[4]  
"File: Main.c        Assembler  Version HGASM0202      Page 4

 143  0065  0080     E  	mov rb,a  
 143  0066  0700     E  	mov a,_builtin_holtek_udivmodhi4_2[5]  
 143  0067  0080     E  	mov rc,a
 143  0068  0F30        	mov a,48
 143  0069  0380     E  	addm a,rb
 143  006A  0700     E  	mov a,rb
 143  006B  2000     E  	call _UART_Transmit
 144  006C              #line 144 "c:\users\tech\desktop\powerlinetransceiver\Main\Main.c"
 144  006C  0F54        	mov a,84
 144  006D  2000     E  	call _UART_Transmit
 145  006E              #line 145 "c:\users\tech\desktop\powerlinetransceiver\Main\Main.c"
 145  006E  0F3D        	mov a,61
 145  006F  2000     E  	call _UART_Transmit
 146  0070              #line 146 "c:\users\tech\desktop\powerlinetransceiver\Main\Main.c"
 146  0070  1F00     E  	clr _builtin_holtek_udivmodhi4_2[6]
 146  0071  0700     R  	mov a,_situation[0]  
 146  0072  0080     E  	mov _builtin_holtek_udivmodhi4_2[0],a  
 146  0073  0700     R  	mov a,_situation[1]  
 146  0074  0080     E  	mov _builtin_holtek_udivmodhi4_2[1],a
 146  0075  0FE8        	mov a,232  
 146  0076  0080     E  	mov _builtin_holtek_udivmodhi4_2[2],a  
 146  0077  0F03        	mov a,3  
 146  0078  0080     E  	mov _builtin_holtek_udivmodhi4_2[3],a
 146  0079  2000     E  	call _builtin_holtek_udivmodhi4
 146  007A  0700     E  	mov a,_builtin_holtek_udivmodhi4_2[0]  
 146  007B  0080     E  	mov rb,a  
 146  007C  0700     E  	mov a,_builtin_holtek_udivmodhi4_2[1]  
 146  007D  0080     E  	mov rc,a
 146  007E  1F00     E  	clr _builtin_holtek_udivmodhi4_2[6]
 146  007F  0700     E  	mov a,rb  
 146  0080  0080     E  	mov _builtin_holtek_udivmodhi4_2[0],a  
 146  0081  0700     E  	mov a,rc  
 146  0082  0080     E  	mov _builtin_holtek_udivmodhi4_2[1],a
 146  0083  0F0A        	mov a,10  
 146  0084  0080     E  	mov _builtin_holtek_udivmodhi4_2[2],a  
 146  0085  1F00     E  	clr _builtin_holtek_udivmodhi4_2[3]
 146  0086  2000     E  	call _builtin_holtek_udivmodhi4
 146  0087  0700     E  	mov a,_builtin_holtek_udivmodhi4_2[4]  
 146  0088  0080     E  	mov rb,a  
 146  0089  0700     E  	mov a,_builtin_holtek_udivmodhi4_2[5]  
 146  008A  0080     E  	mov rc,a
 146  008B  0F30        	mov a,48
 146  008C  0380     E  	addm a,rb
 146  008D  0700     E  	mov a,rb
 146  008E  2000     E  	call _UART_Transmit
 147  008F              #line 147 "c:\users\tech\desktop\powerlinetransceiver\Main\Main.c"
 147  008F  1F00     E  	clr _builtin_holtek_udivmodhi4_2[6]
 147  0090  0700     R  	mov a,_situation[0]  
 147  0091  0080     E  	mov _builtin_holtek_udivmodhi4_2[0],a  
 147  0092  0700     R  	mov a,_situation[1]  
 147  0093  0080     E  	mov _builtin_holtek_udivmodhi4_2[1],a
 147  0094  0F64        	mov a,100  
 147  0095  0080     E  	mov _builtin_holtek_udivmodhi4_2[2],a  
 147  0096  1F00     E  	clr _builtin_holtek_udivmodhi4_2[3]
 147  0097  2000     E  	call _builtin_holtek_udivmodhi4
 147  0098  0700     E  	mov a,_builtin_holtek_udivmodhi4_2[0]  
 147  0099  0080     E  	mov rb,a  
 147  009A  0700     E  	mov a,_builtin_holtek_udivmodhi4_2[1]  
 147  009B  0080     E  	mov rc,a
 147  009C  1F00     E  	clr _builtin_holtek_udivmodhi4_2[6]
"File: Main.c        Assembler  Version HGASM0202      Page 5

 147  009D  0700     E  	mov a,rb  
 147  009E  0080     E  	mov _builtin_holtek_udivmodhi4_2[0],a  
 147  009F  0700     E  	mov a,rc  
 147  00A0  0080     E  	mov _builtin_holtek_udivmodhi4_2[1],a
 147  00A1  0F0A        	mov a,10  
 147  00A2  0080     E  	mov _builtin_holtek_udivmodhi4_2[2],a  
 147  00A3  1F00     E  	clr _builtin_holtek_udivmodhi4_2[3]
 147  00A4  2000     E  	call _builtin_holtek_udivmodhi4
 147  00A5  0700     E  	mov a,_builtin_holtek_udivmodhi4_2[4]  
 147  00A6  0080     E  	mov rb,a  
 147  00A7  0700     E  	mov a,_builtin_holtek_udivmodhi4_2[5]  
 147  00A8  0080     E  	mov rc,a
 147  00A9  0F30        	mov a,48
 147  00AA  0380     E  	addm a,rb
 147  00AB  0700     E  	mov a,rb
 147  00AC  2000     E  	call _UART_Transmit
 148  00AD              #line 148 "c:\users\tech\desktop\powerlinetransceiver\Main\Main.c"
 148  00AD  1F00     E  	clr _builtin_holtek_udivmodhi4_2[6]
 148  00AE  0700     R  	mov a,_situation[0]  
 148  00AF  0080     E  	mov _builtin_holtek_udivmodhi4_2[0],a  
 148  00B0  0700     R  	mov a,_situation[1]  
 148  00B1  0080     E  	mov _builtin_holtek_udivmodhi4_2[1],a
 148  00B2  0F0A        	mov a,10  
 148  00B3  0080     E  	mov _builtin_holtek_udivmodhi4_2[2],a  
 148  00B4  1F00     E  	clr _builtin_holtek_udivmodhi4_2[3]
 148  00B5  2000     E  	call _builtin_holtek_udivmodhi4
 148  00B6  0700     E  	mov a,_builtin_holtek_udivmodhi4_2[0]  
 148  00B7  0080     E  	mov rb,a  
 148  00B8  0700     E  	mov a,_builtin_holtek_udivmodhi4_2[1]  
 148  00B9  0080     E  	mov rc,a
 148  00BA  1F00     E  	clr _builtin_holtek_udivmodhi4_2[6]
 148  00BB  0700     E  	mov a,rb  
 148  00BC  0080     E  	mov _builtin_holtek_udivmodhi4_2[0],a  
 148  00BD  0700     E  	mov a,rc  
 148  00BE  0080     E  	mov _builtin_holtek_udivmodhi4_2[1],a
 148  00BF  0F0A        	mov a,10  
 148  00C0  0080     E  	mov _builtin_holtek_udivmodhi4_2[2],a  
 148  00C1  1F00     E  	clr _builtin_holtek_udivmodhi4_2[3]
 148  00C2  2000     E  	call _builtin_holtek_udivmodhi4
 148  00C3  0700     E  	mov a,_builtin_holtek_udivmodhi4_2[4]  
 148  00C4  0080     E  	mov rb,a  
 148  00C5  0700     E  	mov a,_builtin_holtek_udivmodhi4_2[5]  
 148  00C6  0080     E  	mov rc,a
 148  00C7  0F30        	mov a,48
 148  00C8  0380     E  	addm a,rb
 148  00C9  0700     E  	mov a,rb
 148  00CA  2000     E  	call _UART_Transmit
 149  00CB              #line 149 "c:\users\tech\desktop\powerlinetransceiver\Main\Main.c"
 149  00CB  1F00     E  	clr _builtin_holtek_udivmodhi4_2[6]
 149  00CC  0700     R  	mov a,_situation[0]  
 149  00CD  0080     E  	mov _builtin_holtek_udivmodhi4_2[0],a  
 149  00CE  0700     R  	mov a,_situation[1]  
 149  00CF  0080     E  	mov _builtin_holtek_udivmodhi4_2[1],a
 149  00D0  0F0A        	mov a,10  
 149  00D1  0080     E  	mov _builtin_holtek_udivmodhi4_2[2],a  
 149  00D2  1F00     E  	clr _builtin_holtek_udivmodhi4_2[3]
 149  00D3  2000     E  	call _builtin_holtek_udivmodhi4
 149  00D4  0700     E  	mov a,_builtin_holtek_udivmodhi4_2[4]  
 149  00D5  0080     E  	mov rb,a  
 149  00D6  0700     E  	mov a,_builtin_holtek_udivmodhi4_2[5]  
"File: Main.c        Assembler  Version HGASM0202      Page 6

 149  00D7  0080     E  	mov rc,a
 149  00D8  0F30        	mov a,48
 149  00D9  0380     E  	addm a,rb
 149  00DA  0700     E  	mov a,rb
 149  00DB  2000     E  	call _UART_Transmit
 150  00DC              #line 150 "c:\users\tech\desktop\powerlinetransceiver\Main\Main.c"
 150  00DC  0F0A        	mov a,10
 150  00DD  2000     E  	call _UART_Transmit
 151  00DE              #line 151 "c:\users\tech\desktop\powerlinetransceiver\Main\Main.c"
 151  00DE  1F00     R  	clr _AddresssValid[0]
 151  00DF  0003        	ret
 151  00E0              _info endp
 151  00E0              #line 151 "c:\users\tech\desktop\powerlinetransceiver\Main\Main.c"
 151  00E0              #pragma debug scope 1 1
 151  00E0              ___pa equ [20]
 151  00E0              public _main
 151  00E0              #pragma debug scope 3 1
  35  00E0              #line 35 "c:\users\tech\desktop\powerlinetransceiver\Main\Main.c"
  35  00E0              IFDEF WITH_DEFAULT_STARTUP
  35  00E0              extern _main_initial0:near
  35  00E0              extern _main_startup:near
  35  00E0              ENDIF
  35  00E0              
  35  00E0              ROMBANK 0 @start
  35  0000              @start .section com_l 'code'
  35  0000              _main_startup1:
  35  0000              @start .section com_e 'code'
  35  0000  2800     R  	jmp _main
  35  0001              
  35  0000              _main .section 'code'
  35  0000              _main proc
  35  0000  00              local _main_2 db 1 dup(?)
  35  0001              #pragma debug variable 7 3 _main_2+0 "Data"
  39  0001              #line 39 "c:\users\tech\desktop\powerlinetransceiver\Main\Main.c"
  39  0000  2000     E  	call _S_RCC_Init
  40  0001              #line 40 "c:\users\tech\desktop\powerlinetransceiver\Main\Main.c"
  40  0001  2000     E  	call _S_GPIO_Init
  41  0002              #line 41 "c:\users\tech\desktop\powerlinetransceiver\Main\Main.c"
  41  0002  2000     E  	call _InterruptInit
  42  0003              #line 42 "c:\users\tech\desktop\powerlinetransceiver\Main\Main.c"
  42  0003  0F80        	mov a,-128
  42  0004  0080     E  	mov _UART_Init_2[0],a
  42  0005  0F25        	mov a,37
  42  0006  0080     E  	mov _UART_Init_2[1],a
  42  0007  2000     E  	call _UART_Init
  43  0008              #line 43 "c:\users\tech\desktop\powerlinetransceiver\Main\Main.c"
  43  0008  2000     E  	call _PLT0Init
  44  0009              #line 44 "c:\users\tech\desktop\powerlinetransceiver\Main\Main.c"
  44  0009  2000     E  	call _PLT1Init
  45  000A              #line 45 "c:\users\tech\desktop\powerlinetransceiver\Main\Main.c"
  45  000A  3614        	clr [20].4
  45  000B              _L16:
  45  000B              #pragma debug scope 4 3
  45  000B              ;begin block, line: 45.-1
  51  000B              #line 51 "c:\users\tech\desktop\powerlinetransceiver\Main\Main.c"
  51  000B  3814        	snz [20].0
  51  000C  2800     R  	jmp _L3
  54  000D              #line 54 "c:\users\tech\desktop\powerlinetransceiver\Main\Main.c"
  54  000D  1700     R  	sdza _pushButtonState[0]
  54  000E  2800     R  	jmp _L3
"File: Main.c        Assembler  Version HGASM0202      Page 7

  54  000F  0F0A        	mov a,10
  54  0010  0200     R  	sub a,_PushButtonCounter[0]
  54  0011  0F00        	mov a,0
  54  0012  1200     R  	sbc a,_PushButtonCounter[1]
  54  0013  0F00        	mov a,0
  54  0014  1200     R  	sbc a,_PushButtonCounter[2]
  54  0015  0F00        	mov a,0
  54  0016  1200     R  	sbc a,_PushButtonCounter[3]
  54  0017  3C0A        	sz c
  54  0018  2800     R  	jmp _L3
  55  0019              #line 55 "c:\users\tech\desktop\powerlinetransceiver\Main\Main.c"
  55  0019              ;# 55 "c:\users\tech\desktop\powerlinetransceiver\Main\Main.c" 1
  55  0019              	IF 10000>263690
  55  0019              ;# 55 "c:\users\tech\desktop\powerlinetransceiver\Main\Main.c" 1
  55  0019              	ERRMESSAGE 'the value 10000of the argument exceeds the maxinum 263690'
  55  0019              	ENDIF
  55  0019              ;# 55 "c:\users\tech\desktop\powerlinetransceiver\Main\Main.c" 1
  55  0019              	IF 10000<0
  55  0019              ;# 55 "c:\users\tech\desktop\powerlinetransceiver\Main\Main.c" 1
  55  0019              	ERRMESSAGE 'the value 10000 of the argument exceeds the mininum 0'
  55  0019              	ENDIF
  55  0019              ;# 55 "c:\users\tech\desktop\powerlinetransceiver\Main\Main.c" 1
  55  0019              	IF 10000==0
  55  0019              ;# 55 "c:\users\tech\desktop\powerlinetransceiver\Main\Main.c" 1
  55  0019              	JMP $
  55  0019              	ENDIF
  55  0019              ;# 55 "c:\users\tech\desktop\powerlinetransceiver\Main\Main.c" 1
  55  0019              	IF 10000==1
  55  0019              ;# 55 "c:\users\tech\desktop\powerlinetransceiver\Main\Main.c" 1
  55  0019              	NOP
  55  0019              	ENDIF
  55  0019              ;# 55 "c:\users\tech\desktop\powerlinetransceiver\Main\Main.c" 1
  55  0019              	IF 10000==2
  55  0019              ;# 55 "c:\users\tech\desktop\powerlinetransceiver\Main\Main.c" 1
  55  0019              	NOP
  55  0019              ;# 55 "c:\users\tech\desktop\powerlinetransceiver\Main\Main.c" 1
  55  0019              	NOP
  55  0019              	ENDIF
  55  0019              ;# 55 "c:\users\tech\desktop\powerlinetransceiver\Main\Main.c" 1
  55  0019              	IF 10000==3
  55  0019              ;# 55 "c:\users\tech\desktop\powerlinetransceiver\Main\Main.c" 1
  55  0019              	NOP
  55  0019              ;# 55 "c:\users\tech\desktop\powerlinetransceiver\Main\Main.c" 1
  55  0019              	NOP
  55  0019              ;# 55 "c:\users\tech\desktop\powerlinetransceiver\Main\Main.c" 1
  55  0019              	NOP
  55  0019              	ENDIF
  55  0019              ;# 55 "c:\users\tech\desktop\powerlinetransceiver\Main\Main.c" 1
  55  0019              	IF (10000<8) AND (10000>3)
  55  0019              ;# 55 "c:\users\tech\desktop\powerlinetransceiver\Main\Main.c" 1
  55  0019              	CALL __DELAY3 + 7 -10000
  55  0019              	ENDIF
  55  0019              ;# 55 "c:\users\tech\desktop\powerlinetransceiver\Main\Main.c" 1
  55  0019              	IF (10000< 0404h) AND (10000>7)
  55  0019              ;# 55 "c:\users\tech\desktop\powerlinetransceiver\Main\Main.c" 1
  55  0019              	MOV A,10000/4-1
  55  0019              ;# 55 "c:\users\tech\desktop\powerlinetransceiver\Main\Main.c" 1
  55  0019              	CALL __DELAYX3 + 3 -(10000 MOD 4)
  55  0019              	ENDIF
  55  0019              ;# 55 "c:\users\tech\desktop\powerlinetransceiver\Main\Main.c" 1
"File: Main.c        Assembler  Version HGASM0202      Page 8

  55  0019              	IF (10000< 0x40B) AND (10000> 0403h)
  55  0019              ;# 55 "c:\users\tech\desktop\powerlinetransceiver\Main\Main.c" 1
  55  0019              	MOV A,0 
  55  0019              ;# 55 "c:\users\tech\desktop\powerlinetransceiver\Main\Main.c" 1
  55  0019              	CALL __DELAYX6 + 0x40a -10000
  55  0019              	ENDIF
  55  0019              ;# 55 "c:\users\tech\desktop\powerlinetransceiver\Main\Main.c" 1
  55  0019              	IF (10000 >= 0x40b) AND ((((10000-9)%0402h)/4+1)>256)
  55  0019              ;# 55 "c:\users\tech\desktop\powerlinetransceiver\Main\Main.c" 1
  55  0019              	MOV A,(10000-9)/0402h
  55  0019              ;# 55 "c:\users\tech\desktop\powerlinetransceiver\Main\Main.c" 1
  55  0019              	MOV _builtin_holtek_delay_2,A
  55  0019              ;# 55 "c:\users\tech\desktop\powerlinetransceiver\Main\Main.c" 1
  55  0019              	MOV A,0
  55  0019              ;# 55 "c:\users\tech\desktop\powerlinetransceiver\Main\Main.c" 1
  55  0019              	CALL __DELAYY5 +5- (((10000-9)%0402h)%6)
  55  0019              	ENDIF
  55  0019              ;# 55 "c:\users\tech\desktop\powerlinetransceiver\Main\Main.c" 1
  55  0019              	IF (10000 >= 0x40b) AND ((((10000-9)%0402h)/4+1)<=256)
  55  0019              ;# 55 "c:\users\tech\desktop\powerlinetransceiver\Main\Main.c" 1
  55  0019  0F09        	MOV A,(10000-9)/0402h
  55  001A              ;# 55 "c:\users\tech\desktop\powerlinetransceiver\Main\Main.c" 1
  55  001A  0080     E  	MOV _builtin_holtek_delay_2,A
  55  001B              ;# 55 "c:\users\tech\desktop\powerlinetransceiver\Main\Main.c" 1
  55  001B  0FBE        	MOV A,((10000-9)%0402h)/4+1
  55  001C              ;# 55 "c:\users\tech\desktop\powerlinetransceiver\Main\Main.c" 1
  55  001C  2000     E  	CALL __DELAYY3 +3-(((10000-9)%0402h)%4)
  55  001D              	ENDIF
  56  001D              #line 56 "c:\users\tech\desktop\powerlinetransceiver\Main\Main.c"
  56  001D  2000     E  	call _PLTAInit
  56  001E              _L3:
  60  001E              #line 60 "c:\users\tech\desktop\powerlinetransceiver\Main\Main.c"
  60  001E              ;# 60 "c:\users\tech\desktop\powerlinetransceiver\Main\Main.c" 1
  60  001E  0001        	clr wdt
  63  001F              #line 63 "c:\users\tech\desktop\powerlinetransceiver\Main\Main.c"
  63  001F  2000     E  	call _UART_ReceiveNonBlocking
  63  0020  0080     R  	mov _main_2[0],a
  64  0021              #line 64 "c:\users\tech\desktop\powerlinetransceiver\Main\Main.c"
  64  0021              ;# 64 "c:\users\tech\desktop\powerlinetransceiver\Main\Main.c" 1
  64  0021  0001        	clr wdt
  66  0022              #line 66 "c:\users\tech\desktop\powerlinetransceiver\Main\Main.c"
  66  0022  1E00     R  	snz _main_2[0]
  66  0023  2800     R  	jmp _L5
  67  0024              #line 67 "c:\users\tech\desktop\powerlinetransceiver\Main\Main.c"
  67  0024  0700     R  	mov a,_main_2[0]
  67  0025  2000     E  	call _UART_Transmit
  69  0026              #line 69 "c:\users\tech\desktop\powerlinetransceiver\Main\Main.c"
  69  0026  0700     R  	mov a,_main_2[0]
  69  0027  0A67        	sub a,103
  69  0028  3D0A        	sz z
  69  0029  2800     R  	jmp _L6
  69  002A  0700     R  	mov a,_main_2[0]
  69  002B  0A5A        	sub a,90
  69  002C  390A        	snz z
  69  002D  2800     R  	jmp _L7
  69  002E              _L6:
  70  002E              #line 70 "c:\users\tech\desktop\powerlinetransceiver\Main\Main.c"
  70  002E  0F01        	mov a,1
  70  002F  0080     R  	mov _AddresssValid[0],a
  70  0030              _L7:
"File: Main.c        Assembler  Version HGASM0202      Page 9

  74  0030              #line 74 "c:\users\tech\desktop\powerlinetransceiver\Main\Main.c"
  74  0030  1E00     R  	snz _AddresssValid[0]
  74  0031  2800     R  	jmp _L5
  74  0032  0700     R  	mov a,_main_2[0]
  74  0033  0A4F        	sub a,79
  74  0034  390A        	snz z
  74  0035  2800     R  	jmp _L8
  75  0036              #line 75 "c:\users\tech\desktop\powerlinetransceiver\Main\Main.c"
  75  0036              ;# 75 "c:\users\tech\desktop\powerlinetransceiver\Main\Main.c" 1
  75  0036              	IF 10000>263690
  75  0036              ;# 75 "c:\users\tech\desktop\powerlinetransceiver\Main\Main.c" 1
  75  0036              	ERRMESSAGE 'the value 10000of the argument exceeds the maxinum 263690'
  75  0036              	ENDIF
  75  0036              ;# 75 "c:\users\tech\desktop\powerlinetransceiver\Main\Main.c" 1
  75  0036              	IF 10000<0
  75  0036              ;# 75 "c:\users\tech\desktop\powerlinetransceiver\Main\Main.c" 1
  75  0036              	ERRMESSAGE 'the value 10000 of the argument exceeds the mininum 0'
  75  0036              	ENDIF
  75  0036              ;# 75 "c:\users\tech\desktop\powerlinetransceiver\Main\Main.c" 1
  75  0036              	IF 10000==0
  75  0036              ;# 75 "c:\users\tech\desktop\powerlinetransceiver\Main\Main.c" 1
  75  0036              	JMP $
  75  0036              	ENDIF
  75  0036              ;# 75 "c:\users\tech\desktop\powerlinetransceiver\Main\Main.c" 1
  75  0036              	IF 10000==1
  75  0036              ;# 75 "c:\users\tech\desktop\powerlinetransceiver\Main\Main.c" 1
  75  0036              	NOP
  75  0036              	ENDIF
  75  0036              ;# 75 "c:\users\tech\desktop\powerlinetransceiver\Main\Main.c" 1
  75  0036              	IF 10000==2
  75  0036              ;# 75 "c:\users\tech\desktop\powerlinetransceiver\Main\Main.c" 1
  75  0036              	NOP
  75  0036              ;# 75 "c:\users\tech\desktop\powerlinetransceiver\Main\Main.c" 1
  75  0036              	NOP
  75  0036              	ENDIF
  75  0036              ;# 75 "c:\users\tech\desktop\powerlinetransceiver\Main\Main.c" 1
  75  0036              	IF 10000==3
  75  0036              ;# 75 "c:\users\tech\desktop\powerlinetransceiver\Main\Main.c" 1
  75  0036              	NOP
  75  0036              ;# 75 "c:\users\tech\desktop\powerlinetransceiver\Main\Main.c" 1
  75  0036              	NOP
  75  0036              ;# 75 "c:\users\tech\desktop\powerlinetransceiver\Main\Main.c" 1
  75  0036              	NOP
  75  0036              	ENDIF
  75  0036              ;# 75 "c:\users\tech\desktop\powerlinetransceiver\Main\Main.c" 1
  75  0036              	IF (10000<8) AND (10000>3)
  75  0036              ;# 75 "c:\users\tech\desktop\powerlinetransceiver\Main\Main.c" 1
  75  0036              	CALL __DELAY3 + 7 -10000
  75  0036              	ENDIF
  75  0036              ;# 75 "c:\users\tech\desktop\powerlinetransceiver\Main\Main.c" 1
  75  0036              	IF (10000< 0404h) AND (10000>7)
  75  0036              ;# 75 "c:\users\tech\desktop\powerlinetransceiver\Main\Main.c" 1
  75  0036              	MOV A,10000/4-1
  75  0036              ;# 75 "c:\users\tech\desktop\powerlinetransceiver\Main\Main.c" 1
  75  0036              	CALL __DELAYX3 + 3 -(10000 MOD 4)
  75  0036              	ENDIF
  75  0036              ;# 75 "c:\users\tech\desktop\powerlinetransceiver\Main\Main.c" 1
  75  0036              	IF (10000< 0x40B) AND (10000> 0403h)
  75  0036              ;# 75 "c:\users\tech\desktop\powerlinetransceiver\Main\Main.c" 1
  75  0036              	MOV A,0 
"File: Main.c        Assembler  Version HGASM0202      Page 10

  75  0036              ;# 75 "c:\users\tech\desktop\powerlinetransceiver\Main\Main.c" 1
  75  0036              	CALL __DELAYX6 + 0x40a -10000
  75  0036              	ENDIF
  75  0036              ;# 75 "c:\users\tech\desktop\powerlinetransceiver\Main\Main.c" 1
  75  0036              	IF (10000 >= 0x40b) AND ((((10000-9)%0402h)/4+1)>256)
  75  0036              ;# 75 "c:\users\tech\desktop\powerlinetransceiver\Main\Main.c" 1
  75  0036              	MOV A,(10000-9)/0402h
  75  0036              ;# 75 "c:\users\tech\desktop\powerlinetransceiver\Main\Main.c" 1
  75  0036              	MOV _builtin_holtek_delay_2,A
  75  0036              ;# 75 "c:\users\tech\desktop\powerlinetransceiver\Main\Main.c" 1
  75  0036              	MOV A,0
  75  0036              ;# 75 "c:\users\tech\desktop\powerlinetransceiver\Main\Main.c" 1
  75  0036              	CALL __DELAYY5 +5- (((10000-9)%0402h)%6)
  75  0036              	ENDIF
  75  0036              ;# 75 "c:\users\tech\desktop\powerlinetransceiver\Main\Main.c" 1
  75  0036              	IF (10000 >= 0x40b) AND ((((10000-9)%0402h)/4+1)<=256)
  75  0036              ;# 75 "c:\users\tech\desktop\powerlinetransceiver\Main\Main.c" 1
  75  0036  0F09        	MOV A,(10000-9)/0402h
  75  0037              ;# 75 "c:\users\tech\desktop\powerlinetransceiver\Main\Main.c" 1
  75  0037  0080     E  	MOV _builtin_holtek_delay_2,A
  75  0038              ;# 75 "c:\users\tech\desktop\powerlinetransceiver\Main\Main.c" 1
  75  0038  0FBE        	MOV A,((10000-9)%0402h)/4+1
  75  0039              ;# 75 "c:\users\tech\desktop\powerlinetransceiver\Main\Main.c" 1
  75  0039  2000     E  	CALL __DELAYY3 +3-(((10000-9)%0402h)%4)
  75  003A              	ENDIF
  76  003A              #line 76 "c:\users\tech\desktop\powerlinetransceiver\Main\Main.c"
  76  003A  2000     E  	call _PLTAInit
  77  003B              #line 77 "c:\users\tech\desktop\powerlinetransceiver\Main\Main.c"
  77  003B  0F4F        	mov a,79
  77  003C  2000     E  	call _UART_Transmit
  78  003D              #line 78 "c:\users\tech\desktop\powerlinetransceiver\Main\Main.c"
  78  003D  2000     R  	call _info
  79  003E              #line 79 "c:\users\tech\desktop\powerlinetransceiver\Main\Main.c"
  79  003E  1F00     R  	clr _AddresssValid[0]
  79  003F              _L8:
  82  003F              #line 82 "c:\users\tech\desktop\powerlinetransceiver\Main\Main.c"
  82  003F  1E00     R  	snz _AddresssValid[0]
  82  0040  2800     R  	jmp _L5
  82  0041  0700     R  	mov a,_main_2[0]
  82  0042  0A43        	sub a,67
  82  0043  390A        	snz z
  82  0044  2800     R  	jmp _L9
  83  0045              #line 83 "c:\users\tech\desktop\powerlinetransceiver\Main\Main.c"
  83  0045              ;# 83 "c:\users\tech\desktop\powerlinetransceiver\Main\Main.c" 1
  83  0045              	IF 10000>263690
  83  0045              ;# 83 "c:\users\tech\desktop\powerlinetransceiver\Main\Main.c" 1
  83  0045              	ERRMESSAGE 'the value 10000of the argument exceeds the maxinum 263690'
  83  0045              	ENDIF
  83  0045              ;# 83 "c:\users\tech\desktop\powerlinetransceiver\Main\Main.c" 1
  83  0045              	IF 10000<0
  83  0045              ;# 83 "c:\users\tech\desktop\powerlinetransceiver\Main\Main.c" 1
  83  0045              	ERRMESSAGE 'the value 10000 of the argument exceeds the mininum 0'
  83  0045              	ENDIF
  83  0045              ;# 83 "c:\users\tech\desktop\powerlinetransceiver\Main\Main.c" 1
  83  0045              	IF 10000==0
  83  0045              ;# 83 "c:\users\tech\desktop\powerlinetransceiver\Main\Main.c" 1
  83  0045              	JMP $
  83  0045              	ENDIF
  83  0045              ;# 83 "c:\users\tech\desktop\powerlinetransceiver\Main\Main.c" 1
  83  0045              	IF 10000==1
"File: Main.c        Assembler  Version HGASM0202      Page 11

  83  0045              ;# 83 "c:\users\tech\desktop\powerlinetransceiver\Main\Main.c" 1
  83  0045              	NOP
  83  0045              	ENDIF
  83  0045              ;# 83 "c:\users\tech\desktop\powerlinetransceiver\Main\Main.c" 1
  83  0045              	IF 10000==2
  83  0045              ;# 83 "c:\users\tech\desktop\powerlinetransceiver\Main\Main.c" 1
  83  0045              	NOP
  83  0045              ;# 83 "c:\users\tech\desktop\powerlinetransceiver\Main\Main.c" 1
  83  0045              	NOP
  83  0045              	ENDIF
  83  0045              ;# 83 "c:\users\tech\desktop\powerlinetransceiver\Main\Main.c" 1
  83  0045              	IF 10000==3
  83  0045              ;# 83 "c:\users\tech\desktop\powerlinetransceiver\Main\Main.c" 1
  83  0045              	NOP
  83  0045              ;# 83 "c:\users\tech\desktop\powerlinetransceiver\Main\Main.c" 1
  83  0045              	NOP
  83  0045              ;# 83 "c:\users\tech\desktop\powerlinetransceiver\Main\Main.c" 1
  83  0045              	NOP
  83  0045              	ENDIF
  83  0045              ;# 83 "c:\users\tech\desktop\powerlinetransceiver\Main\Main.c" 1
  83  0045              	IF (10000<8) AND (10000>3)
  83  0045              ;# 83 "c:\users\tech\desktop\powerlinetransceiver\Main\Main.c" 1
  83  0045              	CALL __DELAY3 + 7 -10000
  83  0045              	ENDIF
  83  0045              ;# 83 "c:\users\tech\desktop\powerlinetransceiver\Main\Main.c" 1
  83  0045              	IF (10000< 0404h) AND (10000>7)
  83  0045              ;# 83 "c:\users\tech\desktop\powerlinetransceiver\Main\Main.c" 1
  83  0045              	MOV A,10000/4-1
  83  0045              ;# 83 "c:\users\tech\desktop\powerlinetransceiver\Main\Main.c" 1
  83  0045              	CALL __DELAYX3 + 3 -(10000 MOD 4)
  83  0045              	ENDIF
  83  0045              ;# 83 "c:\users\tech\desktop\powerlinetransceiver\Main\Main.c" 1
  83  0045              	IF (10000< 0x40B) AND (10000> 0403h)
  83  0045              ;# 83 "c:\users\tech\desktop\powerlinetransceiver\Main\Main.c" 1
  83  0045              	MOV A,0 
  83  0045              ;# 83 "c:\users\tech\desktop\powerlinetransceiver\Main\Main.c" 1
  83  0045              	CALL __DELAYX6 + 0x40a -10000
  83  0045              	ENDIF
  83  0045              ;# 83 "c:\users\tech\desktop\powerlinetransceiver\Main\Main.c" 1
  83  0045              	IF (10000 >= 0x40b) AND ((((10000-9)%0402h)/4+1)>256)
  83  0045              ;# 83 "c:\users\tech\desktop\powerlinetransceiver\Main\Main.c" 1
  83  0045              	MOV A,(10000-9)/0402h
  83  0045              ;# 83 "c:\users\tech\desktop\powerlinetransceiver\Main\Main.c" 1
  83  0045              	MOV _builtin_holtek_delay_2,A
  83  0045              ;# 83 "c:\users\tech\desktop\powerlinetransceiver\Main\Main.c" 1
  83  0045              	MOV A,0
  83  0045              ;# 83 "c:\users\tech\desktop\powerlinetransceiver\Main\Main.c" 1
  83  0045              	CALL __DELAYY5 +5- (((10000-9)%0402h)%6)
  83  0045              	ENDIF
  83  0045              ;# 83 "c:\users\tech\desktop\powerlinetransceiver\Main\Main.c" 1
  83  0045              	IF (10000 >= 0x40b) AND ((((10000-9)%0402h)/4+1)<=256)
  83  0045              ;# 83 "c:\users\tech\desktop\powerlinetransceiver\Main\Main.c" 1
  83  0045  0F09        	MOV A,(10000-9)/0402h
  83  0046              ;# 83 "c:\users\tech\desktop\powerlinetransceiver\Main\Main.c" 1
  83  0046  0080     E  	MOV _builtin_holtek_delay_2,A
  83  0047              ;# 83 "c:\users\tech\desktop\powerlinetransceiver\Main\Main.c" 1
  83  0047  0FBE        	MOV A,((10000-9)%0402h)/4+1
  83  0048              ;# 83 "c:\users\tech\desktop\powerlinetransceiver\Main\Main.c" 1
  83  0048  2000     E  	CALL __DELAYY3 +3-(((10000-9)%0402h)%4)
  83  0049              	ENDIF
"File: Main.c        Assembler  Version HGASM0202      Page 12

  84  0049              #line 84 "c:\users\tech\desktop\powerlinetransceiver\Main\Main.c"
  84  0049  2000     E  	call _PLTAInit
  85  004A              #line 85 "c:\users\tech\desktop\powerlinetransceiver\Main\Main.c"
  85  004A  0F43        	mov a,67
  85  004B  2000     E  	call _UART_Transmit
  86  004C              #line 86 "c:\users\tech\desktop\powerlinetransceiver\Main\Main.c"
  86  004C  2000     R  	call _info
  87  004D              #line 87 "c:\users\tech\desktop\powerlinetransceiver\Main\Main.c"
  87  004D  1F00     R  	clr _AddresssValid[0]
  87  004E              _L9:
  90  004E              #line 90 "c:\users\tech\desktop\powerlinetransceiver\Main\Main.c"
  90  004E  1E00     R  	snz _AddresssValid[0]
  90  004F  2800     R  	jmp _L5
  90  0050  0700     R  	mov a,_main_2[0]
  90  0051  0A4C        	sub a,76
  90  0052  390A        	snz z
  90  0053  2800     R  	jmp _L10
  91  0054              #line 91 "c:\users\tech\desktop\powerlinetransceiver\Main\Main.c"
  91  0054  0F01        	mov a,1
  91  0055  0080     R  	mov _LEDState[0],a
  92  0056              #line 92 "c:\users\tech\desktop\powerlinetransceiver\Main\Main.c"
  92  0056  1F00     R  	clr _AddresssValid[0]
  92  0057              _L10:
  95  0057              #line 95 "c:\users\tech\desktop\powerlinetransceiver\Main\Main.c"
  95  0057  1E00     R  	snz _AddresssValid[0]
  95  0058  2800     R  	jmp _L5
  95  0059  0700     R  	mov a,_main_2[0]
  95  005A  0A48        	sub a,72
  95  005B  390A        	snz z
  95  005C  2800     R  	jmp _L5
  96  005D              #line 96 "c:\users\tech\desktop\powerlinetransceiver\Main\Main.c"
  96  005D  1F00     R  	clr _LEDState[0]
  97  005E              #line 97 "c:\users\tech\desktop\powerlinetransceiver\Main\Main.c"
  97  005E  1F00     R  	clr _AddresssValid[0]
  97  005F              _L5:
 101  005F              #line 101 "c:\users\tech\desktop\powerlinetransceiver\Main\Main.c"
 101  005F  0700     R  	mov a,_LEDState[0]
 101  0060  0E01        	and a,1
 101  0061  0080     E  	mov ra,a
 101  0062  1100     E  	swapa ra
 101  0063  0EF0        	and a,0f0h 
 101  0064  0080     E  	mov ra,a
 101  0065  3614        	clr [20].4
 101  0066  0700     E  	mov a,ra
 101  0067  0594        	orm a,[20]
 102  0068              #line 102 "c:\users\tech\desktop\powerlinetransceiver\Main\Main.c"
 102  0068  2000     E  	call _PLTAOFF
 105  0069              #line 105 "c:\users\tech\desktop\powerlinetransceiver\Main\Main.c"
 105  0069  0F01        	mov a,1
 105  006A  0300     R  	add a,_SecTick[0]
 105  006B  0080     E  	mov rd,a
 105  006C  0F00        	mov a,0
 105  006D  1300     R  	adc a,_SecTick[1]
 105  006E  0080     E  	mov re,a
 105  006F  0F00        	mov a,0
 105  0070  1300     R  	adc a,_SecTick[2]
 105  0071  0080     E  	mov rf,a
 105  0072  0F00        	mov a,0
 105  0073  1300     R  	adc a,_SecTick[3]
 105  0074  0080     E  	mov rg,a
"File: Main.c        Assembler  Version HGASM0202      Page 13

 105  0075  0700     E  	mov a,rd
 105  0076  0080     R  	mov _SecTick[0],a
 105  0077  0700     E  	mov a,re
 105  0078  0080     R  	mov _SecTick[1],a
 105  0079  0700     E  	mov a,rf
 105  007A  0080     R  	mov _SecTick[2],a
 105  007B  0700     E  	mov a,rg
 105  007C  0080     R  	mov _SecTick[3],a
 106  007D              #line 106 "c:\users\tech\desktop\powerlinetransceiver\Main\Main.c"
 106  007D  0FC8        	mov a,200
 106  007E  0200     E  	sub a,rd
 106  007F  0F32        	mov a,50
 106  0080  1200     E  	sbc a,re
 106  0081  0F00        	mov a,0
 106  0082  1200     E  	sbc a,rf
 106  0083  0F00        	mov a,0
 106  0084  1200     E  	sbc a,rg
 106  0085  3C0A        	sz c
 106  0086  2800     R  	jmp _L12
 107  0087              #line 107 "c:\users\tech\desktop\powerlinetransceiver\Main\Main.c"
 107  0087  1480     R  	inc _SecondsCounterLED[0]
 108  0088              #line 108 "c:\users\tech\desktop\powerlinetransceiver\Main\Main.c"
 108  0088  1480     R  	inc _SecondsCounterCheckStatus[0]
 109  0089              #line 109 "c:\users\tech\desktop\powerlinetransceiver\Main\Main.c"
 109  0089  1F00     R  	clr _SecTick[0]
 109  008A  1F00     R  	clr _SecTick[1]
 109  008B  1F00     R  	clr _SecTick[2]
 109  008C  1F00     R  	clr _SecTick[3]
 109  008D              _L12:
 113  008D              #line 113 "c:\users\tech\desktop\powerlinetransceiver\Main\Main.c"
 113  008D  0F01        	mov a,1
 113  008E  0200     R  	sub a,_SecondsCounterCheckStatus[0]
 113  008F  3C0A        	sz c
 113  0090  2800     R  	jmp _L13
 114  0091              #line 114 "c:\users\tech\desktop\powerlinetransceiver\Main\Main.c"
 114  0091  2000     E  	call _ADCInit
 115  0092              #line 115 "c:\users\tech\desktop\powerlinetransceiver\Main\Main.c"
 115  0092  3114        	set [20].2
 116  0093              #line 116 "c:\users\tech\desktop\powerlinetransceiver\Main\Main.c"
 116  0093  0F01        	mov a,1
 116  0094  2000     E  	call _ReadADC
 116  0095  1F00     E  	clr _temperature_2[2]
 116  0096  0F40        	mov a,64
 116  0097  0080     E  	mov _temperature_2[3],a
 116  0098  0F40        	mov a,64
 116  0099  0080     E  	mov _temperature_2[4],a
 116  009A  0700     E  	mov a,ra
 116  009B  0080     E  	mov _temperature_2[0],a
 116  009C  0700     E  	mov a,rb
 116  009D  0080     E  	mov _temperature_2[1],a
 116  009E  2000     E  	call _temperature
 116  009F  1F00     E  	clr _builtin_holtek_mant12p[0]
 116  00A0  0700     E  	mov a,rc
 116  00A1  0080     E  	mov _builtin_holtek_mant1[2],a
 116  00A2  0700     E  	mov a,rb
 116  00A3  0080     E  	mov _builtin_holtek_mant1[1],a
 116  00A4  0700     E  	mov a,ra
 116  00A5  0080     E  	mov _builtin_holtek_mant1[0],a
 116  00A6  2000     E  	call _builtin_holtek_ftol
 116  00A7  0700     E  	mov a,_builtin_holtek_mant12p[0]
"File: Main.c        Assembler  Version HGASM0202      Page 14

 116  00A8  0080     E  	mov rg,a
 116  00A9  0700     E  	mov a,_builtin_holtek_mant1[2]
 116  00AA  0080     E  	mov rf,a
 116  00AB  0700     E  	mov a,_builtin_holtek_mant1[1]
 116  00AC  0080     E  	mov re,a
 116  00AD  0700     E  	mov a,_builtin_holtek_mant1[0]
 116  00AE  0080     E  	mov rd,a
 116  00AF  0700     E  	mov a,rd
 116  00B0  0080     R  	mov _situation[0],a
 116  00B1  0700     E  	mov a,re
 116  00B2  0080     R  	mov _situation[1],a
 117  00B3              #line 117 "c:\users\tech\desktop\powerlinetransceiver\Main\Main.c"
 117  00B3  3514        	clr [20].2
 118  00B4              #line 118 "c:\users\tech\desktop\powerlinetransceiver\Main\Main.c"
 118  00B4  2000     E  	call _InitSmokeDetection
 119  00B5              #line 119 "c:\users\tech\desktop\powerlinetransceiver\Main\Main.c"
 119  00B5  0F00     R  	mov a,low (offset _situation+2)
 119  00B6  0080     E  	mov _CheckSmokeLevel_2[0],a
 119  00B7  0F00     R  	mov a,high (offset _situation+2)
 119  00B8  0080     E  	mov _CheckSmokeLevel_2[1],a
 119  00B9  2000     E  	call _CheckSmokeLevel
 120  00BA              #line 120 "c:\users\tech\desktop\powerlinetransceiver\Main\Main.c"
 120  00BA  0700     R  	mov a,_situation[2]
 120  00BB  0500     R  	or a,_situation[3]
 120  00BC  390A        	snz z
 120  00BD  2800     R  	jmp _L14
 120  00BE  0F46        	mov a,70
 120  00BF  2000     E  	call _UART_Transmit
 120  00C0              _L14:
 121  00C0              #line 121 "c:\users\tech\desktop\powerlinetransceiver\Main\Main.c"
 121  00C0  2000     E  	call _SmokeDetectionOFF
 122  00C1              #line 122 "c:\users\tech\desktop\powerlinetransceiver\Main\Main.c"
 122  00C1  2000     E  	call _ADC_Inactive
 123  00C2              #line 123 "c:\users\tech\desktop\powerlinetransceiver\Main\Main.c"
 123  00C2  1F00     R  	clr _SecondsCounterCheckStatus[0]
 123  00C3              _L13:
 127  00C3              #line 127 "c:\users\tech\desktop\powerlinetransceiver\Main\Main.c"
 127  00C3  0F0B        	mov a,11
 127  00C4  0200     R  	sub a,_SecondsCounterLED[0]
 127  00C5  3C0A        	sz c
 127  00C6  2800     R  	jmp _L16
 128  00C7              #line 128 "c:\users\tech\desktop\powerlinetransceiver\Main\Main.c"
 128  00C7  3214        	set [20].4
 129  00C8              #line 129 "c:\users\tech\desktop\powerlinetransceiver\Main\Main.c"
 129  00C8              ;# 129 "c:\users\tech\desktop\powerlinetransceiver\Main\Main.c" 1
 129  00C8              	IF 1000>263690
 129  00C8              ;# 129 "c:\users\tech\desktop\powerlinetransceiver\Main\Main.c" 1
 129  00C8              	ERRMESSAGE 'the value 1000of the argument exceeds the maxinum 263690'
 129  00C8              	ENDIF
 129  00C8              ;# 129 "c:\users\tech\desktop\powerlinetransceiver\Main\Main.c" 1
 129  00C8              	IF 1000<0
 129  00C8              ;# 129 "c:\users\tech\desktop\powerlinetransceiver\Main\Main.c" 1
 129  00C8              	ERRMESSAGE 'the value 1000 of the argument exceeds the mininum 0'
 129  00C8              	ENDIF
 129  00C8              ;# 129 "c:\users\tech\desktop\powerlinetransceiver\Main\Main.c" 1
 129  00C8              	IF 1000==0
 129  00C8              ;# 129 "c:\users\tech\desktop\powerlinetransceiver\Main\Main.c" 1
 129  00C8              	JMP $
 129  00C8              	ENDIF
 129  00C8              ;# 129 "c:\users\tech\desktop\powerlinetransceiver\Main\Main.c" 1
"File: Main.c        Assembler  Version HGASM0202      Page 15

 129  00C8              	IF 1000==1
 129  00C8              ;# 129 "c:\users\tech\desktop\powerlinetransceiver\Main\Main.c" 1
 129  00C8              	NOP
 129  00C8              	ENDIF
 129  00C8              ;# 129 "c:\users\tech\desktop\powerlinetransceiver\Main\Main.c" 1
 129  00C8              	IF 1000==2
 129  00C8              ;# 129 "c:\users\tech\desktop\powerlinetransceiver\Main\Main.c" 1
 129  00C8              	NOP
 129  00C8              ;# 129 "c:\users\tech\desktop\powerlinetransceiver\Main\Main.c" 1
 129  00C8              	NOP
 129  00C8              	ENDIF
 129  00C8              ;# 129 "c:\users\tech\desktop\powerlinetransceiver\Main\Main.c" 1
 129  00C8              	IF 1000==3
 129  00C8              ;# 129 "c:\users\tech\desktop\powerlinetransceiver\Main\Main.c" 1
 129  00C8              	NOP
 129  00C8              ;# 129 "c:\users\tech\desktop\powerlinetransceiver\Main\Main.c" 1
 129  00C8              	NOP
 129  00C8              ;# 129 "c:\users\tech\desktop\powerlinetransceiver\Main\Main.c" 1
 129  00C8              	NOP
 129  00C8              	ENDIF
 129  00C8              ;# 129 "c:\users\tech\desktop\powerlinetransceiver\Main\Main.c" 1
 129  00C8              	IF (1000<8) AND (1000>3)
 129  00C8              ;# 129 "c:\users\tech\desktop\powerlinetransceiver\Main\Main.c" 1
 129  00C8              	CALL __DELAY3 + 7 -1000
 129  00C8              	ENDIF
 129  00C8              ;# 129 "c:\users\tech\desktop\powerlinetransceiver\Main\Main.c" 1
 129  00C8              	IF (1000< 0404h) AND (1000>7)
 129  00C8              ;# 129 "c:\users\tech\desktop\powerlinetransceiver\Main\Main.c" 1
 129  00C8  0FF9        	MOV A,1000/4-1
 129  00C9              ;# 129 "c:\users\tech\desktop\powerlinetransceiver\Main\Main.c" 1
 129  00C9  2000     E  	CALL __DELAYX3 + 3 -(1000 MOD 4)
 129  00CA              	ENDIF
 129  00CA              ;# 129 "c:\users\tech\desktop\powerlinetransceiver\Main\Main.c" 1
 129  00CA              	IF (1000< 0x40B) AND (1000> 0403h)
 129  00CA              ;# 129 "c:\users\tech\desktop\powerlinetransceiver\Main\Main.c" 1
 129  00CA              	MOV A,0 
 129  00CA              ;# 129 "c:\users\tech\desktop\powerlinetransceiver\Main\Main.c" 1
 129  00CA              	CALL __DELAYX6 + 0x40a -1000
 129  00CA              	ENDIF
 129  00CA              ;# 129 "c:\users\tech\desktop\powerlinetransceiver\Main\Main.c" 1
 129  00CA              	IF (1000 >= 0x40b) AND ((((1000-9)%0402h)/4+1)>256)
 129  00CA              ;# 129 "c:\users\tech\desktop\powerlinetransceiver\Main\Main.c" 1
 129  00CA              	MOV A,(1000-9)/0402h
 129  00CA              ;# 129 "c:\users\tech\desktop\powerlinetransceiver\Main\Main.c" 1
 129  00CA              	MOV _builtin_holtek_delay_2,A
 129  00CA              ;# 129 "c:\users\tech\desktop\powerlinetransceiver\Main\Main.c" 1
 129  00CA              	MOV A,0
 129  00CA              ;# 129 "c:\users\tech\desktop\powerlinetransceiver\Main\Main.c" 1
 129  00CA              	CALL __DELAYY5 +5- (((1000-9)%0402h)%6)
 129  00CA              	ENDIF
 129  00CA              ;# 129 "c:\users\tech\desktop\powerlinetransceiver\Main\Main.c" 1
 129  00CA              	IF (1000 >= 0x40b) AND ((((1000-9)%0402h)/4+1)<=256)
 129  00CA              ;# 129 "c:\users\tech\desktop\powerlinetransceiver\Main\Main.c" 1
 129  00CA              	MOV A,(1000-9)/0402h
 129  00CA              ;# 129 "c:\users\tech\desktop\powerlinetransceiver\Main\Main.c" 1
 129  00CA              	MOV _builtin_holtek_delay_2,A
 129  00CA              ;# 129 "c:\users\tech\desktop\powerlinetransceiver\Main\Main.c" 1
 129  00CA              	MOV A,((1000-9)%0402h)/4+1
 129  00CA              ;# 129 "c:\users\tech\desktop\powerlinetransceiver\Main\Main.c" 1
 129  00CA              	CALL __DELAYY3 +3-(((1000-9)%0402h)%4)
"File: Main.c        Assembler  Version HGASM0202      Page 16

 129  00CA              	ENDIF
 130  00CA              #line 130 "c:\users\tech\desktop\powerlinetransceiver\Main\Main.c"
 130  00CA  3614        	clr [20].4
 131  00CB              #line 131 "c:\users\tech\desktop\powerlinetransceiver\Main\Main.c"
 131  00CB  1F00     R  	clr _SecondsCounterLED[0]
 131  00CC  2800     R  	jmp _L16
 131  00CD              #pragma debug scope 3 1
 131  00CD  2800     R  	jmp $
 131  00CE              _main endp
 131  00CE              
 131  00CE              @dummy endp
 131  00CE              
 131  00CE              #line 131 "c:\users\tech\desktop\powerlinetransceiver\Main\Main.c"
 131  00CE              #pragma debug scope 1 1
  30  00CE              #line 30 "c:\users\tech\desktop\powerlinetransceiver\Main\Main.c"
  30  00CE              public _tx_busy
  30  0000              @HCCINIT0_tx_busy .section 'data'
  30  0000              _tx_busy	db 0
  30  0001              #pragma debug variable 7 1 _tx_busy "tx_busy"
  30  0001              
  30  0000              @HCCINIT .section 'data'
  29  0000              #line 29 "c:\users\tech\desktop\powerlinetransceiver\Main\Main.c"
  29  0000              public _frame
  29  0000              @HCCINIT0_frame .section 'data'
  29  0000  0002[       _frame	db 2 dup(0)
            00
            ]
  29  0002              #pragma debug pointer 42 10 1
  29  0002              #pragma debug pointer 42 10 1
  29  0002              #pragma debug variable 42 1 _frame "frame"
  29  0002              
  29  0000              @HCCINIT .section 'data'
  29  0000              public _LEDState
  29  0000              @HCCINIT	.section 'data'
  27  0000              #line 27 "c:\users\tech\desktop\powerlinetransceiver\Main\Main.c"
  27  0000              @HCCINIT_LEDState .section 'data'
  27  0000              _LEDState label byte
  27  0000              #pragma debug variable 8 1 _LEDState "LEDState"
  27  0000              	db 0
  27  0000              @ROMDATA_BASE .section inpage 'code'
  27  0000              	db 0
  27  0001              @HCCINIT_LEDState .section 'data'
  27  0001              public _PushButtonCounter
  26  0001              #line 26 "c:\users\tech\desktop\powerlinetransceiver\Main\Main.c"
  26  0000              @HCCINIT_PushButtonCounter .section 'data'
  26  0000              _PushButtonCounter label byte
  26  0000              #pragma debug variable 14 1 _PushButtonCounter "PushButtonCounter"
  26  0000              	db 0
  26  0001              @ROMDATA_BASE .section inpage 'code'
  26  0001              	db 0
  26  0001              @HCCINIT_PushButtonCounter .section 'data'
  26  0001              	db 0
  26  0001              @ROMDATA_BASE .section inpage 'code'
  26  0001              	db 0
  26  0002              @HCCINIT_PushButtonCounter .section 'data'
  26  0002              	db 0
  26  0002              @ROMDATA_BASE .section inpage 'code'
  26  0002              	db 0
  26  0003              @HCCINIT_PushButtonCounter .section 'data'
  26  0003              	db 0
"File: Main.c        Assembler  Version HGASM0202      Page 17

  26  0002              @ROMDATA_BASE .section inpage 'code'
  26  0002              	db 0
  26  0004              @HCCINIT_PushButtonCounter .section 'data'
  26  0004              public _AddresssValid
  25  0004              #line 25 "c:\users\tech\desktop\powerlinetransceiver\Main\Main.c"
  25  0000              @HCCINIT_AddresssValid .section 'data'
  25  0000              _AddresssValid label byte
  25  0000              #pragma debug variable 8 1 _AddresssValid "AddresssValid"
  25  0000              	db 0
  25  0003              @ROMDATA_BASE .section inpage 'code'
  25  0003              	db 0
  25  0001              @HCCINIT_AddresssValid .section 'data'
  25  0001              public _pushButtonState
  24  0001              #line 24 "c:\users\tech\desktop\powerlinetransceiver\Main\Main.c"
  24  0000              @HCCINIT_pushButtonState .section 'data'
  24  0000              _pushButtonState label byte
  24  0000              #pragma debug variable 8 1 _pushButtonState "pushButtonState"
  24  0000              	db 0
  24  0003              @ROMDATA_BASE .section inpage 'code'
  24  0003              	db 0
  24  0001              @HCCINIT_pushButtonState .section 'data'
  24  0001              public _i
  23  0001              #line 23 "c:\users\tech\desktop\powerlinetransceiver\Main\Main.c"
  23  0000              @HCCINIT_i .section 'data'
  23  0000              _i label byte
  23  0000              #pragma debug variable 12 1 _i "i"
  23  0000              	db 0
  23  0004              @ROMDATA_BASE .section inpage 'code'
  23  0004              	db 0
  23  0001              @HCCINIT_i .section 'data'
  23  0001              	db 0
  23  0004              @ROMDATA_BASE .section inpage 'code'
  23  0004              	db 0
  23  0002              @HCCINIT_i .section 'data'
  23  0002              public _SecondsCounterCheckStatus
  22  0002              #line 22 "c:\users\tech\desktop\powerlinetransceiver\Main\Main.c"
  22  0000              @HCCINIT_SecondsCounterCheckStatus .section 'data'
  22  0000              _SecondsCounterCheckStatus label byte
  22  0000              #pragma debug variable 8 1 _SecondsCounterCheckStatus "SecondsCounterCheckStatus"
  22  0000              	db 0
  22  0005              @ROMDATA_BASE .section inpage 'code'
  22  0005              	db 0
  22  0001              @HCCINIT_SecondsCounterCheckStatus .section 'data'
  22  0001              public _SecondsCounterLED
  21  0001              #line 21 "c:\users\tech\desktop\powerlinetransceiver\Main\Main.c"
  21  0000              @HCCINIT_SecondsCounterLED .section 'data'
  21  0000              _SecondsCounterLED label byte
  21  0000              #pragma debug variable 8 1 _SecondsCounterLED "SecondsCounterLED"
  21  0000              	db 0
  21  0005              @ROMDATA_BASE .section inpage 'code'
  21  0005              	db 0
  21  0001              @HCCINIT_SecondsCounterLED .section 'data'
  21  0001              public _SecTick
  20  0001              #line 20 "c:\users\tech\desktop\powerlinetransceiver\Main\Main.c"
  20  0000              @HCCINIT_SecTick .section 'data'
  20  0000              _SecTick label byte
  20  0000              #pragma debug variable 14 1 _SecTick "SecTick"
  20  0000              	db 0
  20  0006              @ROMDATA_BASE .section inpage 'code'
  20  0006              	db 0
"File: Main.c        Assembler  Version HGASM0202      Page 18

  20  0001              @HCCINIT_SecTick .section 'data'
  20  0001              	db 0
  20  0006              @ROMDATA_BASE .section inpage 'code'
  20  0006              	db 0
  20  0002              @HCCINIT_SecTick .section 'data'
  20  0002              	db 0
  20  0007              @ROMDATA_BASE .section inpage 'code'
  20  0007              	db 0
  20  0003              @HCCINIT_SecTick .section 'data'
  20  0003              	db 0
  20  0007              @ROMDATA_BASE .section inpage 'code'
  20  0007              	db 0
  20  0004              @HCCINIT_SecTick .section 'data'
  17  0004              #line 17 "c:\users\tech\desktop\powerlinetransceiver\Main\Main.c"
  17  0004              public _situation
  17  0000              @HCCINIT0_situation .section 'data'
  17  0000  0004[       _situation	db 4 dup(0)
            00
            ]
  17  0004              #pragma debug struct_end
  17  0004              #pragma debug struct_end
  17  0004              #pragma debug variable 43 1 _situation "situation"
  17  0004              
  17  0000              @HCCINIT .section 'data'
  17  0000              #pragma debug struct_end
  17  0000              #pragma debug struct_end
  17  0000              #pragma debug union_end
  17  0000              #pragma debug union_end
  17  0000              #pragma debug variable 45 1 ___pa "__pa" 1
  35  0000              #line 35 "c:\users\tech\desktop\powerlinetransceiver\Main\Main.c"
  35  0000              @code .section at 0 'code'
  35  0000  2800     R  	jmp _main_startup1
  35  0001              
  35  0001              extern _builtin_holtek_udivmodhi4_2:byte
  35  0001              extern _builtin_holtek_udivmodhi4:near
  35  0001              extern _UART_Transmit:near
  35  0001              extern _S_RCC_Init:near
  35  0001              extern _S_GPIO_Init:near
  35  0001              extern _InterruptInit:near
  35  0001              extern _UART_Init_2:byte
  35  0001              extern _UART_Init:near
  35  0001              extern _PLT0Init:near
  35  0001              extern _PLT1Init:near
  35  0001              extern _PLTAInit:near
  35  0001              extern _UART_ReceiveNonBlocking:near
  35  0001              extern _PLTAOFF:near
  35  0001              extern _ADCInit:near
  35  0001              extern _ReadADC:near
  35  0001              extern _temperature_2:byte
  35  0001              extern _temperature:near
  35  0001              extern _builtin_holtek_mant1:byte
  35  0001              extern _builtin_holtek_mant12p:byte
  35  0001              extern _builtin_holtek_ftol:near
  35  0001              extern _InitSmokeDetection:near
  35  0001              extern _CheckSmokeLevel_2:byte
  35  0001              extern _CheckSmokeLevel:near
  35  0001              extern _SmokeDetectionOFF:near
  35  0001              extern _ADC_Inactive:near
  35  0001              
  35  0001              ; 
"File: Main.c        Assembler  Version HGASM0202      Page 19

  35  0001              ; Generated by holtek-gcc v3.19, Mon Dec 30 10:52:34 2024
  35  0001              ; Rebuild 718
  35  0001              ; end of file


        0 Errors, 0