"File: NTC.c         Assembler  Version HGASM0202      Page 1


   1  0000              ; Generated by holtek-gcc v3.19, Mon Oct 21 17:30:21 2024
   2  0000              ; 
   3  0000              ; Configuration:
   4  0000              ;       with long instruction
   5  0000              ;       Single ROM, Multi-RAM
   6  0000              ;       bits_per_rom_unit:16
   7  0000              ;       with mp1
   8  0000              ;       with tbhp, address(0x9)
   9  0000              ;          Use tabrd-const
  10  0000              ;       
  11  0000              ; SFR address of long-instruction arch:
  12  0000              ;    mp0 = -1,1,0
  13  0000              ;    mp1 = 4,3,2
  14  0000              ;    mp2 = 14,13,12
  15  0000              ;    tbp = 9,7,8
  16  0000              ;    acc = 5
  17  0000              ;    pcl = 6
  18  0000              ;    status = 10
  19  0000              ;    bp = 11
  20  0000              ;    intc = 72
  21  0000              ;       
  22  0000              ;       
  23  0000              ; use 'tabrdc' instead of 'tabrd'
  24  0000              ;       
  25  0000              
  26  0000              #pragma translator "holtek-gcc 4.6.4" "3.19" "build 20130711"
  27  0000              ; Rebuild 718
  28  0000              
  29  0000              ir equ [2]
  30  0000              mp equ [3]
  31  0000              sbp equ [4]
  32  0000              acc equ [5]
  33  0000              bp equ [11]
  34  0000              tblp equ [7]
  35  0000              tbhp equ [9]
  36  0000              status equ [10]
  37  0000              c equ [10].0
  38  0000              ac equ [10].1
  39  0000              z equ [10].2
  40  0000              ov equ [10].3
  41  0000              cz equ [10].6
  42  0000              sc equ [10].7
  43  0000              intc equ [72]
  44  0000              
  45  0000              extern ra:byte
  46  0000              extern rb:byte
  47  0000              extern rc:byte
  48  0000              extern rd:byte
  49  0000              extern re:byte
  50  0000              extern rf:byte
  51  0000              extern rg:byte
  52  0000              extern rh:byte
  53  0000              extern _Crom2Prom:near
  54  0000              extern _Crom2PromNext:near
  55  0000              
  56  0000              RAMBANK 0 @BITDATASEC, @BITDATASEC1
  57  0000              @HCCINIT	.section 'data'
  58  0000              @HCCINIT0	.section 'data'
  59  0000              @BITDATASEC	 .section 'data'
"File: NTC.ASM       Assembler  Version HGASM0202      Page 2

  60  0000              @BITDATASEC1	 .section 'data'
  61  0000              
  62  0000              #pragma debug scope 1 1
  63  0000              	extern __DELAY3:near
  64  0000              	extern __DELAYX3:near
  65  0000              	extern __DELAYX6:near
  66  0000              	extern __DELAYY5:near
  67  0000              	extern __DELAYY3:near
  68  0000              	extern _builtin_holtek_delay_2:byte
  69  0000              public _custom_log
  70  0000              #pragma debug scope 2 1

  60  0000              #line 60 "c:\users\tech\desktop\powerlinetransceiver\NTC\NTC.c"
  60  0000              _custom_log .section 'code'
  60  0000              _custom_log proc
  60  0000              public _custom_log_2
  60  0000  0011[           local _custom_log_2 db 17 dup(?)	; 4,13
            00
            ]
  60  0011              #pragma debug variable 29 2 _custom_log_2+0 "x"
  62  0011              #line 62 "c:\users\tech\desktop\powerlinetransceiver\NTC\NTC.c"
  62  0000  0700     R  	mov a,_custom_log_2[3]
  62  0001  0080     E  	mov _builtin_holtek_mant12p[0],a
  62  0002  0700     R  	mov a,_custom_log_2[2]
  62  0003  0080     E  	mov _builtin_holtek_mant1[2],a
  62  0004  0700     R  	mov a,_custom_log_2[1]
  62  0005  0080     E  	mov _builtin_holtek_mant1[1],a
  62  0006  0700     R  	mov a,_custom_log_2[0]
  62  0007  0080     E  	mov _builtin_holtek_mant1[0],a
  62  0008  0F00        	mov a,0
  62  0009  0080     E  	mov _builtin_holtek_mant12p[1],a
  62  000A  0F00        	mov a,0
  62  000B  0080     E  	mov _builtin_holtek_mant2[2],a
  62  000C  0F00        	mov a,0
  62  000D  0080     E  	mov _builtin_holtek_mant2[1],a
  62  000E  0F00        	mov a,0
  62  000F  0080     E  	mov _builtin_holtek_mant2[0],a
  62  0010  2000     E  	call _builtin_holtek_dtsub
  62  0011  3C00     E  	sz _builtin_holtek_mant12p[0].7
  62  0012  2800     R  	jmp _L5
  62  0013  0700     E  	mov a,_builtin_holtek_mant12p[0]
  62  0014  0500     E  	or a,_builtin_holtek_mant1[2]
  62  0015  0500     E  	or a,_builtin_holtek_mant1[1]
  62  0016  0500     E  	or a,_builtin_holtek_mant1[0]
  62  0017  3D0A        	sz z
  62  0018  2800     R  	jmp _L5
  69  0019              #line 69 "c:\users\tech\desktop\powerlinetransceiver\NTC\NTC.c"
  69  0019  0700     R  	mov a,_custom_log_2[3]
  69  001A  0080     E  	mov _builtin_holtek_mant12p[0],a
  69  001B  0700     R  	mov a,_custom_log_2[2]
  69  001C  0080     E  	mov _builtin_holtek_mant1[2],a
  69  001D  0700     R  	mov a,_custom_log_2[1]
  69  001E  0080     E  	mov _builtin_holtek_mant1[1],a
  69  001F  0700     R  	mov a,_custom_log_2[0]
  69  0020  0080     E  	mov _builtin_holtek_mant1[0],a
  69  0021  0F3F        	mov a,63
  69  0022  0080     E  	mov _builtin_holtek_mant12p[1],a
  69  0023  0F80        	mov a,128
  69  0024  0080     E  	mov _builtin_holtek_mant2[2],a
  69  0025  0F00        	mov a,0
"File: NTC.c         Assembler  Version HGASM0202      Page 3

  69  0026  0080     E  	mov _builtin_holtek_mant2[1],a
  69  0027  0F00        	mov a,0
  69  0028  0080     E  	mov _builtin_holtek_mant2[0],a
  69  0029  2000     E  	call _builtin_holtek_dtsub
  69  002A  0700     E  	mov a,_builtin_holtek_mant12p[0]
  69  002B  0080     R  	mov _custom_log_2[7],a
  69  002C  0700     E  	mov a,_builtin_holtek_mant1[2]
  69  002D  0080     R  	mov _custom_log_2[6],a
  69  002E  0700     E  	mov a,_builtin_holtek_mant1[1]
  69  002F  0080     R  	mov _custom_log_2[5],a
  69  0030  0700     E  	mov a,_builtin_holtek_mant1[0]
  69  0031  0080     R  	mov _custom_log_2[4],a
  69  0032  0700     R  	mov a,_custom_log_2[3]
  69  0033  0080     E  	mov _builtin_holtek_mant12p[0],a
  69  0034  0700     R  	mov a,_custom_log_2[2]
  69  0035  0080     E  	mov _builtin_holtek_mant1[2],a
  69  0036  0700     R  	mov a,_custom_log_2[1]
  69  0037  0080     E  	mov _builtin_holtek_mant1[1],a
  69  0038  0700     R  	mov a,_custom_log_2[0]
  69  0039  0080     E  	mov _builtin_holtek_mant1[0],a
  69  003A  0F3F        	mov a,63
  69  003B  0080     E  	mov _builtin_holtek_mant12p[1],a
  69  003C  0F80        	mov a,128
  69  003D  0080     E  	mov _builtin_holtek_mant2[2],a
  69  003E  0F00        	mov a,0
  69  003F  0080     E  	mov _builtin_holtek_mant2[1],a
  69  0040  0F00        	mov a,0
  69  0041  0080     E  	mov _builtin_holtek_mant2[0],a
  69  0042  2000     E  	call _builtin_holtek_dtadd
  69  0043  0700     E  	mov a,_builtin_holtek_mant12p[0]
  69  0044  0080     E  	mov rg,a
  69  0045  0700     E  	mov a,_builtin_holtek_mant1[2]
  69  0046  0080     E  	mov rf,a
  69  0047  0700     E  	mov a,_builtin_holtek_mant1[1]
  69  0048  0080     E  	mov re,a
  69  0049  0700     E  	mov a,_builtin_holtek_mant1[0]
  69  004A  0080     E  	mov rd,a
  69  004B  0700     R  	mov a,_custom_log_2[7]
  69  004C  0080     E  	mov _builtin_holtek_mant12p[0],a
  69  004D  0700     R  	mov a,_custom_log_2[6]
  69  004E  0080     E  	mov _builtin_holtek_mant1[2],a
  69  004F  0700     R  	mov a,_custom_log_2[5]
  69  0050  0080     E  	mov _builtin_holtek_mant1[1],a
  69  0051  0700     R  	mov a,_custom_log_2[4]
  69  0052  0080     E  	mov _builtin_holtek_mant1[0],a
  69  0053  0700     E  	mov a,rg
  69  0054  0080     E  	mov _builtin_holtek_mant12p[1],a
  69  0055  0700     E  	mov a,rf
  69  0056  0080     E  	mov _builtin_holtek_mant2[2],a
  69  0057  0700     E  	mov a,re
  69  0058  0080     E  	mov _builtin_holtek_mant2[1],a
  69  0059  0700     E  	mov a,rd
  69  005A  0080     E  	mov _builtin_holtek_mant2[0],a
  69  005B  2000     E  	call _builtin_holtek_dtdiv
  69  005C  0700     E  	mov a,_builtin_holtek_mant12p[0]
  69  005D  0080     E  	mov rg,a
  69  005E  0700     E  	mov a,_builtin_holtek_mant1[2]
  69  005F  0080     E  	mov rf,a
  69  0060  0700     E  	mov a,_builtin_holtek_mant1[1]
  69  0061  0080     E  	mov re,a
"File: NTC.c         Assembler  Version HGASM0202      Page 4

  69  0062  0700     E  	mov a,_builtin_holtek_mant1[0]
  69  0063  0080     E  	mov rd,a
  69  0064  0700     E  	mov a,rg
  69  0065  0080     R  	mov _custom_log_2[6],a
  69  0066  0700     E  	mov a,rf
  69  0067  0080     R  	mov _custom_log_2[5],a
  69  0068  0700     E  	mov a,re
  69  0069  0080     R  	mov _custom_log_2[4],a
  70  006A              #line 70 "c:\users\tech\desktop\powerlinetransceiver\NTC\NTC.c"
  70  006A  0700     R  	mov a,_custom_log_2[6]
  70  006B  0080     E  	mov _builtin_holtek_mant1[2],a
  70  006C  0700     R  	mov a,_custom_log_2[5]
  70  006D  0080     E  	mov _builtin_holtek_mant1[1],a
  70  006E  0700     R  	mov a,_custom_log_2[4]
  70  006F  0080     E  	mov _builtin_holtek_mant1[0],a
  70  0070  0700     R  	mov a,_custom_log_2[6]
  70  0071  0080     E  	mov _builtin_holtek_mant2[2],a
  70  0072  0700     R  	mov a,_custom_log_2[5]
  70  0073  0080     E  	mov _builtin_holtek_mant2[1],a
  70  0074  0700     R  	mov a,_custom_log_2[4]
  70  0075  0080     E  	mov _builtin_holtek_mant2[0],a
  70  0076  2000     E  	call _builtin_holtek_ftmul
  70  0077  0700     E  	mov a,_builtin_holtek_mant1[2]
  70  0078  0080     R  	mov _custom_log_2[13],a
  70  0079  0700     E  	mov a,_builtin_holtek_mant1[1]
  70  007A  0080     R  	mov _custom_log_2[12],a
  70  007B  0700     E  	mov a,_builtin_holtek_mant1[0]
  70  007C  0080     R  	mov _custom_log_2[11],a
  72  007D              #line 72 "c:\users\tech\desktop\powerlinetransceiver\NTC\NTC.c"
  72  007D  0700     R  	mov a,_custom_log_2[4]
  72  007E  0080     E  	mov rf,a
  72  007F  0700     R  	mov a,_custom_log_2[5]
  72  0080  0080     E  	mov rg,a
  72  0081  0700     R  	mov a,_custom_log_2[6]
  72  0082  0080     E  	mov rh,a
  71  0083              #line 71 "c:\users\tech\desktop\powerlinetransceiver\NTC\NTC.c"
  71  0083  0700     R  	mov a,_custom_log_2[11]
  71  0084  0080     R  	mov _custom_log_2[8],a
  71  0085  0700     R  	mov a,_custom_log_2[12]
  71  0086  0080     R  	mov _custom_log_2[9],a
  71  0087  0700     R  	mov a,_custom_log_2[13]
  71  0088  0080     R  	mov _custom_log_2[10],a
  68  0089              #line 68 "c:\users\tech\desktop\powerlinetransceiver\NTC\NTC.c"
  68  0089  1F00     E  	clr rc
  68  008A  1F00     E  	clr rd
  68  008B  1F00     E  	clr re
  74  008C              #line 74 "c:\users\tech\desktop\powerlinetransceiver\NTC\NTC.c"
  74  008C  0F01        	mov a,1
  74  008D  0080     E  	mov ra,a
  74  008E  1F00     E  	clr rb
  74  008F              _L3:
  74  008F  0700     E  	mov a,rh
  74  0090  0080     E  	mov _builtin_holtek_mant1[2],a
  74  0091  0700     E  	mov a,rg
  74  0092  0080     E  	mov _builtin_holtek_mant1[1],a
  74  0093  0700     E  	mov a,rf
  74  0094  0080     E  	mov _builtin_holtek_mant1[0],a
  74  0095  0F2E        	mov a,46
  74  0096  0080     E  	mov _builtin_holtek_mant2[2],a
  74  0097  0FDB        	mov a,219
"File: NTC.c         Assembler  Version HGASM0202      Page 5

  74  0098  0080     E  	mov _builtin_holtek_mant2[1],a
  74  0099  0FE7        	mov a,231
  74  009A  0080     E  	mov _builtin_holtek_mant2[0],a
  74  009B  2000     E  	call _builtin_holtek_ftsub
  74  009C  3C00     E  	sz _builtin_holtek_mant1[2].7
  74  009D  2800     R  	jmp _LI1
  74  009E  0700     E  	mov a,_builtin_holtek_mant1[2]
  74  009F  0500     E  	or a,_builtin_holtek_mant1[1]
  74  00A0  0500     E  	or a,_builtin_holtek_mant1[0]
  74  00A1  390A        	snz z
  74  00A2  2800     R  	jmp _L4
  74  00A3              _LI1:
  82  00A3              #line 82 "c:\users\tech\desktop\powerlinetransceiver\NTC\NTC.c"
  82  00A3  0700     E  	mov a,re
  82  00A4  0080     E  	mov _builtin_holtek_mant1[2],a
  82  00A5  0700     E  	mov a,rd
  82  00A6  0080     E  	mov _builtin_holtek_mant1[1],a
  82  00A7  0700     E  	mov a,rc
  82  00A8  0080     E  	mov _builtin_holtek_mant1[0],a
  82  00A9  0700     E  	mov a,re
  82  00AA  0080     E  	mov _builtin_holtek_mant2[2],a
  82  00AB  0700     E  	mov a,rd
  82  00AC  0080     E  	mov _builtin_holtek_mant2[1],a
  82  00AD  0700     E  	mov a,rc
  82  00AE  0080     E  	mov _builtin_holtek_mant2[0],a
  82  00AF  2000     E  	call _builtin_holtek_ftadd
  82  00B0  0700     E  	mov a,_builtin_holtek_mant1[2]
  82  00B1  0080     E  	mov re,a
  82  00B2  0700     E  	mov a,_builtin_holtek_mant1[1]
  82  00B3  0080     E  	mov rd,a
  82  00B4  0700     E  	mov a,_builtin_holtek_mant1[0]
  82  00B5  0080     E  	mov rc,a
  82  00B6  0700     E  	mov a,rc
  82  00B7  0080     E  	mov rb,a
  82  00B8  0700     E  	mov a,rd
  82  00B9  0080     E  	mov rc,a
  82  00BA  0700     E  	mov a,re
  82  00BB  0080     E  	mov rd,a
  82  00BC  1F00     E  	clr ra
  82  00BD  2800     R  	jmp _L2
  82  00BE              _L4:
  76  00BE              #line 76 "c:\users\tech\desktop\powerlinetransceiver\NTC\NTC.c"
  76  00BE  0700     E  	mov a,re
  76  00BF  0080     E  	mov _builtin_holtek_mant1[2],a
  76  00C0  0700     E  	mov a,rd
  76  00C1  0080     E  	mov _builtin_holtek_mant1[1],a
  76  00C2  0700     E  	mov a,rc
  76  00C3  0080     E  	mov _builtin_holtek_mant1[0],a
  76  00C4  0700     E  	mov a,rh
  76  00C5  0080     E  	mov _builtin_holtek_mant2[2],a
  76  00C6  0700     E  	mov a,rg
  76  00C7  0080     E  	mov _builtin_holtek_mant2[1],a
  76  00C8  0700     E  	mov a,rf
  76  00C9  0080     E  	mov _builtin_holtek_mant2[0],a
  76  00CA  2000     E  	call _builtin_holtek_ftadd
  76  00CB  0700     E  	mov a,_builtin_holtek_mant1[2]
  76  00CC  0080     E  	mov re,a
  76  00CD  0700     E  	mov a,_builtin_holtek_mant1[1]
  76  00CE  0080     E  	mov rd,a
  76  00CF  0700     E  	mov a,_builtin_holtek_mant1[0]
"File: NTC.c         Assembler  Version HGASM0202      Page 6

  76  00D0  0080     E  	mov rc,a
  77  00D1              #line 77 "c:\users\tech\desktop\powerlinetransceiver\NTC\NTC.c"
  77  00D1  0700     R  	mov a,_custom_log_2[10]
  77  00D2  0080     E  	mov _builtin_holtek_mant1[2],a
  77  00D3  0700     R  	mov a,_custom_log_2[9]
  77  00D4  0080     E  	mov _builtin_holtek_mant1[1],a
  77  00D5  0700     R  	mov a,_custom_log_2[8]
  77  00D6  0080     E  	mov _builtin_holtek_mant1[0],a
  77  00D7  0700     R  	mov a,_custom_log_2[6]
  77  00D8  0080     E  	mov _builtin_holtek_mant2[2],a
  77  00D9  0700     R  	mov a,_custom_log_2[5]
  77  00DA  0080     E  	mov _builtin_holtek_mant2[1],a
  77  00DB  0700     R  	mov a,_custom_log_2[4]
  77  00DC  0080     E  	mov _builtin_holtek_mant2[0],a
  77  00DD  2000     E  	call _builtin_holtek_ftmul
  77  00DE  0700     E  	mov a,_builtin_holtek_mant1[2]
  77  00DF  0080     R  	mov _custom_log_2[16],a
  77  00E0  0700     E  	mov a,_builtin_holtek_mant1[1]
  77  00E1  0080     R  	mov _custom_log_2[15],a
  77  00E2  0700     E  	mov a,_builtin_holtek_mant1[0]
  77  00E3  0080     R  	mov _custom_log_2[14],a
  78  00E4              #line 78 "c:\users\tech\desktop\powerlinetransceiver\NTC\NTC.c"
  78  00E4  0700     R  	mov a,_custom_log_2[10]
  78  00E5  0080     E  	mov _builtin_holtek_mant1[2],a
  78  00E6  0700     R  	mov a,_custom_log_2[9]
  78  00E7  0080     E  	mov _builtin_holtek_mant1[1],a
  78  00E8  0700     R  	mov a,_custom_log_2[8]
  78  00E9  0080     E  	mov _builtin_holtek_mant1[0],a
  78  00EA  0700     R  	mov a,_custom_log_2[13]
  78  00EB  0080     E  	mov _builtin_holtek_mant2[2],a
  78  00EC  0700     R  	mov a,_custom_log_2[12]
  78  00ED  0080     E  	mov _builtin_holtek_mant2[1],a
  78  00EE  0700     R  	mov a,_custom_log_2[11]
  78  00EF  0080     E  	mov _builtin_holtek_mant2[0],a
  78  00F0  2000     E  	call _builtin_holtek_ftmul
  78  00F1  0700     E  	mov a,_builtin_holtek_mant1[2]
  78  00F2  0080     R  	mov _custom_log_2[10],a
  78  00F3  0700     E  	mov a,_builtin_holtek_mant1[1]
  78  00F4  0080     R  	mov _custom_log_2[9],a
  78  00F5  0700     E  	mov a,_builtin_holtek_mant1[0]
  78  00F6  0080     R  	mov _custom_log_2[8],a
  78  00F7  340A        	clr c
  78  00F8  1A00     E  	rlca ra
  78  00F9  0080     E  	mov rf,a
  78  00FA  1A00     E  	rlca rb
  78  00FB  0080     E  	mov rg,a
  78  00FC  1480     E  	inc rf
  78  00FD  3D0A        	sz z
  78  00FE  1480     E  	inc rg
  79  00FF              #line 79 "c:\users\tech\desktop\powerlinetransceiver\NTC\NTC.c"
  79  00FF  0700     E  	mov a,rg
  79  0100  0080     E  	mov _builtin_holtek_mant1[1],a
  79  0101  0700     E  	mov a,rf
  79  0102  0080     E  	mov _builtin_holtek_mant1[0],a
  79  0103  2000     E  	call _builtin_holtek_itof
  79  0104  0700     E  	mov a,_builtin_holtek_mant1[2]
  79  0105  0080     E  	mov rh,a
  79  0106  0700     E  	mov a,_builtin_holtek_mant1[1]
  79  0107  0080     E  	mov rg,a
  79  0108  0700     E  	mov a,_builtin_holtek_mant1[0]
"File: NTC.c         Assembler  Version HGASM0202      Page 7

  79  0109  0080     E  	mov rf,a
  79  010A  0700     R  	mov a,_custom_log_2[16]
  79  010B  0080     E  	mov _builtin_holtek_mant1[2],a
  79  010C  0700     R  	mov a,_custom_log_2[15]
  79  010D  0080     E  	mov _builtin_holtek_mant1[1],a
  79  010E  0700     R  	mov a,_custom_log_2[14]
  79  010F  0080     E  	mov _builtin_holtek_mant1[0],a
  79  0110  0700     E  	mov a,rh
  79  0111  0080     E  	mov _builtin_holtek_mant2[2],a
  79  0112  0700     E  	mov a,rg
  79  0113  0080     E  	mov _builtin_holtek_mant2[1],a
  79  0114  0700     E  	mov a,rf
  79  0115  0080     E  	mov _builtin_holtek_mant2[0],a
  79  0116  2000     E  	call _builtin_holtek_ftdiv
  79  0117  0700     E  	mov a,_builtin_holtek_mant1[2]
  79  0118  0080     E  	mov rh,a
  79  0119  0700     E  	mov a,_builtin_holtek_mant1[1]
  79  011A  0080     E  	mov rg,a
  79  011B  0700     E  	mov a,_builtin_holtek_mant1[0]
  79  011C  0080     E  	mov rf,a
  74  011D              #line 74 "c:\users\tech\desktop\powerlinetransceiver\NTC\NTC.c"
  74  011D  1480     E  	inc ra
  74  011E  3D0A        	sz z
  74  011F  1480     E  	inc rb
  74  0120  2800     R  	jmp _L3
  74  0121              _L5:
  64  0121              #line 64 "c:\users\tech\desktop\powerlinetransceiver\NTC\NTC.c"
  64  0121  1F00     E  	clr ra
  64  0122  1F00     E  	clr rb
  64  0123  0F80        	mov a,-128
  64  0124  0080     E  	mov rc,a
  64  0125  0FBF        	mov a,-65
  64  0126  0080     E  	mov rd,a
  64  0127              _L2:
  64  0127  0003        	ret
  64  0128              _custom_log endp
  64  0128              #line 64 "c:\users\tech\desktop\powerlinetransceiver\NTC\NTC.c"
  64  0128              #pragma debug scope 1 1
  64  0128              public _GetTemperatureFromSteinhart
  64  0128              #pragma debug scope 3 1
  86  0128              #line 86 "c:\users\tech\desktop\powerlinetransceiver\NTC\NTC.c"
  86  0000              _GetTemperatureFromSteinhart .section 'code'
  86  0000              _GetTemperatureFromSteinhart proc
  86  0000              public _GetTemperatureFromSteinhart_2
  86  0000  000B[           local _GetTemperatureFromSteinhart_2 db 11 dup(?)	; 3,8
            00
            ]
  86  000B              #pragma debug variable 28 3 _GetTemperatureFromSteinhart_2+0 "resistance"
  88  000B              #line 88 "c:\users\tech\desktop\powerlinetransceiver\NTC\NTC.c"
  88  0000  0700     R  	mov a,_GetTemperatureFromSteinhart_2[0]
  88  0001  0080     E  	mov _log_2[1],a
  88  0002  0700     R  	mov a,_GetTemperatureFromSteinhart_2[1]
  88  0003  0080     E  	mov _log_2[2],a
  88  0004  0700     R  	mov a,_GetTemperatureFromSteinhart_2[2]
  88  0005  0080     E  	mov _log_2[3],a
  88  0006  1F00     E  	clr _log_2[0]
  88  0007  2000     E  	call _log
  88  0008  0700     E  	mov a,rd
  88  0009  0080     E  	mov re,a
  88  000A  0700     E  	mov a,rc
"File: NTC.c         Assembler  Version HGASM0202      Page 8

  88  000B  0080     E  	mov rd,a
  88  000C  0700     E  	mov a,rb
  88  000D  0080     E  	mov rc,a
  89  000E              #line 89 "c:\users\tech\desktop\powerlinetransceiver\NTC\NTC.c"
  89  000E  0700     E  	mov a,re
  89  000F  0080     E  	mov rg,a
  89  0010  0700     E  	mov a,rd
  89  0011  0080     E  	mov rf,a
  89  0012  0700     E  	mov a,rc
  89  0013  0080     E  	mov re,a
  89  0014  1F00     E  	clr rd
  89  0015  0700     E  	mov a,rg
  89  0016  0080     E  	mov _builtin_holtek_mant12p[0],a
  89  0017  0700     E  	mov a,rf
  89  0018  0080     E  	mov _builtin_holtek_mant1[2],a
  89  0019  0700     E  	mov a,re
  89  001A  0080     E  	mov _builtin_holtek_mant1[1],a
  89  001B  0700     E  	mov a,rd
  89  001C  0080     E  	mov _builtin_holtek_mant1[0],a
  89  001D  0F39        	mov a,57
  89  001E  0080     E  	mov _builtin_holtek_mant12p[1],a
  89  001F  0F5A        	mov a,90
  89  0020  0080     E  	mov _builtin_holtek_mant2[2],a
  89  0021  0F56        	mov a,86
  89  0022  0080     E  	mov _builtin_holtek_mant2[1],a
  89  0023  0F7F        	mov a,127
  89  0024  0080     E  	mov _builtin_holtek_mant2[0],a
  89  0025  2000     E  	call _builtin_holtek_dtmul
  89  0026  0700     E  	mov a,_builtin_holtek_mant12p[0]
  89  0027  0080     R  	mov _GetTemperatureFromSteinhart_2[6],a
  89  0028  0700     E  	mov a,_builtin_holtek_mant1[2]
  89  0029  0080     R  	mov _GetTemperatureFromSteinhart_2[5],a
  89  002A  0700     E  	mov a,_builtin_holtek_mant1[1]
  89  002B  0080     R  	mov _GetTemperatureFromSteinhart_2[4],a
  89  002C  0700     E  	mov a,_builtin_holtek_mant1[0]
  89  002D  0080     R  	mov _GetTemperatureFromSteinhart_2[3],a
  89  002E  0700     R  	mov a,_GetTemperatureFromSteinhart_2[6]
  89  002F  0080     E  	mov _builtin_holtek_mant12p[0],a
  89  0030  0700     R  	mov a,_GetTemperatureFromSteinhart_2[5]
  89  0031  0080     E  	mov _builtin_holtek_mant1[2],a
  89  0032  0700     R  	mov a,_GetTemperatureFromSteinhart_2[4]
  89  0033  0080     E  	mov _builtin_holtek_mant1[1],a
  89  0034  0700     R  	mov a,_GetTemperatureFromSteinhart_2[3]
  89  0035  0080     E  	mov _builtin_holtek_mant1[0],a
  89  0036  0F3A        	mov a,58
  89  0037  0080     E  	mov _builtin_holtek_mant12p[1],a
  89  0038  0FA7        	mov a,167
  89  0039  0080     E  	mov _builtin_holtek_mant2[2],a
  89  003A  0F6D        	mov a,109
  89  003B  0080     E  	mov _builtin_holtek_mant2[1],a
  89  003C  0F62        	mov a,98
  89  003D  0080     E  	mov _builtin_holtek_mant2[0],a
  89  003E  2000     E  	call _builtin_holtek_dtadd
  89  003F  0700     E  	mov a,_builtin_holtek_mant12p[0]
  89  0040  0080     R  	mov _GetTemperatureFromSteinhart_2[6],a
  89  0041  0700     E  	mov a,_builtin_holtek_mant1[2]
  89  0042  0080     R  	mov _GetTemperatureFromSteinhart_2[5],a
  89  0043  0700     E  	mov a,_builtin_holtek_mant1[1]
  89  0044  0080     R  	mov _GetTemperatureFromSteinhart_2[4],a
  89  0045  0700     E  	mov a,_builtin_holtek_mant1[0]
"File: NTC.c         Assembler  Version HGASM0202      Page 9

  89  0046  0080     R  	mov _GetTemperatureFromSteinhart_2[3],a
  89  0047  0700     E  	mov a,rg
  89  0048  0080     E  	mov _builtin_holtek_mant12p[0],a
  89  0049  0700     E  	mov a,rf
  89  004A  0080     E  	mov _builtin_holtek_mant1[2],a
  89  004B  0700     E  	mov a,re
  89  004C  0080     E  	mov _builtin_holtek_mant1[1],a
  89  004D  0700     E  	mov a,rd
  89  004E  0080     E  	mov _builtin_holtek_mant1[0],a
  89  004F  0F34        	mov a,52
  89  0050  0080     E  	mov _builtin_holtek_mant12p[1],a
  89  0051  0F5A        	mov a,90
  89  0052  0080     E  	mov _builtin_holtek_mant2[2],a
  89  0053  0F4A        	mov a,74
  89  0054  0080     E  	mov _builtin_holtek_mant2[1],a
  89  0055  0F62        	mov a,98
  89  0056  0080     E  	mov _builtin_holtek_mant2[0],a
  89  0057  2000     E  	call _builtin_holtek_dtmul
  89  0058  0700     E  	mov a,_builtin_holtek_mant12p[0]
  89  0059  0080     R  	mov _GetTemperatureFromSteinhart_2[10],a
  89  005A  0700     E  	mov a,_builtin_holtek_mant1[2]
  89  005B  0080     R  	mov _GetTemperatureFromSteinhart_2[9],a
  89  005C  0700     E  	mov a,_builtin_holtek_mant1[1]
  89  005D  0080     R  	mov _GetTemperatureFromSteinhart_2[8],a
  89  005E  0700     E  	mov a,_builtin_holtek_mant1[0]
  89  005F  0080     R  	mov _GetTemperatureFromSteinhart_2[7],a
  89  0060  0700     R  	mov a,_GetTemperatureFromSteinhart_2[10]
  89  0061  0080     E  	mov _builtin_holtek_mant12p[0],a
  89  0062  0700     R  	mov a,_GetTemperatureFromSteinhart_2[9]
  89  0063  0080     E  	mov _builtin_holtek_mant1[2],a
  89  0064  0700     R  	mov a,_GetTemperatureFromSteinhart_2[8]
  89  0065  0080     E  	mov _builtin_holtek_mant1[1],a
  89  0066  0700     R  	mov a,_GetTemperatureFromSteinhart_2[7]
  89  0067  0080     E  	mov _builtin_holtek_mant1[0],a
  89  0068  0700     E  	mov a,rg
  89  0069  0080     E  	mov _builtin_holtek_mant12p[1],a
  89  006A  0700     E  	mov a,rf
  89  006B  0080     E  	mov _builtin_holtek_mant2[2],a
  89  006C  0700     E  	mov a,re
  89  006D  0080     E  	mov _builtin_holtek_mant2[1],a
  89  006E  0700     E  	mov a,rd
  89  006F  0080     E  	mov _builtin_holtek_mant2[0],a
  89  0070  2000     E  	call _builtin_holtek_dtmul
  89  0071  0700     E  	mov a,_builtin_holtek_mant12p[0]
  89  0072  0080     R  	mov _GetTemperatureFromSteinhart_2[10],a
  89  0073  0700     E  	mov a,_builtin_holtek_mant1[2]
  89  0074  0080     R  	mov _GetTemperatureFromSteinhart_2[9],a
  89  0075  0700     E  	mov a,_builtin_holtek_mant1[1]
  89  0076  0080     R  	mov _GetTemperatureFromSteinhart_2[8],a
  89  0077  0700     E  	mov a,_builtin_holtek_mant1[0]
  89  0078  0080     R  	mov _GetTemperatureFromSteinhart_2[7],a
  89  0079  0700     R  	mov a,_GetTemperatureFromSteinhart_2[10]
  89  007A  0080     E  	mov _builtin_holtek_mant12p[0],a
  89  007B  0700     R  	mov a,_GetTemperatureFromSteinhart_2[9]
  89  007C  0080     E  	mov _builtin_holtek_mant1[2],a
  89  007D  0700     R  	mov a,_GetTemperatureFromSteinhart_2[8]
  89  007E  0080     E  	mov _builtin_holtek_mant1[1],a
  89  007F  0700     R  	mov a,_GetTemperatureFromSteinhart_2[7]
  89  0080  0080     E  	mov _builtin_holtek_mant1[0],a
  89  0081  0700     E  	mov a,rg
"File: NTC.c         Assembler  Version HGASM0202      Page 10

  89  0082  0080     E  	mov _builtin_holtek_mant12p[1],a
  89  0083  0700     E  	mov a,rf
  89  0084  0080     E  	mov _builtin_holtek_mant2[2],a
  89  0085  0700     E  	mov a,re
  89  0086  0080     E  	mov _builtin_holtek_mant2[1],a
  89  0087  0700     E  	mov a,rd
  89  0088  0080     E  	mov _builtin_holtek_mant2[0],a
  89  0089  2000     E  	call _builtin_holtek_dtmul
  89  008A  0700     E  	mov a,_builtin_holtek_mant12p[0]
  89  008B  0080     E  	mov rg,a
  89  008C  0700     E  	mov a,_builtin_holtek_mant1[2]
  89  008D  0080     E  	mov rf,a
  89  008E  0700     E  	mov a,_builtin_holtek_mant1[1]
  89  008F  0080     E  	mov re,a
  89  0090  0700     E  	mov a,_builtin_holtek_mant1[0]
  89  0091  0080     E  	mov rd,a
  89  0092  0700     R  	mov a,_GetTemperatureFromSteinhart_2[6]
  89  0093  0080     E  	mov _builtin_holtek_mant12p[0],a
  89  0094  0700     R  	mov a,_GetTemperatureFromSteinhart_2[5]
  89  0095  0080     E  	mov _builtin_holtek_mant1[2],a
  89  0096  0700     R  	mov a,_GetTemperatureFromSteinhart_2[4]
  89  0097  0080     E  	mov _builtin_holtek_mant1[1],a
  89  0098  0700     R  	mov a,_GetTemperatureFromSteinhart_2[3]
  89  0099  0080     E  	mov _builtin_holtek_mant1[0],a
  89  009A  0700     E  	mov a,rg
  89  009B  0080     E  	mov _builtin_holtek_mant12p[1],a
  89  009C  0700     E  	mov a,rf
  89  009D  0080     E  	mov _builtin_holtek_mant2[2],a
  89  009E  0700     E  	mov a,re
  89  009F  0080     E  	mov _builtin_holtek_mant2[1],a
  89  00A0  0700     E  	mov a,rd
  89  00A1  0080     E  	mov _builtin_holtek_mant2[0],a
  89  00A2  2000     E  	call _builtin_holtek_dtadd
  89  00A3  0700     E  	mov a,_builtin_holtek_mant12p[0]
  89  00A4  0080     E  	mov rh,a
  89  00A5  0700     E  	mov a,_builtin_holtek_mant1[2]
  89  00A6  0080     E  	mov rg,a
  89  00A7  0700     E  	mov a,_builtin_holtek_mant1[1]
  89  00A8  0080     E  	mov rf,a
  89  00A9  0700     E  	mov a,_builtin_holtek_mant1[0]
  89  00AA  0080     E  	mov re,a
  89  00AB  1F00     E  	clr ra
  89  00AC  1F00     E  	clr rb
  89  00AD  0F80        	mov a,-128
  89  00AE  0080     E  	mov rc,a
  89  00AF  0F3F        	mov a,63
  89  00B0  0080     E  	mov rd,a
  89  00B1  0700     E  	mov a,rd
  89  00B2  0080     E  	mov _builtin_holtek_mant12p[0],a
  89  00B3  0700     E  	mov a,rc
  89  00B4  0080     E  	mov _builtin_holtek_mant1[2],a
  89  00B5  0700     E  	mov a,rb
  89  00B6  0080     E  	mov _builtin_holtek_mant1[1],a
  89  00B7  0700     E  	mov a,ra
  89  00B8  0080     E  	mov _builtin_holtek_mant1[0],a
  89  00B9  0700     E  	mov a,rh
  89  00BA  0080     E  	mov _builtin_holtek_mant12p[1],a
  89  00BB  0700     E  	mov a,rg
  89  00BC  0080     E  	mov _builtin_holtek_mant2[2],a
  89  00BD  0700     E  	mov a,rf
"File: NTC.c         Assembler  Version HGASM0202      Page 11

  89  00BE  0080     E  	mov _builtin_holtek_mant2[1],a
  89  00BF  0700     E  	mov a,re
  89  00C0  0080     E  	mov _builtin_holtek_mant2[0],a
  89  00C1  2000     E  	call _builtin_holtek_dtdiv
  89  00C2  0700     E  	mov a,_builtin_holtek_mant12p[0]
  89  00C3  0080     E  	mov rh,a
  89  00C4  0700     E  	mov a,_builtin_holtek_mant1[2]
  89  00C5  0080     E  	mov rg,a
  89  00C6  0700     E  	mov a,_builtin_holtek_mant1[1]
  89  00C7  0080     E  	mov rf,a
  89  00C8  0700     E  	mov a,_builtin_holtek_mant1[0]
  89  00C9  0080     E  	mov re,a
  89  00CA  0700     E  	mov a,rf
  89  00CB  0080     E  	mov rc,a
  89  00CC  0700     E  	mov a,rg
  89  00CD  0080     E  	mov rd,a
  89  00CE  0700     E  	mov a,rh
  89  00CF  0080     E  	mov re,a
  90  00D0              #line 90 "c:\users\tech\desktop\powerlinetransceiver\NTC\NTC.c"
  90  00D0  0700     E  	mov a,re
  90  00D1  0080     E  	mov rg,a
  90  00D2  0700     E  	mov a,rd
  90  00D3  0080     E  	mov rf,a
  90  00D4  0700     E  	mov a,rc
  90  00D5  0080     E  	mov re,a
  90  00D6  1F00     E  	clr rd
  90  00D7  0700     E  	mov a,rg
  90  00D8  0080     E  	mov _builtin_holtek_mant12p[0],a
  90  00D9  0700     E  	mov a,rf
  90  00DA  0080     E  	mov _builtin_holtek_mant1[2],a
  90  00DB  0700     E  	mov a,re
  90  00DC  0080     E  	mov _builtin_holtek_mant1[1],a
  90  00DD  0700     E  	mov a,rd
  90  00DE  0080     E  	mov _builtin_holtek_mant1[0],a
  90  00DF  0F43        	mov a,67
  90  00E0  0080     E  	mov _builtin_holtek_mant12p[1],a
  90  00E1  0F88        	mov a,136
  90  00E2  0080     E  	mov _builtin_holtek_mant2[2],a
  90  00E3  0F93        	mov a,147
  90  00E4  0080     E  	mov _builtin_holtek_mant2[1],a
  90  00E5  0F33        	mov a,51
  90  00E6  0080     E  	mov _builtin_holtek_mant2[0],a
  90  00E7  2000     E  	call _builtin_holtek_dtsub
  90  00E8  0700     E  	mov a,_builtin_holtek_mant12p[0]
  90  00E9  0080     E  	mov rg,a
  90  00EA  0700     E  	mov a,_builtin_holtek_mant1[2]
  90  00EB  0080     E  	mov rf,a
  90  00EC  0700     E  	mov a,_builtin_holtek_mant1[1]
  90  00ED  0080     E  	mov re,a
  90  00EE  0700     E  	mov a,_builtin_holtek_mant1[0]
  90  00EF  0080     E  	mov rd,a
  91  00F0              #line 91 "c:\users\tech\desktop\powerlinetransceiver\NTC\NTC.c"
  91  00F0  0700     E  	mov a,rg
  91  00F1  0080     E  	mov rc,a
  91  00F2  0700     E  	mov a,rf
  91  00F3  0080     E  	mov rb,a
  91  00F4  0700     E  	mov a,re
  91  00F5  0080     E  	mov ra,a
  91  00F6  0003        	ret
  91  00F7              _GetTemperatureFromSteinhart endp
"File: NTC.c         Assembler  Version HGASM0202      Page 12

  91  00F7              #line 91 "c:\users\tech\desktop\powerlinetransceiver\NTC\NTC.c"
  91  00F7              #pragma debug scope 1 1
  91  00F7              public _temperature
  91  00F7              #pragma debug scope 4 1
  95  00F7              #line 95 "c:\users\tech\desktop\powerlinetransceiver\NTC\NTC.c"
  95  0000              _temperature .section 'code'
  95  0000              _temperature proc
  95  0000              public _temperature_2
  95  0000  0009[           local _temperature_2 db 9 dup(?)	; 5,4
            00
            ]
  95  0009              #pragma debug variable 12 4 _temperature_2+0 "ADCValue"
  95  0009              #pragma debug variable 28 4 _temperature_2+2 "VDD"
  98  0009              #line 98 "c:\users\tech\desktop\powerlinetransceiver\NTC\NTC.c"
  98  0000  0700     R  	mov a,_temperature_2[1]
  98  0001  0080     E  	mov _builtin_holtek_mant1[1],a
  98  0002  0700     R  	mov a,_temperature_2[0]
  98  0003  0080     E  	mov _builtin_holtek_mant1[0],a
  98  0004  3400     E  	clr _builtin_holtek_signs.0
  98  0005  2000     E  	call _builtin_holtek_uitod
  98  0006  0700     E  	mov a,_builtin_holtek_mant12p[0]
  98  0007  0080     E  	mov rg,a
  98  0008  0700     E  	mov a,_builtin_holtek_mant1[2]
  98  0009  0080     E  	mov rf,a
  98  000A  0700     E  	mov a,_builtin_holtek_mant1[1]
  98  000B  0080     E  	mov re,a
  98  000C  0700     E  	mov a,_builtin_holtek_mant1[0]
  98  000D  0080     E  	mov rd,a
  98  000E  0700     E  	mov a,rg
  98  000F  0080     E  	mov _builtin_holtek_mant12p[0],a
  98  0010  0700     E  	mov a,rf
  98  0011  0080     E  	mov _builtin_holtek_mant1[2],a
  98  0012  0700     E  	mov a,re
  98  0013  0080     E  	mov _builtin_holtek_mant1[1],a
  98  0014  0700     E  	mov a,rd
  98  0015  0080     E  	mov _builtin_holtek_mant1[0],a
  98  0016  0F45        	mov a,69
  98  0017  0080     E  	mov _builtin_holtek_mant12p[1],a
  98  0018  0F7F        	mov a,127
  98  0019  0080     E  	mov _builtin_holtek_mant2[2],a
  98  001A  0FE0        	mov a,224
  98  001B  0080     E  	mov _builtin_holtek_mant2[1],a
  98  001C  0F00        	mov a,0
  98  001D  0080     E  	mov _builtin_holtek_mant2[0],a
  98  001E  2000     E  	call _builtin_holtek_dtdiv
  98  001F  0700     E  	mov a,_builtin_holtek_mant12p[0]
  98  0020  0080     R  	mov _temperature_2[8],a
  98  0021  0700     E  	mov a,_builtin_holtek_mant1[2]
  98  0022  0080     R  	mov _temperature_2[7],a
  98  0023  0700     E  	mov a,_builtin_holtek_mant1[1]
  98  0024  0080     R  	mov _temperature_2[6],a
  98  0025  0700     E  	mov a,_builtin_holtek_mant1[0]
  98  0026  0080     R  	mov _temperature_2[5],a
  98  0027  0700     R  	mov a,_temperature_2[2]
  98  0028  0080     E  	mov re,a
  98  0029  0700     R  	mov a,_temperature_2[3]
  98  002A  0080     E  	mov rf,a
  98  002B  0700     R  	mov a,_temperature_2[4]
  98  002C  0080     E  	mov rg,a
  98  002D  1F00     E  	clr rd
"File: NTC.c         Assembler  Version HGASM0202      Page 13

  98  002E  0700     R  	mov a,_temperature_2[8]
  98  002F  0080     E  	mov _builtin_holtek_mant12p[0],a
  98  0030  0700     R  	mov a,_temperature_2[7]
  98  0031  0080     E  	mov _builtin_holtek_mant1[2],a
  98  0032  0700     R  	mov a,_temperature_2[6]
  98  0033  0080     E  	mov _builtin_holtek_mant1[1],a
  98  0034  0700     R  	mov a,_temperature_2[5]
  98  0035  0080     E  	mov _builtin_holtek_mant1[0],a
  98  0036  0700     E  	mov a,rg
  98  0037  0080     E  	mov _builtin_holtek_mant12p[1],a
  98  0038  0700     E  	mov a,rf
  98  0039  0080     E  	mov _builtin_holtek_mant2[2],a
  98  003A  0700     E  	mov a,re
  98  003B  0080     E  	mov _builtin_holtek_mant2[1],a
  98  003C  0700     E  	mov a,rd
  98  003D  0080     E  	mov _builtin_holtek_mant2[0],a
  98  003E  2000     E  	call _builtin_holtek_dtmul
  98  003F  0700     E  	mov a,_builtin_holtek_mant12p[0]
  98  0040  0080     E  	mov rg,a
  98  0041  0700     E  	mov a,_builtin_holtek_mant1[2]
  98  0042  0080     E  	mov rf,a
  98  0043  0700     E  	mov a,_builtin_holtek_mant1[1]
  98  0044  0080     E  	mov re,a
  98  0045  0700     E  	mov a,_builtin_holtek_mant1[0]
  98  0046  0080     E  	mov rd,a
  98  0047  0700     E  	mov a,re
  98  0048  0080     E  	mov rc,a
  98  0049  0700     E  	mov a,rf
  98  004A  0080     E  	mov rd,a
  98  004B  0700     E  	mov a,rg
  98  004C  0080     E  	mov re,a
 101  004D              #line 101 "c:\users\tech\desktop\powerlinetransceiver\NTC\NTC.c"
 101  004D  0700     R  	mov a,_temperature_2[4]
 101  004E  0080     E  	mov _builtin_holtek_mant1[2],a
 101  004F  0700     R  	mov a,_temperature_2[3]
 101  0050  0080     E  	mov _builtin_holtek_mant1[1],a
 101  0051  0700     R  	mov a,_temperature_2[2]
 101  0052  0080     E  	mov _builtin_holtek_mant1[0],a
 101  0053  0700     E  	mov a,re
 101  0054  0080     E  	mov _builtin_holtek_mant2[2],a
 101  0055  0700     E  	mov a,rd
 101  0056  0080     E  	mov _builtin_holtek_mant2[1],a
 101  0057  0700     E  	mov a,rc
 101  0058  0080     E  	mov _builtin_holtek_mant2[0],a
 101  0059  2000     E  	call _builtin_holtek_ftsub
 101  005A  0700     E  	mov a,_builtin_holtek_mant1[2]
 101  005B  0080     E  	mov rh,a
 101  005C  0700     E  	mov a,_builtin_holtek_mant1[1]
 101  005D  0080     E  	mov rg,a
 101  005E  0700     E  	mov a,_builtin_holtek_mant1[0]
 101  005F  0080     E  	mov rf,a
 101  0060  0700     E  	mov a,re
 101  0061  0080     E  	mov _builtin_holtek_mant1[2],a
 101  0062  0700     E  	mov a,rd
 101  0063  0080     E  	mov _builtin_holtek_mant1[1],a
 101  0064  0700     E  	mov a,rc
 101  0065  0080     E  	mov _builtin_holtek_mant1[0],a
 101  0066  0700     E  	mov a,rh
 101  0067  0080     E  	mov _builtin_holtek_mant2[2],a
 101  0068  0700     E  	mov a,rg
"File: NTC.c         Assembler  Version HGASM0202      Page 14

 101  0069  0080     E  	mov _builtin_holtek_mant2[1],a
 101  006A  0700     E  	mov a,rf
 101  006B  0080     E  	mov _builtin_holtek_mant2[0],a
 101  006C  2000     E  	call _builtin_holtek_ftdiv
 101  006D  0700     E  	mov a,_builtin_holtek_mant1[2]
 101  006E  0080     E  	mov re,a
 101  006F  0700     E  	mov a,_builtin_holtek_mant1[1]
 101  0070  0080     E  	mov rd,a
 101  0071  0700     E  	mov a,_builtin_holtek_mant1[0]
 101  0072  0080     E  	mov rc,a
 101  0073  0700     E  	mov a,re
 101  0074  0080     E  	mov _builtin_holtek_mant1[2],a
 101  0075  0700     E  	mov a,rd
 101  0076  0080     E  	mov _builtin_holtek_mant1[1],a
 101  0077  0700     E  	mov a,rc
 101  0078  0080     E  	mov _builtin_holtek_mant1[0],a
 101  0079  0F41        	mov a,65
 101  007A  0080     E  	mov _builtin_holtek_mant2[2],a
 101  007B  0F20        	mov a,32
 101  007C  0080     E  	mov _builtin_holtek_mant2[1],a
 101  007D  0F00        	mov a,0
 101  007E  0080     E  	mov _builtin_holtek_mant2[0],a
 101  007F  2000     E  	call _builtin_holtek_ftmul
 101  0080  0700     E  	mov a,_builtin_holtek_mant1[2]
 101  0081  0080     E  	mov re,a
 101  0082  0700     E  	mov a,_builtin_holtek_mant1[1]
 101  0083  0080     E  	mov rd,a
 101  0084  0700     E  	mov a,_builtin_holtek_mant1[0]
 101  0085  0080     E  	mov rc,a
 107  0086              #line 107 "c:\users\tech\desktop\powerlinetransceiver\NTC\NTC.c"
 107  0086  0700     E  	mov a,re
 107  0087  0080     E  	mov _builtin_holtek_mant1[2],a
 107  0088  0700     E  	mov a,rd
 107  0089  0080     E  	mov _builtin_holtek_mant1[1],a
 107  008A  0700     E  	mov a,rc
 107  008B  0080     E  	mov _builtin_holtek_mant1[0],a
 107  008C  0F44        	mov a,68
 107  008D  0080     E  	mov _builtin_holtek_mant2[2],a
 107  008E  0F7A        	mov a,122
 107  008F  0080     E  	mov _builtin_holtek_mant2[1],a
 107  0090  0F00        	mov a,0
 107  0091  0080     E  	mov _builtin_holtek_mant2[0],a
 107  0092  2000     E  	call _builtin_holtek_ftmul
 107  0093  0700     E  	mov a,_builtin_holtek_mant1[2]
 107  0094  0080     R  	mov _GetTemperatureFromSteinhart_2[2],a
 107  0095  0700     E  	mov a,_builtin_holtek_mant1[1]
 107  0096  0080     R  	mov _GetTemperatureFromSteinhart_2[1],a
 107  0097  0700     E  	mov a,_builtin_holtek_mant1[0]
 107  0098  0080     R  	mov _GetTemperatureFromSteinhart_2[0],a
 107  0099  2000     R  	call _GetTemperatureFromSteinhart
 107  009A  0003        	ret
 107  009B              _temperature endp
 107  009B              #line 107 "c:\users\tech\desktop\powerlinetransceiver\NTC\NTC.c"
 107  009B              #pragma debug scope 1 1
 107  009B              extern _builtin_holtek_mant1:byte
 107  009B              extern _builtin_holtek_mant2:byte
 107  009B              extern _builtin_holtek_mant12p:byte
 107  009B              extern _builtin_holtek_dtsub:near
 107  009B              extern _builtin_holtek_dtadd:near
 107  009B              extern _builtin_holtek_dtdiv:near
"File: NTC.c         Assembler  Version HGASM0202      Page 15

 107  009B              extern _builtin_holtek_ftmul:near
 107  009B              extern _builtin_holtek_ftsub:near
 107  009B              extern _builtin_holtek_ftadd:near
 107  009B              extern _builtin_holtek_itof:near
 107  009B              extern _builtin_holtek_ftdiv:near
 107  009B              extern _log_2:byte
 107  009B              extern _log:near
 107  009B              extern _builtin_holtek_dtmul:near
 107  009B              extern _builtin_holtek_signs:byte
 107  009B              extern _builtin_holtek_uitod:near
 107  009B              
 107  009B              ; 
 107  009B              ; Generated by holtek-gcc v3.19, Mon Oct 21 17:30:21 2024
 107  009B              ; Rebuild 718
 107  009B              ; end of file


        0 Errors, 0