"File: PLT/PLTSerialProtocol.h  Assembler  Version HGASM0202      Page 1


   1  0000              ; Generated by holtek-gcc v3.19, Tue Jul 09 17:59:24 2024
   2  0000              ; 
   3  0000              ; Configuration:
   4  0000              ;       with long instruction
   5  0000              ;       Single ROM, Multi-RAM
   6  0000              ;       bits_per_rom_unit:16
   7  0000              ;       with mp1
   8  0000              ;       with tbhp, address(0x9)
   9  0000              ;          Use tabrd-const
  10  0000              ;       
  11  0000              ; SFR address of long-instruction arch:
  12  0000              ;    mp0 = -1,1,0
  13  0000              ;    mp1 = 4,3,2
  14  0000              ;    mp2 = 14,13,12
  15  0000              ;    tbp = 9,7,8
  16  0000              ;    acc = 5
  17  0000              ;    pcl = 6
  18  0000              ;    status = 10
  19  0000              ;    bp = 11
  20  0000              ;    intc = 72
  21  0000              ;       
  22  0000              ;       
  23  0000              ; use 'tabrdc' instead of 'tabrd'
  24  0000              ;       
  25  0000              
  26  0000              #pragma translator "holtek-gcc 4.6.4" "3.19" "build 20130711"
  27  0000              ; Rebuild 718
  28  0000              
  29  0000              ir equ [2]
  30  0000              mp equ [3]
  31  0000              sbp equ [4]
  32  0000              acc equ [5]
  33  0000              bp equ [11]
  34  0000              tblp equ [7]
  35  0000              tbhp equ [9]
  36  0000              status equ [10]
  37  0000              c equ [10].0
  38  0000              ac equ [10].1
  39  0000              z equ [10].2
  40  0000              ov equ [10].3
  41  0000              cz equ [10].6
  42  0000              sc equ [10].7
  43  0000              intc equ [72]
  44  0000              
  45  0000              extern ra:byte
  46  0000              extern rb:byte
  47  0000              extern rc:byte
  48  0000              extern rd:byte
  49  0000              extern re:byte
  50  0000              extern rf:byte
  51  0000              extern rg:byte
  52  0000              extern rh:byte
  53  0000              extern _Crom2Prom:near
  54  0000              extern _Crom2PromNext:near
  55  0000              
  56  0000              RAMBANK 0 @BITDATASEC, @BITDATASEC1
  57  0000              @HCCINIT	.section 'data'
  58  0000              @HCCINIT0	.section 'data'
  59  0000              @BITDATASEC	 .section 'data'
"File: PLTSerialProtocol.ASM  Assembler  Version HGASM0202      Page 2

  60  0000              @BITDATASEC1	 .section 'data'
  61  0000              
  62  0000              #pragma debug scope 1 1
  63  0000              	extern __DELAY3:near
  64  0000              	extern __DELAYX3:near
  65  0000              	extern __DELAYX6:near
  66  0000              	extern __DELAYY5:near
  67  0000              	extern __DELAYY3:near
  68  0000              	extern _builtin_holtek_delay_2:byte
  69  0000              public _calculate_parity_and_checksum
  70  0000              #pragma debug scope 2 1

  25  0000              #line 25 "c:\users\tech\desktop\powerlinetransceiver\PLT\PLTSerialProtocol.c"
  25  0000              _calculate_parity_and_checksum .section 'code'
  25  0000              _calculate_parity_and_checksum proc
  25  0000              public _calculate_parity_and_checksum_2
  25  0000  0007[           local _calculate_parity_and_checksum_2 db 7 dup(?)	; 7,0
            00
            ]
  25  0007              #pragma debug pointer 42 7 2
  25  0007              #pragma debug pointer 42 7 2
  25  0007              #pragma debug variable 42 2 _calculate_parity_and_checksum_2+0 "data"
  25  0007              #pragma debug variable 7 2 _calculate_parity_and_checksum_2+2 "length"
  25  0007              #pragma debug variable 42 2 _calculate_parity_and_checksum_2+3 "parity"
  25  0007              #pragma debug variable 42 2 _calculate_parity_and_checksum_2+5 "checksum"
  29  0007              #line 29 "c:\users\tech\desktop\powerlinetransceiver\PLT\PLTSerialProtocol.c"
  29  0000  1F00     E  	clr rb
  29  0001  1F00     E  	clr rc
  27  0002              #line 27 "c:\users\tech\desktop\powerlinetransceiver\PLT\PLTSerialProtocol.c"
  27  0002  1F00     E  	clr ra
  26  0003              #line 26 "c:\users\tech\desktop\powerlinetransceiver\PLT\PLTSerialProtocol.c"
  26  0003  1F00     E  	clr rf
  26  0004              _L2:
  29  0004              #line 29 "c:\users\tech\desktop\powerlinetransceiver\PLT\PLTSerialProtocol.c"
  29  0004  0700     R  	mov a,_calculate_parity_and_checksum_2[2]
  29  0005  0080     E  	mov rd,a
  29  0006  1F00     E  	clr re
  29  0007  3F85        	sz acc.7
  29  0008  1F80     E  	set re
  29  0009  0700     E  	mov a,rb
  29  000A  0200     E  	sub a,rd
  29  000B  0700     E  	mov a,rc
  29  000C  1200     E  	sbc a,re
  29  000D  3B8A        	snz sc
  29  000E  2800     R  	jmp _L5
  30  000F              #line 30 "c:\users\tech\desktop\powerlinetransceiver\PLT\PLTSerialProtocol.c"
  30  000F  0700     E  	mov a,rb
  30  0010  0300     R  	add a,_calculate_parity_and_checksum_2[0]
  30  0011  0083        	mov mp,a
  30  0012  0700     E  	mov a,rc
  30  0013  1300     R  	adc a,_calculate_parity_and_checksum_2[1]
  30  0014  0084        	mov sbp,a
  30  0015  2000     E  	call _Crom2Prom
  30  0016  0080     E  	mov rd,a
  30  0017  0700     E  	mov a,rd
  30  0018  0480     E  	xorm a,rf
  31  0019              #line 31 "c:\users\tech\desktop\powerlinetransceiver\PLT\PLTSerialProtocol.c"
  31  0019  0700     E  	mov a,rd
  31  001A  0380     E  	addm a,ra
  29  001B              #line 29 "c:\users\tech\desktop\powerlinetransceiver\PLT\PLTSerialProtocol.c"
"File: PLTSerialProtocol.c  Assembler  Version HGASM0202      Page 3

  29  001B  1480     E  	inc rb
  29  001C  3D0A        	sz z
  29  001D  1480     E  	inc rc
  29  001E  2800     R  	jmp _L2
  29  001F              _L5:
  33  001F              #line 33 "c:\users\tech\desktop\powerlinetransceiver\PLT\PLTSerialProtocol.c"
  33  001F  0F01        	mov a,1
  33  0020  0680     E  	andm a,rf
  33  0021  0700     R  	mov a,_calculate_parity_and_checksum_2[3]
  33  0022  0083        	mov mp,a
  33  0023  0700     R  	mov a,_calculate_parity_and_checksum_2[4]
  33  0024  0084        	mov sbp,a
  33  0025  0700     E  	mov a,rf
  33  0026  0082        	mov ir,a
  34  0027              #line 34 "c:\users\tech\desktop\powerlinetransceiver\PLT\PLTSerialProtocol.c"
  34  0027  0700     R  	mov a,_calculate_parity_and_checksum_2[5]
  34  0028  0083        	mov mp,a
  34  0029  0700     R  	mov a,_calculate_parity_and_checksum_2[6]
  34  002A  0084        	mov sbp,a
  34  002B  0700     E  	mov a,ra
  34  002C  0082        	mov ir,a
  34  002D  0003        	ret
  34  002E              _calculate_parity_and_checksum endp
  34  002E              #line 34 "c:\users\tech\desktop\powerlinetransceiver\PLT\PLTSerialProtocol.c"
  34  002E              #pragma debug scope 1 1
  34  002E              public _PLT_SerialSend
  34  002E              #pragma debug scope 3 1
   4  002E              #line 4 "c:\users\tech\desktop\powerlinetransceiver\PLT\PLTSerialProtocol.c"
   4  0000              _PLT_SerialSend .section 'code'
   4  0000              _PLT_SerialSend proc
   4  0000              public _PLT_SerialSend_2
   4  0000  0011[           local _PLT_SerialSend_2 db 17 dup(?)	; 3,14
            00
            ]
   4  0011              #pragma debug pointer 43 7 3
   4  0011              #pragma debug pointer 43 7 3
   4  0011              #pragma debug variable 43 3 _PLT_SerialSend_2+0 "data"
   4  0011              #pragma debug variable 7 3 _PLT_SerialSend_2+2 "dataLength"
   4  0011              #pragma debug variable 7 3 _PLT_SerialSend_2+12 "parity"
   4  0011              #pragma debug variable 7 3 _PLT_SerialSend_2+11 "checksum"
   4  0011              #pragma debug array 44 7 8 3
   4  0011              #pragma debug array 44 7 8 3
   4  0011              #pragma debug variable 44 3 _PLT_SerialSend_2+3 "data1"
   8  0011              #line 8 "c:\users\tech\desktop\powerlinetransceiver\PLT\PLTSerialProtocol.c"
   8  0000  1F00     R  	clr _PLT_SerialSend_2[3]
   8  0001  0F01        	mov a,1
   8  0002  0080     R  	mov _PLT_SerialSend_2[4],a
   8  0003  1F00     R  	clr _PLT_SerialSend_2[5]
   8  0004  1F00     R  	clr _PLT_SerialSend_2[6]
   8  0005  1F00     R  	clr _PLT_SerialSend_2[7]
   8  0006  1F00     R  	clr _PLT_SerialSend_2[8]
   8  0007  1F00     R  	clr _PLT_SerialSend_2[9]
   8  0008  0F01        	mov a,1
   8  0009  0080     R  	mov _PLT_SerialSend_2[10],a
  10  000A              #line 10 "c:\users\tech\desktop\powerlinetransceiver\PLT\PLTSerialProtocol.c"
  10  000A  0F00     R  	mov a,low offset _PLT_SerialSend_2
  10  000B  0080     E  	mov ra,a
  10  000C  0F00     R  	mov a,high offset _PLT_SerialSend_2
  10  000D  0080     E  	mov rb,a
  10  000E  0F0B        	mov a,11
"File: PLTSerialProtocol.c  Assembler  Version HGASM0202      Page 4

  10  000F  0300     E  	add a,ra
  10  0010  0080     R  	mov _calculate_parity_and_checksum_2[5],a
  10  0011  0F00        	mov a,0
  10  0012  1300     E  	adc a,rb
  10  0013  0080     R  	mov _calculate_parity_and_checksum_2[6],a
  10  0014  0F0C        	mov a,12
  10  0015  0300     E  	add a,ra
  10  0016  0080     R  	mov _calculate_parity_and_checksum_2[3],a
  10  0017  0F00        	mov a,0
  10  0018  1300     E  	adc a,rb
  10  0019  0080     R  	mov _calculate_parity_and_checksum_2[4],a
  10  001A  0700     R  	mov a,_PLT_SerialSend_2[2]
  10  001B  0080     R  	mov _calculate_parity_and_checksum_2[2],a
  10  001C  0F03        	mov a,3
  10  001D  0300     E  	add a,ra
  10  001E  0080     R  	mov _calculate_parity_and_checksum_2[0],a
  10  001F  0F00        	mov a,0
  10  0020  1300     E  	adc a,rb
  10  0021  0080     R  	mov _calculate_parity_and_checksum_2[1],a
  10  0022  2000     R  	call _calculate_parity_and_checksum
  13  0023              #line 13 "c:\users\tech\desktop\powerlinetransceiver\PLT\PLTSerialProtocol.c"
  13  0023  1F00     E  	clr ra
  12  0024              #line 12 "c:\users\tech\desktop\powerlinetransceiver\PLT\PLTSerialProtocol.c"
  12  0024  1F00     R  	clr _PLT_SerialSend_2[13]
  12  0025  1F00     R  	clr _PLT_SerialSend_2[14]
  14  0026              #line 14 "c:\users\tech\desktop\powerlinetransceiver\PLT\PLTSerialProtocol.c"
  14  0026  0F00     R  	mov a,low offset _PLT_SerialSend_2
  14  0027  0080     E  	mov rf,a
  14  0028  0F00     R  	mov a,high offset _PLT_SerialSend_2
  14  0029  0080     E  	mov rg,a
  14  002A  0F03        	mov a,3
  14  002B  0380     E  	addm a,rf
  14  002C  0F00        	mov a,0
  14  002D  1380     E  	adcm a,rg
  14  002E              _L7:
  13  002E              #line 13 "c:\users\tech\desktop\powerlinetransceiver\PLT\PLTSerialProtocol.c"
  13  002E  0700     E  	mov a,ra
  13  002F  0200     R  	sub a,_PLT_SerialSend_2[2]
  13  0030  3B8A        	snz sc
  13  0031  2800     R  	jmp _L9
  14  0032              #line 14 "c:\users\tech\desktop\powerlinetransceiver\PLT\PLTSerialProtocol.c"
  14  0032  0700     E  	mov a,ra
  14  0033  0080     E  	mov rd,a
  14  0034  1F00     E  	clr re
  14  0035  3F85        	sz acc.7
  14  0036  1F80     E  	set re
  14  0037  0700     E  	mov a,rd
  14  0038  0300     E  	add a,rf
  14  0039  0083        	mov mp,a
  14  003A  0700     E  	mov a,re
  14  003B  1300     E  	adc a,rg
  14  003C  0084        	mov sbp,a
  14  003D  2000     E  	call _Crom2Prom
  14  003E  0080     E  	mov rb,a
  14  003F  0F01        	mov a,1
  14  0040  0680     E  	andm a,rb
  14  0041  1F00     E  	clr rc
  14  0042  3C00     E  	sz rb.7
  14  0043  1F80     E  	set rc
  14  0044  1480     E  	inc rd
"File: PLTSerialProtocol.c  Assembler  Version HGASM0202      Page 5

  14  0045  3D0A        	sz z
  14  0046  1480     E  	inc re
  14  0047  1400     E  	inca rd
  14  0048  2800     R  	jmp _LI1
  14  0049              _LI2:
  14  0049  340A        	clr c
  14  004A  1A80     E  	rlc rb
  14  004B  1A80     E  	rlc rc
  14  004C              _LI1:
  14  004C  1785        	sdz acc
  14  004D  2800     R  	jmp _LI2
  14  004E  0700     E  	mov a,rc
  14  004F  0580     R  	orm a,_PLT_SerialSend_2[14]
  14  0050  0700     E  	mov a,rb
  14  0051  0580     R  	orm a,_PLT_SerialSend_2[13]
  13  0052              #line 13 "c:\users\tech\desktop\powerlinetransceiver\PLT\PLTSerialProtocol.c"
  13  0052  1480     E  	inc ra
  13  0053  2800     R  	jmp _L7
  13  0054              _L9:
  17  0054              #line 17 "c:\users\tech\desktop\powerlinetransceiver\PLT\PLTSerialProtocol.c"
  17  0054  0700     R  	mov a,_PLT_SerialSend_2[2]
  17  0055  0080     E  	mov rb,a
  17  0056  1F00     E  	clr rc
  17  0057  3F85        	sz acc.7
  17  0058  1F80     E  	set rc
  18  0059              #line 18 "c:\users\tech\desktop\powerlinetransceiver\PLT\PLTSerialProtocol.c"
  18  0059  0F02        	mov a,2
  18  005A  0300     E  	add a,rb
  18  005B  0080     E  	mov rd,a
  18  005C  0F00        	mov a,0
  18  005D  1300     E  	adc a,rc
  18  005E  0080     E  	mov re,a
  18  005F  0F01        	mov a,1
  18  0060  0080     E  	mov rf,a
  18  0061  1F00     E  	clr rg
  18  0062  1400     E  	inca rd
  18  0063  2800     R  	jmp _LI3
  18  0064              _LI4:
  18  0064  340A        	clr c
  18  0065  1A80     E  	rlc rf
  18  0066  1A80     E  	rlc rg
  18  0067              _LI3:
  18  0067  1785        	sdz acc
  18  0068  2800     R  	jmp _LI4
  17  0069              #line 17 "c:\users\tech\desktop\powerlinetransceiver\PLT\PLTSerialProtocol.c"
  17  0069  0700     R  	mov a,_PLT_SerialSend_2[12]
  17  006A  0080     E  	mov rd,a
  17  006B  1F00     E  	clr re
  17  006C  3F85        	sz acc.7
  17  006D  1F80     E  	set re
  17  006E  0F01        	mov a,1
  17  006F  0300     E  	add a,rb
  17  0070  0080     R  	mov _PLT_SerialSend_2[15],a
  17  0071  0F00        	mov a,0
  17  0072  1300     E  	adc a,rc
  17  0073  0080     R  	mov _PLT_SerialSend_2[16],a
  17  0074  1400     R  	inca _PLT_SerialSend_2[15]
  17  0075  2800     R  	jmp _LI5
  17  0076              _LI6:
  17  0076  340A        	clr c
"File: PLTSerialProtocol.c  Assembler  Version HGASM0202      Page 6

  17  0077  1A80     E  	rlc rd
  17  0078  1A80     E  	rlc re
  17  0079              _LI5:
  17  0079  1785        	sdz acc
  17  007A  2800     R  	jmp _LI6
  17  007B  0700     E  	mov a,re
  17  007C  0580     E  	orm a,rg
  17  007D  0700     E  	mov a,rd
  17  007E  0580     E  	orm a,rf
  19  007F              #line 19 "c:\users\tech\desktop\powerlinetransceiver\PLT\PLTSerialProtocol.c"
  19  007F  0700     R  	mov a,_PLT_SerialSend_2[11]
  19  0080  0080     E  	mov rd,a
  19  0081  1F00     E  	clr re
  19  0082  3F85        	sz acc.7
  19  0083  1F80     E  	set re
  19  0084  0F03        	mov a,3
  19  0085  0380     E  	addm a,rb
  19  0086  0F00        	mov a,0
  19  0087  1380     E  	adcm a,rc
  19  0088  1400     E  	inca rb
  19  0089  2800     R  	jmp _LI7
  19  008A              _LI8:
  19  008A  340A        	clr c
  19  008B  1A80     E  	rlc rd
  19  008C  1A80     E  	rlc re
  19  008D              _LI7:
  19  008D  1785        	sdz acc
  19  008E  2800     R  	jmp _LI8
  18  008F              #line 18 "c:\users\tech\desktop\powerlinetransceiver\PLT\PLTSerialProtocol.c"
  18  008F  0700     E  	mov a,rg
  18  0090  0580     E  	orm a,re
  18  0091  0700     E  	mov a,rf
  18  0092  0580     E  	orm a,rd
  19  0093              #line 19 "c:\users\tech\desktop\powerlinetransceiver\PLT\PLTSerialProtocol.c"
  19  0093  0700     E  	mov a,re
  19  0094  0500     R  	or a,_PLT_SerialSend_2[14]
  19  0095  0080     R  	mov _PLT_SerialSend_2[14],a
  19  0096  0700     E  	mov a,rd
  19  0097  0500     R  	or a,_PLT_SerialSend_2[13]
  19  0098  0080     R  	mov _PLT_SerialSend_2[13],a
  20  0099              #line 20 "c:\users\tech\desktop\powerlinetransceiver\PLT\PLTSerialProtocol.c"
  20  0099  0F2C        	mov a,44
  20  009A  2000     E  	call _EnableInterrupt
  22  009B              #line 22 "c:\users\tech\desktop\powerlinetransceiver\PLT\PLTSerialProtocol.c"
  22  009B  0700     R  	mov a,_PLT_SerialSend_2[13]
  22  009C  0080     E  	mov ra,a
  22  009D  0700     R  	mov a,_PLT_SerialSend_2[14]
  22  009E  0080     E  	mov rb,a
  22  009F  0003        	ret
  22  00A0              _PLT_SerialSend endp
  22  00A0              #line 22 "c:\users\tech\desktop\powerlinetransceiver\PLT\PLTSerialProtocol.c"
  22  00A0              #pragma debug scope 1 1
  22  00A0              public _PLT_SerialInit
  22  00A0              #pragma debug scope 4 1
  37  00A0              #line 37 "c:\users\tech\desktop\powerlinetransceiver\PLT\PLTSerialProtocol.c"
  37  0000              _PLT_SerialInit .section 'code'
  37  0000              _PLT_SerialInit proc
  37  0000              public _PLT_SerialInit_2
  37  0000  0002[           local _PLT_SerialInit_2 db 2 dup(?)	; 2,0
            00
"File: PLTSerialProtocol.c  Assembler  Version HGASM0202      Page 7

            ]
  37  0002              #pragma debug variable 12 4 _PLT_SerialInit_2+0 "baudrate"
  37  0000  0003        	ret
  37  0001              _PLT_SerialInit endp
  37  0001              #line 37 "c:\users\tech\desktop\powerlinetransceiver\PLT\PLTSerialProtocol.c"
  37  0001              #pragma debug scope 1 1
  37  0001              ___pa equ [20]
  37  0001              public _PLT_HandelSerialTransmit
  37  0001              #pragma debug scope 5 1
  48  0001              #line 48 "c:\users\tech\desktop\powerlinetransceiver\PLT\PLTSerialProtocol.c"
  48  0000              _PLT_HandelSerialTransmit .section 'code'
  48  0000              _PLT_HandelSerialTransmit proc
  50  0000              #line 50 "c:\users\tech\desktop\powerlinetransceiver\PLT\PLTSerialProtocol.c"
  50  0000  0700     E  	mov a,_frame[0]
  50  0001  0080     E  	mov rb,a
  50  0002  0700     E  	mov a,_frame[1]
  50  0003  0080     E  	mov rc,a
  50  0004  3800     E  	snz rb.0
  50  0005  2800     R  	jmp _L12
  50  0006              #line 50 "c:\users\tech\desktop\powerlinetransceiver\PLT\PLTSerialProtocol.c"
  50  0006  3194        	set [20].3
  50  0007  2800     R  	jmp _L13
  50  0008              _L12:
  51  0008              #line 51 "c:\users\tech\desktop\powerlinetransceiver\PLT\PLTSerialProtocol.c"
  51  0008  3594        	clr [20].3
  51  0009              _L13:
  52  0009              #line 52 "c:\users\tech\desktop\powerlinetransceiver\PLT\PLTSerialProtocol.c"
  52  0009  340A        	clr c
  52  000A  1B80     E  	rrc rc
  52  000B  1B80     E  	rrc rb
  52  000C  0700     E  	mov a,rb
  52  000D  0080     E  	mov _frame[0],a
  52  000E  0700     E  	mov a,rc
  52  000F  0080     E  	mov _frame[1],a
  53  0010              #line 53 "c:\users\tech\desktop\powerlinetransceiver\PLT\PLTSerialProtocol.c"
  53  0010  0700     E  	mov a,rb
  53  0011  0500     E  	or a,rc
  53  0012  390A        	snz z
  53  0013  2800     R  	jmp _L11
  53  0014  0F07        	mov a,7
  53  0015  0080     E  	mov ra,a
  53  0016              _L16:
  53  0016              #pragma debug scope 6 5
  53  0016              ;begin block, line: 53.-1
  56  0016              #line 56 "c:\users\tech\desktop\powerlinetransceiver\PLT\PLTSerialProtocol.c"
  56  0016              ;# 56 "c:\users\tech\desktop\powerlinetransceiver\PLT\PLTSerialProtocol.c" 1
  56  0016  0000        	nop
  56  0017  1780     E  	sdz ra
  56  0018  2800     R  	jmp _L16
  57  0019              #line 57 "c:\users\tech\desktop\powerlinetransceiver\PLT\PLTSerialProtocol.c"
  57  0019  0F2C        	mov a,44
  57  001A  2000     E  	call _DisableInterrupt
  59  001B              #line 59 "c:\users\tech\desktop\powerlinetransceiver\PLT\PLTSerialProtocol.c"
  59  001B  3194        	set [20].3
  59  001C              _L11:
  59  001C              #pragma debug scope 5 1
  59  001C  0003        	ret
  59  001D              _PLT_HandelSerialTransmit endp
  59  001D              #line 59 "c:\users\tech\desktop\powerlinetransceiver\PLT\PLTSerialProtocol.c"
  59  001D              #pragma debug scope 1 1
"File: PLTSerialProtocol.c  Assembler  Version HGASM0202      Page 8


  42  001D              #line 42 "C:\Users\Tech\Desktop\PowerLineTransceiver\PLT/PLTSerialProtocol.h"
  42  001D              public _timerCuonter
  42  0000              @HCCINIT0_timerCuonter .section 'data'
  42  0000  0002[       _timerCuonter	db 2 dup(0)
            00
            ]
  42  0002              #pragma debug variable 12 1 _timerCuonter "timerCuonter"
  42  0002              
  42  0000              @HCCINIT .section 'data'
  42  0000              public _TranferBit
  42  0000              @HCCINIT	.section 'data'
  38  0000              #line 38 "C:\Users\Tech\Desktop\PowerLineTransceiver\PLT/PLTSerialProtocol.h"
  38  0000              @HCCINIT_TranferBit .section 'data'
  38  0000              _TranferBit label byte
  38  0000              #pragma debug variable 7 1 _TranferBit "TranferBit"
  38  0000              	db 0
  38  0000              @ROMDATA_BASE .section inpage 'code'
  38  0000              	db 0
  38  0001              @HCCINIT_TranferBit .section 'data'
  38  0001              public _IndexOfBit
  20  0001              #line 20 "C:\Users\Tech\Desktop\PowerLineTransceiver\PLT/PLTSerialProtocol.h"
  20  0000              @HCCINIT_IndexOfBit .section 'data'
  20  0000              _IndexOfBit label byte
  20  0000              #pragma debug variable 7 1 _IndexOfBit "IndexOfBit"
  20  0000              	db 0
  20  0001              @ROMDATA_BASE .section inpage 'code'
  20  0001              	db 0
  20  0001              @HCCINIT_IndexOfBit .section 'data'
  20  0001              #pragma debug struct_end
  20  0001              #pragma debug struct_end
  20  0001              #pragma debug union_end
  20  0001              #pragma debug union_end
  20  0001              #pragma debug variable 46 1 ___pa "__pa" 1
  20  0001              
  20  0001              ; output external variables
  20  0001              extern _frame:byte
  20  0001              extern _EnableInterrupt:near
  20  0001              extern _DisableInterrupt:near
  20  0001              
  20  0001              ; 
  20  0001              ; Generated by holtek-gcc v3.19, Tue Jul 09 17:59:25 2024
  20  0001              ; Rebuild 718
  20  0001              ; end of file


        0 Errors, 0