"File: PTM.c         Assembler  Version HGASM0202      Page 1


   1  0000              ; Generated by holtek-gcc v3.19, Mon Jun 24 20:27:12 2024
   2  0000              ; 
   3  0000              ; Configuration:
   4  0000              ;       with long instruction
   5  0000              ;       Single ROM, Multi-RAM
   6  0000              ;       bits_per_rom_unit:16
   7  0000              ;       with mp1
   8  0000              ;       with tbhp, address(0x9)
   9  0000              ;          Use tabrd-const
  10  0000              ;       
  11  0000              ; SFR address of long-instruction arch:
  12  0000              ;    mp0 = -1,1,0
  13  0000              ;    mp1 = 4,3,2
  14  0000              ;    mp2 = 14,13,12
  15  0000              ;    tbp = 9,7,8
  16  0000              ;    acc = 5
  17  0000              ;    pcl = 6
  18  0000              ;    status = 10
  19  0000              ;    bp = 11
  20  0000              ;    intc = 72
  21  0000              ;       
  22  0000              ;       
  23  0000              ; use 'tabrdc' instead of 'tabrd'
  24  0000              ;       
  25  0000              
  26  0000              #pragma translator "holtek-gcc 4.6.4" "3.19" "build 20130711"
  27  0000              ; Rebuild 718
  28  0000              
  29  0000              ir equ [2]
  30  0000              mp equ [3]
  31  0000              sbp equ [4]
  32  0000              acc equ [5]
  33  0000              bp equ [11]
  34  0000              tblp equ [7]
  35  0000              tbhp equ [9]
  36  0000              status equ [10]
  37  0000              c equ [10].0
  38  0000              ac equ [10].1
  39  0000              z equ [10].2
  40  0000              ov equ [10].3
  41  0000              cz equ [10].6
  42  0000              sc equ [10].7
  43  0000              intc equ [72]
  44  0000              
  45  0000              extern ra:byte
  46  0000              extern rb:byte
  47  0000              extern rc:byte
  48  0000              extern rd:byte
  49  0000              extern re:byte
  50  0000              extern rf:byte
  51  0000              extern rg:byte
  52  0000              extern rh:byte
  53  0000              extern _Crom2Prom:near
  54  0000              extern _Crom2PromNext:near
  55  0000              
  56  0000              RAMBANK 0 @BITDATASEC, @BITDATASEC1
  57  0000              @HCCINIT	.section 'data'
  58  0000              @HCCINIT0	.section 'data'
  59  0000              @BITDATASEC	 .section 'data'
"File: PTM.ASM       Assembler  Version HGASM0202      Page 2

  60  0000              @BITDATASEC1	 .section 'data'
  61  0000              
  62  0000              #pragma debug scope 1 1
  63  0000              	extern __DELAY3:near
  64  0000              	extern __DELAYX3:near
  65  0000              	extern __DELAYX6:near
  66  0000              	extern __DELAYY5:near
  67  0000              	extern __DELAYY3:near
  68  0000              	extern _builtin_holtek_delay_2:byte
  69  0000              ___ptmc0 equ [82]
  70  0000              ___ptmc1 equ [83]
  71  0000              public _PTimerInit
  72  0000              #pragma debug scope 2 1

   6  0000              #line 6 "C:\Users\Tech\Desktop\PowerLineTransceiver\Timer\PTM.c"
   6  0000              _PTimerInit .section 'code'
   6  0000              _PTimerInit proc
  20  0000              #line 20 "C:\Users\Tech\Desktop\PowerLineTransceiver\Timer\PTM.c"
  20  0000  3652        	clr [82].4
  21  0001              #line 21 "C:\Users\Tech\Desktop\PowerLineTransceiver\Timer\PTM.c"
  21  0001  32D2        	set [82].5
  22  0002              #line 22 "C:\Users\Tech\Desktop\PowerLineTransceiver\Timer\PTM.c"
  22  0002  3752        	clr [82].6
  30  0003              #line 30 "C:\Users\Tech\Desktop\PowerLineTransceiver\Timer\PTM.c"
  30  0003  3753        	clr [83].6
  31  0004              #line 31 "C:\Users\Tech\Desktop\PowerLineTransceiver\Timer\PTM.c"
  31  0004  33D3        	set [83].7
  44  0005              #line 44 "C:\Users\Tech\Desktop\PowerLineTransceiver\Timer\PTM.c"
  44  0005  3653        	clr [83].4
  45  0006              #line 45 "C:\Users\Tech\Desktop\PowerLineTransceiver\Timer\PTM.c"
  45  0006  36D3        	clr [83].5
  52  0007              #line 52 "C:\Users\Tech\Desktop\PowerLineTransceiver\Timer\PTM.c"
  52  0007  35D3        	clr [83].3
  57  0008              #line 57 "C:\Users\Tech\Desktop\PowerLineTransceiver\Timer\PTM.c"
  57  0008  3553        	clr [83].2
  62  0009              #line 62 "C:\Users\Tech\Desktop\PowerLineTransceiver\Timer\PTM.c"
  62  0009  34D3        	clr [83].1
  70  000A              #line 70 "C:\Users\Tech\Desktop\PowerLineTransceiver\Timer\PTM.c"
  70  000A  3053        	set [83].0
  70  000B  0003        	ret
  70  000C              _PTimerInit endp
  70  000C              #line 70 "C:\Users\Tech\Desktop\PowerLineTransceiver\Timer\PTM.c"
  70  000C              #pragma debug scope 1 1
  70  000C              ___ptmal equ [87]
  70  000C              ___ptmah equ [88]
  70  000C              ___ptmrpl equ [91]
  70  000C              ___ptmrph equ [92]
  70  000C              public _PWMSeter
  70  000C              #pragma debug scope 3 1
  79  000C              #line 79 "C:\Users\Tech\Desktop\PowerLineTransceiver\Timer\PTM.c"
  79  0000              _PWMSeter .section 'code'
  79  0000              _PWMSeter proc
  79  0000  00              local _PWMSeter_2 db 1 dup(?)	; 0,1
  79  0000  0080     E  	mov ra,a
  79  0001  0080     R  	mov _PWMSeter_2[0],a
  79  0002              #pragma debug variable 7 3 _PWMSeter_2+0 "status"
  80  0002              #line 80 "C:\Users\Tech\Desktop\PowerLineTransceiver\Timer\PTM.c"
  80  0002  1700     E  	sdza ra
  80  0003  2800     R  	jmp _L3
  84  0004              #line 84 "C:\Users\Tech\Desktop\PowerLineTransceiver\Timer\PTM.c"
"File: PTM.c         Assembler  Version HGASM0202      Page 3

  84  0004  0F25        	mov a,37
  84  0005  00D7        	mov [87],a
  86  0006              #line 86 "C:\Users\Tech\Desktop\PowerLineTransceiver\Timer\PTM.c"
  86  0006  1F58        	clr [88]
  92  0007              #line 92 "C:\Users\Tech\Desktop\PowerLineTransceiver\Timer\PTM.c"
  92  0007  1F5B        	clr [91]
  94  0008              #line 94 "C:\Users\Tech\Desktop\PowerLineTransceiver\Timer\PTM.c"
  94  0008  1F5C        	clr [92]
 104  0009              #line 104 "C:\Users\Tech\Desktop\PowerLineTransceiver\Timer\PTM.c"
 104  0009  37D2        	clr [82].7
 110  000A              #line 110 "C:\Users\Tech\Desktop\PowerLineTransceiver\Timer\PTM.c"
 110  000A  31D2        	set [82].3
 110  000B  2800     R  	jmp _L2
 110  000C              _L3:
 113  000C              #line 113 "C:\Users\Tech\Desktop\PowerLineTransceiver\Timer\PTM.c"
 113  000C  1080     R  	sz _PWMSeter_2[0]
 113  000D  2800     R  	jmp _L2
 115  000E              #line 115 "C:\Users\Tech\Desktop\PowerLineTransceiver\Timer\PTM.c"
 115  000E  33D2        	set [82].7
 116  000F              #line 116 "C:\Users\Tech\Desktop\PowerLineTransceiver\Timer\PTM.c"
 116  000F  35D2        	clr [82].3
 117  0010              #line 117 "C:\Users\Tech\Desktop\PowerLineTransceiver\Timer\PTM.c"
 117  0010  1F5B        	clr [91]
 118  0011              #line 118 "C:\Users\Tech\Desktop\PowerLineTransceiver\Timer\PTM.c"
 118  0011  1F57        	clr [87]
 118  0012              _L2:
 118  0012  0003        	ret
 118  0013              _PWMSeter endp
 118  0013              #line 118 "C:\Users\Tech\Desktop\PowerLineTransceiver\Timer\PTM.c"
 118  0013              #pragma debug scope 1 1
 118  0013              #pragma debug struct_end
 118  0013              #pragma debug struct_end
 118  0013              #pragma debug union_end
 118  0013              #pragma debug union_end
 118  0013              #pragma debug variable 43 1 ___ptmc0 "__ptmc0" 1
 118  0013              #pragma debug struct_end
 118  0013              #pragma debug struct_end
 118  0013              #pragma debug union_end
 118  0013              #pragma debug union_end
 118  0013              #pragma debug variable 45 1 ___ptmc1 "__ptmc1" 1
 118  0013              #pragma debug variable 8 1 ___ptmal "__ptmal" 1
 118  0013              #pragma debug variable 8 1 ___ptmah "__ptmah" 1
 118  0013              #pragma debug variable 8 1 ___ptmrpl "__ptmrpl" 1
 118  0013              #pragma debug variable 8 1 ___ptmrph "__ptmrph" 1
 118  0013              
 118  0013              ; 
 118  0013              ; Generated by holtek-gcc v3.19, Mon Jun 24 20:27:13 2024
 118  0013              ; Rebuild 718
 118  0013              ; end of file


        0 Errors, 0