"File: RCC.c         Assembler  Version HGASM0202      Page 1


   1  0000              ; Generated by holtek-gcc v3.19, Sat Nov 09 12:49:21 2024
   2  0000              ; 
   3  0000              ; Configuration:
   4  0000              ;       with long instruction
   5  0000              ;       Single ROM, Multi-RAM
   6  0000              ;       bits_per_rom_unit:16
   7  0000              ;       with mp1
   8  0000              ;       with tbhp, address(0x9)
   9  0000              ;          Use tabrd-const
  10  0000              ;       
  11  0000              ; SFR address of long-instruction arch:
  12  0000              ;    mp0 = -1,1,0
  13  0000              ;    mp1 = 4,3,2
  14  0000              ;    mp2 = 14,13,12
  15  0000              ;    tbp = 9,7,8
  16  0000              ;    acc = 5
  17  0000              ;    pcl = 6
  18  0000              ;    status = 10
  19  0000              ;    bp = 11
  20  0000              ;    intc = 72
  21  0000              ;       
  22  0000              ;       
  23  0000              ; use 'tabrdc' instead of 'tabrd'
  24  0000              ;       
  25  0000              
  26  0000              #pragma translator "holtek-gcc 4.6.4" "3.19" "build 20130711"
  27  0000              ; Rebuild 718
  28  0000              
  29  0000              ir equ [2]
  30  0000              mp equ [3]
  31  0000              sbp equ [4]
  32  0000              acc equ [5]
  33  0000              bp equ [11]
  34  0000              tblp equ [7]
  35  0000              tbhp equ [9]
  36  0000              status equ [10]
  37  0000              c equ [10].0
  38  0000              ac equ [10].1
  39  0000              z equ [10].2
  40  0000              ov equ [10].3
  41  0000              cz equ [10].6
  42  0000              sc equ [10].7
  43  0000              intc equ [72]
  44  0000              
  45  0000              extern ra:byte
  46  0000              extern rb:byte
  47  0000              extern rc:byte
  48  0000              extern rd:byte
  49  0000              extern re:byte
  50  0000              extern rf:byte
  51  0000              extern rg:byte
  52  0000              extern rh:byte
  53  0000              extern _Crom2Prom:near
  54  0000              extern _Crom2PromNext:near
  55  0000              
  56  0000              RAMBANK 0 @BITDATASEC, @BITDATASEC1
  57  0000              @HCCINIT	.section 'data'
  58  0000              @HCCINIT0	.section 'data'
  59  0000              @BITDATASEC	 .section 'data'
"File: RCC.ASM       Assembler  Version HGASM0202      Page 2

  60  0000              @BITDATASEC1	 .section 'data'
  61  0000              
  62  0000              #pragma debug scope 1 1
  63  0000              	extern __DELAY3:near
  64  0000              	extern __DELAYX3:near
  65  0000              	extern __DELAYX6:near
  66  0000              	extern __DELAYY5:near
  67  0000              	extern __DELAYY3:near
  68  0000              	extern _builtin_holtek_delay_2:byte
  69  0000              ___scc equ [18]
  70  0000              ___hircc equ [19]
  71  0000              ___wdtc equ [61]
  72  0000              public _S_RCC_Init
  73  0000              #pragma debug scope 2 1

  11  0000              #line 11 "c:\users\tech\desktop\powerlinetransceiver\RCC\RCC.c"
  11  0000              _S_RCC_Init .section 'code'
  11  0000              _S_RCC_Init proc
  12  0000              #line 12 "c:\users\tech\desktop\powerlinetransceiver\RCC\RCC.c"
  12  0000  1F12        	clr [18]
  16  0001              #line 16 "c:\users\tech\desktop\powerlinetransceiver\RCC\RCC.c"
  16  0001  0F05        	mov a,5
  16  0002  0093        	mov [19],a
  21  0003              #line 21 "c:\users\tech\desktop\powerlinetransceiver\RCC\RCC.c"
  21  0003  0FAF        	mov a,175
  21  0004  00BD        	mov [61],a
  21  0005  0003        	ret
  21  0006              _S_RCC_Init endp
  21  0006              #line 21 "c:\users\tech\desktop\powerlinetransceiver\RCC\RCC.c"
  21  0006              #pragma debug scope 1 1
  21  0006              ___pscr equ [29]
  21  0006              ___tb0c equ [16]
  21  0006              ___tb1c equ [17]
  21  0006              ___intc3 equ [75]
  21  0006              ___intc0 equ [72]
  21  0006              public _S_Timebase_Init
  21  0006              #pragma debug scope 3 1
  32  0006              #line 32 "c:\users\tech\desktop\powerlinetransceiver\RCC\RCC.c"
  32  0000              _S_Timebase_Init .section 'code'
  32  0000              _S_Timebase_Init proc
  33  0000              #line 33 "c:\users\tech\desktop\powerlinetransceiver\RCC\RCC.c"
  33  0000  0F02        	mov a,2
  33  0001  009D        	mov [29],a
  34  0002              #line 34 "c:\users\tech\desktop\powerlinetransceiver\RCC\RCC.c"
  34  0002  0F87        	mov a,135
  34  0003  0090        	mov [16],a
  35  0004              #line 35 "c:\users\tech\desktop\powerlinetransceiver\RCC\RCC.c"
  35  0004  0F80        	mov a,128
  35  0005  0091        	mov [17],a
  37  0006              #line 37 "c:\users\tech\desktop\powerlinetransceiver\RCC\RCC.c"
  37  0006  30CB        	set [75].1
  38  0007              #line 38 "c:\users\tech\desktop\powerlinetransceiver\RCC\RCC.c"
  38  0007  36CB        	clr [75].5
  40  0008              #line 40 "c:\users\tech\desktop\powerlinetransceiver\RCC\RCC.c"
  40  0008  304B        	set [75].0
  41  0009              #line 41 "c:\users\tech\desktop\powerlinetransceiver\RCC\RCC.c"
  41  0009  324B        	set [75].4
  43  000A              #line 43 "c:\users\tech\desktop\powerlinetransceiver\RCC\RCC.c"
  43  000A  3048        	set [72].0
  43  000B  0003        	ret
"File: RCC.c         Assembler  Version HGASM0202      Page 3

  43  000C              _S_Timebase_Init endp
  43  000C              #line 43 "c:\users\tech\desktop\powerlinetransceiver\RCC\RCC.c"
  43  000C              #pragma debug scope 1 1
  43  000C              #pragma debug struct_end
  43  000C              #pragma debug struct_end
  43  000C              #pragma debug union_end
  43  000C              #pragma debug union_end
  43  000C              #pragma debug variable 43 1 ___tb0c "__tb0c" 1
  43  000C              #pragma debug struct_end
  43  000C              #pragma debug struct_end
  43  000C              #pragma debug union_end
  43  000C              #pragma debug union_end
  43  000C              #pragma debug variable 45 1 ___tb1c "__tb1c" 1
  43  000C              #pragma debug struct_end
  43  000C              #pragma debug struct_end
  43  000C              #pragma debug union_end
  43  000C              #pragma debug union_end
  43  000C              #pragma debug variable 47 1 ___scc "__scc" 1
  43  000C              #pragma debug struct_end
  43  000C              #pragma debug struct_end
  43  000C              #pragma debug union_end
  43  000C              #pragma debug union_end
  43  000C              #pragma debug variable 49 1 ___hircc "__hircc" 1
  43  000C              #pragma debug struct_end
  43  000C              #pragma debug struct_end
  43  000C              #pragma debug union_end
  43  000C              #pragma debug union_end
  43  000C              #pragma debug variable 51 1 ___pscr "__pscr" 1
  43  000C              #pragma debug struct_end
  43  000C              #pragma debug struct_end
  43  000C              #pragma debug union_end
  43  000C              #pragma debug union_end
  43  000C              #pragma debug variable 53 1 ___wdtc "__wdtc" 1
  43  000C              #pragma debug struct_end
  43  000C              #pragma debug struct_end
  43  000C              #pragma debug union_end
  43  000C              #pragma debug union_end
  43  000C              #pragma debug variable 55 1 ___intc0 "__intc0" 1
  43  000C              #pragma debug struct_end
  43  000C              #pragma debug struct_end
  43  000C              #pragma debug union_end
  43  000C              #pragma debug union_end
  43  000C              #pragma debug variable 57 1 ___intc3 "__intc3" 1
  43  000C              
  43  000C              ; 
  43  000C              ; Generated by holtek-gcc v3.19, Sat Nov 09 12:49:21 2024
  43  000C              ; Rebuild 718
  43  000C              ; end of file


        0 Errors, 0