"File: SmokeDetector.c  Assembler  Version HGASM0202      Page 1


   1  0000              ; Generated by holtek-gcc v3.19, Mon Sep 30 16:54:52 2024
   2  0000              ; 
   3  0000              ; Configuration:
   4  0000              ;       with long instruction
   5  0000              ;       Single ROM, Multi-RAM
   6  0000              ;       bits_per_rom_unit:16
   7  0000              ;       with mp1
   8  0000              ;       with tbhp, address(0x9)
   9  0000              ;          Use tabrd-const
  10  0000              ;       
  11  0000              ; SFR address of long-instruction arch:
  12  0000              ;    mp0 = -1,1,0
  13  0000              ;    mp1 = 4,3,2
  14  0000              ;    mp2 = 14,13,12
  15  0000              ;    tbp = 9,7,8
  16  0000              ;    acc = 5
  17  0000              ;    pcl = 6
  18  0000              ;    status = 10
  19  0000              ;    bp = 11
  20  0000              ;    intc = 72
  21  0000              ;       
  22  0000              ;       
  23  0000              ; use 'tabrdc' instead of 'tabrd'
  24  0000              ;       
  25  0000              
  26  0000              #pragma translator "holtek-gcc 4.6.4" "3.19" "build 20130711"
  27  0000              ; Rebuild 718
  28  0000              
  29  0000              ir equ [2]
  30  0000              mp equ [3]
  31  0000              sbp equ [4]
  32  0000              acc equ [5]
  33  0000              bp equ [11]
  34  0000              tblp equ [7]
  35  0000              tbhp equ [9]
  36  0000              status equ [10]
  37  0000              c equ [10].0
  38  0000              ac equ [10].1
  39  0000              z equ [10].2
  40  0000              ov equ [10].3
  41  0000              cz equ [10].6
  42  0000              sc equ [10].7
  43  0000              intc equ [72]
  44  0000              
  45  0000              extern ra:byte
  46  0000              extern rb:byte
  47  0000              extern rc:byte
  48  0000              extern rd:byte
  49  0000              extern re:byte
  50  0000              extern rf:byte
  51  0000              extern rg:byte
  52  0000              extern rh:byte
  53  0000              extern _Crom2Prom:near
  54  0000              extern _Crom2PromNext:near
  55  0000              
  56  0000              RAMBANK 0 @BITDATASEC, @BITDATASEC1
  57  0000              @HCCINIT	.section 'data'
  58  0000              @HCCINIT0	.section 'data'
  59  0000              @BITDATASEC	 .section 'data'
"File: SmokeDetector.ASM  Assembler  Version HGASM0202      Page 2

  60  0000              @BITDATASEC1	 .section 'data'
  61  0000              
  62  0000              #pragma debug scope 1 1
  63  0000              	extern __DELAY3:near
  64  0000              	extern __DELAYX3:near
  65  0000              	extern __DELAYX6:near
  66  0000              	extern __DELAYY5:near
  67  0000              	extern __DELAYY3:near
  68  0000              	extern _builtin_holtek_delay_2:byte
  69  0000              ___isgdata0 equ [94]
  70  0000              ___sdpgac0 equ [33]
  71  0000              ___sdpgac1 equ [34]
  72  0000              ___sda0c equ [35]
  73  0000              ___sda1c equ [37]
  74  0000              ___sdsw equ [32]
  75  0000              public _InitOPA
  76  0000              #pragma debug scope 2 1

  24  0000              #line 24 "c:\users\tech\desktop\powerlinetransceiver\SmokeDetector\SmokeDetector.c"
  24  0000              _InitOPA .section 'code'
  24  0000              _InitOPA proc
  26  0000              #line 26 "c:\users\tech\desktop\powerlinetransceiver\SmokeDetector\SmokeDetector.c"
  26  0000  0F07        	mov a,7
  26  0001  00DE        	mov [94],a
  27  0002              #line 27 "c:\users\tech\desktop\powerlinetransceiver\SmokeDetector\SmokeDetector.c"
  27  0002  0F14        	mov a,20
  27  0003  00A1        	mov [33],a
  28  0004              #line 28 "c:\users\tech\desktop\powerlinetransceiver\SmokeDetector\SmokeDetector.c"
  28  0004  0F19        	mov a,25
  28  0005  00A2        	mov [34],a
  29  0006              #line 29 "c:\users\tech\desktop\powerlinetransceiver\SmokeDetector\SmokeDetector.c"
  29  0006  0F43        	mov a,67
  29  0007  00A3        	mov [35],a
  30  0008              #line 30 "c:\users\tech\desktop\powerlinetransceiver\SmokeDetector\SmokeDetector.c"
  30  0008  0F43        	mov a,67
  30  0009  00A5        	mov [37],a
  31  000A              #line 31 "c:\users\tech\desktop\powerlinetransceiver\SmokeDetector\SmokeDetector.c"
  31  000A  0F77        	mov a,119
  31  000B  00A0        	mov [32],a
  31  000C  0003        	ret
  31  000D              _InitOPA endp
  31  000D              #line 31 "c:\users\tech\desktop\powerlinetransceiver\SmokeDetector\SmokeDetector.c"
  31  000D              #pragma debug scope 1 1
  31  000D              ___isgenc equ [93]
  31  000D              ___isgdata1 equ [95]
  31  000D              public _InitISINK
  31  000D              #pragma debug scope 3 1
  74  000D              #line 74 "c:\users\tech\desktop\powerlinetransceiver\SmokeDetector\SmokeDetector.c"
  74  0000              _InitISINK .section 'code'
  74  0000              _InitISINK proc
  75  0000              #line 75 "c:\users\tech\desktop\powerlinetransceiver\SmokeDetector\SmokeDetector.c"
  75  0000  33DD        	set [93].7
  77  0001              #line 77 "c:\users\tech\desktop\powerlinetransceiver\SmokeDetector\SmokeDetector.c"
  77  0001  305D        	set [93].0
  78  0002              #line 78 "c:\users\tech\desktop\powerlinetransceiver\SmokeDetector\SmokeDetector.c"
  78  0002  0F01        	mov a,1
  78  0003  00DE        	mov [94],a
  81  0004              #line 81 "c:\users\tech\desktop\powerlinetransceiver\SmokeDetector\SmokeDetector.c"
  81  0004  1F00     E  	clr ra
  81  0005  3CDD        	sz [93].1
"File: SmokeDetector.c  Assembler  Version HGASM0202      Page 3

  81  0006  1480     E  	inc ra
  81  0007  0700     E  	mov a,ra
  81  0008  0380     E  	addm a,ra
  81  0009  34DD        	clr [93].1
  81  000A  0700     E  	mov a,ra
  81  000B  05DD        	orm a,[93]
  82  000C              #line 82 "c:\users\tech\desktop\powerlinetransceiver\SmokeDetector\SmokeDetector.c"
  82  000C  305F        	set [95].0
  82  000D  0003        	ret
  82  000E              _InitISINK endp
  82  000E              #line 82 "c:\users\tech\desktop\powerlinetransceiver\SmokeDetector\SmokeDetector.c"
  82  000E              #pragma debug scope 1 1
  82  000E              ___sda0vos equ [36]
  82  000E              public _CalibrateOPA0
  82  000E              #pragma debug scope 4 1
  95  000E              #line 95 "c:\users\tech\desktop\powerlinetransceiver\SmokeDetector\SmokeDetector.c"
  95  0000              _CalibrateOPA0 .section 'code'
  95  0000              _CalibrateOPA0 proc
  99  0000              #line 99 "c:\users\tech\desktop\powerlinetransceiver\SmokeDetector\SmokeDetector.c"
  99  0000  1FA4        	set [36]
  99  0001              _L8:
 104  0001              #line 104 "c:\users\tech\desktop\powerlinetransceiver\SmokeDetector\SmokeDetector.c"
 104  0001              ;# 104 "c:\users\tech\desktop\powerlinetransceiver\SmokeDetector\SmokeDetector.c" 1
 104  0001              	IF 2000>263690
 104  0001              ;# 104 "c:\users\tech\desktop\powerlinetransceiver\SmokeDetector\SmokeDetector.c" 1
 104  0001              	ERRMESSAGE 'the value 2000of the argument exceeds the maxinum 263690'
 104  0001              	ENDIF
 104  0001              ;# 104 "c:\users\tech\desktop\powerlinetransceiver\SmokeDetector\SmokeDetector.c" 1
 104  0001              	IF 2000<0
 104  0001              ;# 104 "c:\users\tech\desktop\powerlinetransceiver\SmokeDetector\SmokeDetector.c" 1
 104  0001              	ERRMESSAGE 'the value 2000 of the argument exceeds the mininum 0'
 104  0001              	ENDIF
 104  0001              ;# 104 "c:\users\tech\desktop\powerlinetransceiver\SmokeDetector\SmokeDetector.c" 1
 104  0001              	IF 2000==0
 104  0001              ;# 104 "c:\users\tech\desktop\powerlinetransceiver\SmokeDetector\SmokeDetector.c" 1
 104  0001              	JMP $
 104  0001              	ENDIF
 104  0001              ;# 104 "c:\users\tech\desktop\powerlinetransceiver\SmokeDetector\SmokeDetector.c" 1
 104  0001              	IF 2000==1
 104  0001              ;# 104 "c:\users\tech\desktop\powerlinetransceiver\SmokeDetector\SmokeDetector.c" 1
 104  0001              	NOP
 104  0001              	ENDIF
 104  0001              ;# 104 "c:\users\tech\desktop\powerlinetransceiver\SmokeDetector\SmokeDetector.c" 1
 104  0001              	IF 2000==2
 104  0001              ;# 104 "c:\users\tech\desktop\powerlinetransceiver\SmokeDetector\SmokeDetector.c" 1
 104  0001              	NOP
 104  0001              ;# 104 "c:\users\tech\desktop\powerlinetransceiver\SmokeDetector\SmokeDetector.c" 1
 104  0001              	NOP
 104  0001              	ENDIF
 104  0001              ;# 104 "c:\users\tech\desktop\powerlinetransceiver\SmokeDetector\SmokeDetector.c" 1
 104  0001              	IF 2000==3
 104  0001              ;# 104 "c:\users\tech\desktop\powerlinetransceiver\SmokeDetector\SmokeDetector.c" 1
 104  0001              	NOP
 104  0001              ;# 104 "c:\users\tech\desktop\powerlinetransceiver\SmokeDetector\SmokeDetector.c" 1
 104  0001              	NOP
 104  0001              ;# 104 "c:\users\tech\desktop\powerlinetransceiver\SmokeDetector\SmokeDetector.c" 1
 104  0001              	NOP
 104  0001              	ENDIF
 104  0001              ;# 104 "c:\users\tech\desktop\powerlinetransceiver\SmokeDetector\SmokeDetector.c" 1
 104  0001              	IF (2000<8) AND (2000>3)
"File: SmokeDetector.c  Assembler  Version HGASM0202      Page 4

 104  0001              ;# 104 "c:\users\tech\desktop\powerlinetransceiver\SmokeDetector\SmokeDetector.c" 1
 104  0001              	CALL __DELAY3 + 7 -2000
 104  0001              	ENDIF
 104  0001              ;# 104 "c:\users\tech\desktop\powerlinetransceiver\SmokeDetector\SmokeDetector.c" 1
 104  0001              	IF (2000< 0404h) AND (2000>7)
 104  0001              ;# 104 "c:\users\tech\desktop\powerlinetransceiver\SmokeDetector\SmokeDetector.c" 1
 104  0001              	MOV A,2000/4-1
 104  0001              ;# 104 "c:\users\tech\desktop\powerlinetransceiver\SmokeDetector\SmokeDetector.c" 1
 104  0001              	CALL __DELAYX3 + 3 -(2000 MOD 4)
 104  0001              	ENDIF
 104  0001              ;# 104 "c:\users\tech\desktop\powerlinetransceiver\SmokeDetector\SmokeDetector.c" 1
 104  0001              	IF (2000< 0x40B) AND (2000> 0403h)
 104  0001              ;# 104 "c:\users\tech\desktop\powerlinetransceiver\SmokeDetector\SmokeDetector.c" 1
 104  0001              	MOV A,0 
 104  0001              ;# 104 "c:\users\tech\desktop\powerlinetransceiver\SmokeDetector\SmokeDetector.c" 1
 104  0001              	CALL __DELAYX6 + 0x40a -2000
 104  0001              	ENDIF
 104  0001              ;# 104 "c:\users\tech\desktop\powerlinetransceiver\SmokeDetector\SmokeDetector.c" 1
 104  0001              	IF (2000 >= 0x40b) AND ((((2000-9)%0402h)/4+1)>256)
 104  0001              ;# 104 "c:\users\tech\desktop\powerlinetransceiver\SmokeDetector\SmokeDetector.c" 1
 104  0001              	MOV A,(2000-9)/0402h
 104  0001              ;# 104 "c:\users\tech\desktop\powerlinetransceiver\SmokeDetector\SmokeDetector.c" 1
 104  0001              	MOV _builtin_holtek_delay_2,A
 104  0001              ;# 104 "c:\users\tech\desktop\powerlinetransceiver\SmokeDetector\SmokeDetector.c" 1
 104  0001              	MOV A,0
 104  0001              ;# 104 "c:\users\tech\desktop\powerlinetransceiver\SmokeDetector\SmokeDetector.c" 1
 104  0001              	CALL __DELAYY5 +5- (((2000-9)%0402h)%6)
 104  0001              	ENDIF
 104  0001              ;# 104 "c:\users\tech\desktop\powerlinetransceiver\SmokeDetector\SmokeDetector.c" 1
 104  0001              	IF (2000 >= 0x40b) AND ((((2000-9)%0402h)/4+1)<=256)
 104  0001              ;# 104 "c:\users\tech\desktop\powerlinetransceiver\SmokeDetector\SmokeDetector.c" 1
 104  0001  0F01        	MOV A,(2000-9)/0402h
 104  0002              ;# 104 "c:\users\tech\desktop\powerlinetransceiver\SmokeDetector\SmokeDetector.c" 1
 104  0002  0080     E  	MOV _builtin_holtek_delay_2,A
 104  0003              ;# 104 "c:\users\tech\desktop\powerlinetransceiver\SmokeDetector\SmokeDetector.c" 1
 104  0003  0FF2        	MOV A,((2000-9)%0402h)/4+1
 104  0004              ;# 104 "c:\users\tech\desktop\powerlinetransceiver\SmokeDetector\SmokeDetector.c" 1
 104  0004  2000     E  	CALL __DELAYY3 +3-(((2000-9)%0402h)%4)
 104  0005              	ENDIF
 101  0005              #line 101 "c:\users\tech\desktop\powerlinetransceiver\SmokeDetector\SmokeDetector.c"
 101  0005  3AA3        	snz [35].5
 101  0006  2800     R  	jmp _L11
 103  0007              #line 103 "c:\users\tech\desktop\powerlinetransceiver\SmokeDetector\SmokeDetector.c"
 103  0007  15A4        	dec [36]
 103  0008  2800     R  	jmp _L8
 103  0009              _L11:
 106  0009              #line 106 "c:\users\tech\desktop\powerlinetransceiver\SmokeDetector\SmokeDetector.c"
 106  0009  0724        	mov a,[36]
 106  000A  0E3F        	and a,63
 106  000B  0080     E  	mov ra,a
 107  000C              #line 107 "c:\users\tech\desktop\powerlinetransceiver\SmokeDetector\SmokeDetector.c"
 107  000C  0FC0        	mov a,192
 107  000D  00A4        	mov [36],a
 107  000E              _L9:
 112  000E              #line 112 "c:\users\tech\desktop\powerlinetransceiver\SmokeDetector\SmokeDetector.c"
 112  000E              ;# 112 "c:\users\tech\desktop\powerlinetransceiver\SmokeDetector\SmokeDetector.c" 1
 112  000E              	IF 2000>263690
 112  000E              ;# 112 "c:\users\tech\desktop\powerlinetransceiver\SmokeDetector\SmokeDetector.c" 1
 112  000E              	ERRMESSAGE 'the value 2000of the argument exceeds the maxinum 263690'
 112  000E              	ENDIF
"File: SmokeDetector.c  Assembler  Version HGASM0202      Page 5

 112  000E              ;# 112 "c:\users\tech\desktop\powerlinetransceiver\SmokeDetector\SmokeDetector.c" 1
 112  000E              	IF 2000<0
 112  000E              ;# 112 "c:\users\tech\desktop\powerlinetransceiver\SmokeDetector\SmokeDetector.c" 1
 112  000E              	ERRMESSAGE 'the value 2000 of the argument exceeds the mininum 0'
 112  000E              	ENDIF
 112  000E              ;# 112 "c:\users\tech\desktop\powerlinetransceiver\SmokeDetector\SmokeDetector.c" 1
 112  000E              	IF 2000==0
 112  000E              ;# 112 "c:\users\tech\desktop\powerlinetransceiver\SmokeDetector\SmokeDetector.c" 1
 112  000E              	JMP $
 112  000E              	ENDIF
 112  000E              ;# 112 "c:\users\tech\desktop\powerlinetransceiver\SmokeDetector\SmokeDetector.c" 1
 112  000E              	IF 2000==1
 112  000E              ;# 112 "c:\users\tech\desktop\powerlinetransceiver\SmokeDetector\SmokeDetector.c" 1
 112  000E              	NOP
 112  000E              	ENDIF
 112  000E              ;# 112 "c:\users\tech\desktop\powerlinetransceiver\SmokeDetector\SmokeDetector.c" 1
 112  000E              	IF 2000==2
 112  000E              ;# 112 "c:\users\tech\desktop\powerlinetransceiver\SmokeDetector\SmokeDetector.c" 1
 112  000E              	NOP
 112  000E              ;# 112 "c:\users\tech\desktop\powerlinetransceiver\SmokeDetector\SmokeDetector.c" 1
 112  000E              	NOP
 112  000E              	ENDIF
 112  000E              ;# 112 "c:\users\tech\desktop\powerlinetransceiver\SmokeDetector\SmokeDetector.c" 1
 112  000E              	IF 2000==3
 112  000E              ;# 112 "c:\users\tech\desktop\powerlinetransceiver\SmokeDetector\SmokeDetector.c" 1
 112  000E              	NOP
 112  000E              ;# 112 "c:\users\tech\desktop\powerlinetransceiver\SmokeDetector\SmokeDetector.c" 1
 112  000E              	NOP
 112  000E              ;# 112 "c:\users\tech\desktop\powerlinetransceiver\SmokeDetector\SmokeDetector.c" 1
 112  000E              	NOP
 112  000E              	ENDIF
 112  000E              ;# 112 "c:\users\tech\desktop\powerlinetransceiver\SmokeDetector\SmokeDetector.c" 1
 112  000E              	IF (2000<8) AND (2000>3)
 112  000E              ;# 112 "c:\users\tech\desktop\powerlinetransceiver\SmokeDetector\SmokeDetector.c" 1
 112  000E              	CALL __DELAY3 + 7 -2000
 112  000E              	ENDIF
 112  000E              ;# 112 "c:\users\tech\desktop\powerlinetransceiver\SmokeDetector\SmokeDetector.c" 1
 112  000E              	IF (2000< 0404h) AND (2000>7)
 112  000E              ;# 112 "c:\users\tech\desktop\powerlinetransceiver\SmokeDetector\SmokeDetector.c" 1
 112  000E              	MOV A,2000/4-1
 112  000E              ;# 112 "c:\users\tech\desktop\powerlinetransceiver\SmokeDetector\SmokeDetector.c" 1
 112  000E              	CALL __DELAYX3 + 3 -(2000 MOD 4)
 112  000E              	ENDIF
 112  000E              ;# 112 "c:\users\tech\desktop\powerlinetransceiver\SmokeDetector\SmokeDetector.c" 1
 112  000E              	IF (2000< 0x40B) AND (2000> 0403h)
 112  000E              ;# 112 "c:\users\tech\desktop\powerlinetransceiver\SmokeDetector\SmokeDetector.c" 1
 112  000E              	MOV A,0 
 112  000E              ;# 112 "c:\users\tech\desktop\powerlinetransceiver\SmokeDetector\SmokeDetector.c" 1
 112  000E              	CALL __DELAYX6 + 0x40a -2000
 112  000E              	ENDIF
 112  000E              ;# 112 "c:\users\tech\desktop\powerlinetransceiver\SmokeDetector\SmokeDetector.c" 1
 112  000E              	IF (2000 >= 0x40b) AND ((((2000-9)%0402h)/4+1)>256)
 112  000E              ;# 112 "c:\users\tech\desktop\powerlinetransceiver\SmokeDetector\SmokeDetector.c" 1
 112  000E              	MOV A,(2000-9)/0402h
 112  000E              ;# 112 "c:\users\tech\desktop\powerlinetransceiver\SmokeDetector\SmokeDetector.c" 1
 112  000E              	MOV _builtin_holtek_delay_2,A
 112  000E              ;# 112 "c:\users\tech\desktop\powerlinetransceiver\SmokeDetector\SmokeDetector.c" 1
 112  000E              	MOV A,0
 112  000E              ;# 112 "c:\users\tech\desktop\powerlinetransceiver\SmokeDetector\SmokeDetector.c" 1
 112  000E              	CALL __DELAYY5 +5- (((2000-9)%0402h)%6)
"File: SmokeDetector.c  Assembler  Version HGASM0202      Page 6

 112  000E              	ENDIF
 112  000E              ;# 112 "c:\users\tech\desktop\powerlinetransceiver\SmokeDetector\SmokeDetector.c" 1
 112  000E              	IF (2000 >= 0x40b) AND ((((2000-9)%0402h)/4+1)<=256)
 112  000E              ;# 112 "c:\users\tech\desktop\powerlinetransceiver\SmokeDetector\SmokeDetector.c" 1
 112  000E  0F01        	MOV A,(2000-9)/0402h
 112  000F              ;# 112 "c:\users\tech\desktop\powerlinetransceiver\SmokeDetector\SmokeDetector.c" 1
 112  000F  0080     E  	MOV _builtin_holtek_delay_2,A
 112  0010              ;# 112 "c:\users\tech\desktop\powerlinetransceiver\SmokeDetector\SmokeDetector.c" 1
 112  0010  0FF2        	MOV A,((2000-9)%0402h)/4+1
 112  0011              ;# 112 "c:\users\tech\desktop\powerlinetransceiver\SmokeDetector\SmokeDetector.c" 1
 112  0011  2000     E  	CALL __DELAYY3 +3-(((2000-9)%0402h)%4)
 112  0012              	ENDIF
 109  0012              #line 109 "c:\users\tech\desktop\powerlinetransceiver\SmokeDetector\SmokeDetector.c"
 109  0012  3EA3        	sz [35].5
 109  0013  2800     R  	jmp _L12
 111  0014              #line 111 "c:\users\tech\desktop\powerlinetransceiver\SmokeDetector\SmokeDetector.c"
 111  0014  14A4        	inc [36]
 111  0015  2800     R  	jmp _L9
 111  0016              _L12:
 114  0016              #line 114 "c:\users\tech\desktop\powerlinetransceiver\SmokeDetector\SmokeDetector.c"
 114  0016  0724        	mov a,[36]
 114  0017  0E3F        	and a,63
 114  0018  0080     E  	mov rb,a
 115  0019              #line 115 "c:\users\tech\desktop\powerlinetransceiver\SmokeDetector\SmokeDetector.c"
 115  0019  0700     E  	mov a,rb
 115  001A  0380     E  	addm a,ra
 115  001B  1B80     E  	rrc ra
 115  001C  0700     E  	mov a,ra
 115  001D  00A4        	mov [36],a
 115  001E  0003        	ret
 115  001F              _CalibrateOPA0 endp
 115  001F              #line 115 "c:\users\tech\desktop\powerlinetransceiver\SmokeDetector\SmokeDetector.c"
 115  001F              #pragma debug scope 1 1
 115  001F              ___sda1vos equ [38]
 115  001F              public _CalibrateOPA1
 115  001F              #pragma debug scope 5 1
 169  001F              #line 169 "c:\users\tech\desktop\powerlinetransceiver\SmokeDetector\SmokeDetector.c"
 169  0000              _CalibrateOPA1 .section 'code'
 169  0000              _CalibrateOPA1 proc
 173  0000              #line 173 "c:\users\tech\desktop\powerlinetransceiver\SmokeDetector\SmokeDetector.c"
 173  0000  1FA6        	set [38]
 173  0001              _L18:
 178  0001              #line 178 "c:\users\tech\desktop\powerlinetransceiver\SmokeDetector\SmokeDetector.c"
 178  0001              ;# 178 "c:\users\tech\desktop\powerlinetransceiver\SmokeDetector\SmokeDetector.c" 1
 178  0001              	IF 2000>263690
 178  0001              ;# 178 "c:\users\tech\desktop\powerlinetransceiver\SmokeDetector\SmokeDetector.c" 1
 178  0001              	ERRMESSAGE 'the value 2000of the argument exceeds the maxinum 263690'
 178  0001              	ENDIF
 178  0001              ;# 178 "c:\users\tech\desktop\powerlinetransceiver\SmokeDetector\SmokeDetector.c" 1
 178  0001              	IF 2000<0
 178  0001              ;# 178 "c:\users\tech\desktop\powerlinetransceiver\SmokeDetector\SmokeDetector.c" 1
 178  0001              	ERRMESSAGE 'the value 2000 of the argument exceeds the mininum 0'
 178  0001              	ENDIF
 178  0001              ;# 178 "c:\users\tech\desktop\powerlinetransceiver\SmokeDetector\SmokeDetector.c" 1
 178  0001              	IF 2000==0
 178  0001              ;# 178 "c:\users\tech\desktop\powerlinetransceiver\SmokeDetector\SmokeDetector.c" 1
 178  0001              	JMP $
 178  0001              	ENDIF
 178  0001              ;# 178 "c:\users\tech\desktop\powerlinetransceiver\SmokeDetector\SmokeDetector.c" 1
 178  0001              	IF 2000==1
"File: SmokeDetector.c  Assembler  Version HGASM0202      Page 7

 178  0001              ;# 178 "c:\users\tech\desktop\powerlinetransceiver\SmokeDetector\SmokeDetector.c" 1
 178  0001              	NOP
 178  0001              	ENDIF
 178  0001              ;# 178 "c:\users\tech\desktop\powerlinetransceiver\SmokeDetector\SmokeDetector.c" 1
 178  0001              	IF 2000==2
 178  0001              ;# 178 "c:\users\tech\desktop\powerlinetransceiver\SmokeDetector\SmokeDetector.c" 1
 178  0001              	NOP
 178  0001              ;# 178 "c:\users\tech\desktop\powerlinetransceiver\SmokeDetector\SmokeDetector.c" 1
 178  0001              	NOP
 178  0001              	ENDIF
 178  0001              ;# 178 "c:\users\tech\desktop\powerlinetransceiver\SmokeDetector\SmokeDetector.c" 1
 178  0001              	IF 2000==3
 178  0001              ;# 178 "c:\users\tech\desktop\powerlinetransceiver\SmokeDetector\SmokeDetector.c" 1
 178  0001              	NOP
 178  0001              ;# 178 "c:\users\tech\desktop\powerlinetransceiver\SmokeDetector\SmokeDetector.c" 1
 178  0001              	NOP
 178  0001              ;# 178 "c:\users\tech\desktop\powerlinetransceiver\SmokeDetector\SmokeDetector.c" 1
 178  0001              	NOP
 178  0001              	ENDIF
 178  0001              ;# 178 "c:\users\tech\desktop\powerlinetransceiver\SmokeDetector\SmokeDetector.c" 1
 178  0001              	IF (2000<8) AND (2000>3)
 178  0001              ;# 178 "c:\users\tech\desktop\powerlinetransceiver\SmokeDetector\SmokeDetector.c" 1
 178  0001              	CALL __DELAY3 + 7 -2000
 178  0001              	ENDIF
 178  0001              ;# 178 "c:\users\tech\desktop\powerlinetransceiver\SmokeDetector\SmokeDetector.c" 1
 178  0001              	IF (2000< 0404h) AND (2000>7)
 178  0001              ;# 178 "c:\users\tech\desktop\powerlinetransceiver\SmokeDetector\SmokeDetector.c" 1
 178  0001              	MOV A,2000/4-1
 178  0001              ;# 178 "c:\users\tech\desktop\powerlinetransceiver\SmokeDetector\SmokeDetector.c" 1
 178  0001              	CALL __DELAYX3 + 3 -(2000 MOD 4)
 178  0001              	ENDIF
 178  0001              ;# 178 "c:\users\tech\desktop\powerlinetransceiver\SmokeDetector\SmokeDetector.c" 1
 178  0001              	IF (2000< 0x40B) AND (2000> 0403h)
 178  0001              ;# 178 "c:\users\tech\desktop\powerlinetransceiver\SmokeDetector\SmokeDetector.c" 1
 178  0001              	MOV A,0 
 178  0001              ;# 178 "c:\users\tech\desktop\powerlinetransceiver\SmokeDetector\SmokeDetector.c" 1
 178  0001              	CALL __DELAYX6 + 0x40a -2000
 178  0001              	ENDIF
 178  0001              ;# 178 "c:\users\tech\desktop\powerlinetransceiver\SmokeDetector\SmokeDetector.c" 1
 178  0001              	IF (2000 >= 0x40b) AND ((((2000-9)%0402h)/4+1)>256)
 178  0001              ;# 178 "c:\users\tech\desktop\powerlinetransceiver\SmokeDetector\SmokeDetector.c" 1
 178  0001              	MOV A,(2000-9)/0402h
 178  0001              ;# 178 "c:\users\tech\desktop\powerlinetransceiver\SmokeDetector\SmokeDetector.c" 1
 178  0001              	MOV _builtin_holtek_delay_2,A
 178  0001              ;# 178 "c:\users\tech\desktop\powerlinetransceiver\SmokeDetector\SmokeDetector.c" 1
 178  0001              	MOV A,0
 178  0001              ;# 178 "c:\users\tech\desktop\powerlinetransceiver\SmokeDetector\SmokeDetector.c" 1
 178  0001              	CALL __DELAYY5 +5- (((2000-9)%0402h)%6)
 178  0001              	ENDIF
 178  0001              ;# 178 "c:\users\tech\desktop\powerlinetransceiver\SmokeDetector\SmokeDetector.c" 1
 178  0001              	IF (2000 >= 0x40b) AND ((((2000-9)%0402h)/4+1)<=256)
 178  0001              ;# 178 "c:\users\tech\desktop\powerlinetransceiver\SmokeDetector\SmokeDetector.c" 1
 178  0001  0F01        	MOV A,(2000-9)/0402h
 178  0002              ;# 178 "c:\users\tech\desktop\powerlinetransceiver\SmokeDetector\SmokeDetector.c" 1
 178  0002  0080     E  	MOV _builtin_holtek_delay_2,A
 178  0003              ;# 178 "c:\users\tech\desktop\powerlinetransceiver\SmokeDetector\SmokeDetector.c" 1
 178  0003  0FF2        	MOV A,((2000-9)%0402h)/4+1
 178  0004              ;# 178 "c:\users\tech\desktop\powerlinetransceiver\SmokeDetector\SmokeDetector.c" 1
 178  0004  2000     E  	CALL __DELAYY3 +3-(((2000-9)%0402h)%4)
 178  0005              	ENDIF
"File: SmokeDetector.c  Assembler  Version HGASM0202      Page 8

 175  0005              #line 175 "c:\users\tech\desktop\powerlinetransceiver\SmokeDetector\SmokeDetector.c"
 175  0005  3AA5        	snz [37].5
 175  0006  2800     R  	jmp _L20
 177  0007              #line 177 "c:\users\tech\desktop\powerlinetransceiver\SmokeDetector\SmokeDetector.c"
 177  0007  15A6        	dec [38]
 177  0008  2800     R  	jmp _L18
 177  0009              _L20:
 180  0009              #line 180 "c:\users\tech\desktop\powerlinetransceiver\SmokeDetector\SmokeDetector.c"
 180  0009  0726        	mov a,[38]
 180  000A  0E3F        	and a,63
 180  000B  0080     E  	mov ra,a
 181  000C              #line 181 "c:\users\tech\desktop\powerlinetransceiver\SmokeDetector\SmokeDetector.c"
 181  000C  0FC0        	mov a,192
 181  000D  00A6        	mov [38],a
 181  000E              _L19:
 186  000E              #line 186 "c:\users\tech\desktop\powerlinetransceiver\SmokeDetector\SmokeDetector.c"
 186  000E              ;# 186 "c:\users\tech\desktop\powerlinetransceiver\SmokeDetector\SmokeDetector.c" 1
 186  000E              	IF 2000>263690
 186  000E              ;# 186 "c:\users\tech\desktop\powerlinetransceiver\SmokeDetector\SmokeDetector.c" 1
 186  000E              	ERRMESSAGE 'the value 2000of the argument exceeds the maxinum 263690'
 186  000E              	ENDIF
 186  000E              ;# 186 "c:\users\tech\desktop\powerlinetransceiver\SmokeDetector\SmokeDetector.c" 1
 186  000E              	IF 2000<0
 186  000E              ;# 186 "c:\users\tech\desktop\powerlinetransceiver\SmokeDetector\SmokeDetector.c" 1
 186  000E              	ERRMESSAGE 'the value 2000 of the argument exceeds the mininum 0'
 186  000E              	ENDIF
 186  000E              ;# 186 "c:\users\tech\desktop\powerlinetransceiver\SmokeDetector\SmokeDetector.c" 1
 186  000E              	IF 2000==0
 186  000E              ;# 186 "c:\users\tech\desktop\powerlinetransceiver\SmokeDetector\SmokeDetector.c" 1
 186  000E              	JMP $
 186  000E              	ENDIF
 186  000E              ;# 186 "c:\users\tech\desktop\powerlinetransceiver\SmokeDetector\SmokeDetector.c" 1
 186  000E              	IF 2000==1
 186  000E              ;# 186 "c:\users\tech\desktop\powerlinetransceiver\SmokeDetector\SmokeDetector.c" 1
 186  000E              	NOP
 186  000E              	ENDIF
 186  000E              ;# 186 "c:\users\tech\desktop\powerlinetransceiver\SmokeDetector\SmokeDetector.c" 1
 186  000E              	IF 2000==2
 186  000E              ;# 186 "c:\users\tech\desktop\powerlinetransceiver\SmokeDetector\SmokeDetector.c" 1
 186  000E              	NOP
 186  000E              ;# 186 "c:\users\tech\desktop\powerlinetransceiver\SmokeDetector\SmokeDetector.c" 1
 186  000E              	NOP
 186  000E              	ENDIF
 186  000E              ;# 186 "c:\users\tech\desktop\powerlinetransceiver\SmokeDetector\SmokeDetector.c" 1
 186  000E              	IF 2000==3
 186  000E              ;# 186 "c:\users\tech\desktop\powerlinetransceiver\SmokeDetector\SmokeDetector.c" 1
 186  000E              	NOP
 186  000E              ;# 186 "c:\users\tech\desktop\powerlinetransceiver\SmokeDetector\SmokeDetector.c" 1
 186  000E              	NOP
 186  000E              ;# 186 "c:\users\tech\desktop\powerlinetransceiver\SmokeDetector\SmokeDetector.c" 1
 186  000E              	NOP
 186  000E              	ENDIF
 186  000E              ;# 186 "c:\users\tech\desktop\powerlinetransceiver\SmokeDetector\SmokeDetector.c" 1
 186  000E              	IF (2000<8) AND (2000>3)
 186  000E              ;# 186 "c:\users\tech\desktop\powerlinetransceiver\SmokeDetector\SmokeDetector.c" 1
 186  000E              	CALL __DELAY3 + 7 -2000
 186  000E              	ENDIF
 186  000E              ;# 186 "c:\users\tech\desktop\powerlinetransceiver\SmokeDetector\SmokeDetector.c" 1
 186  000E              	IF (2000< 0404h) AND (2000>7)
 186  000E              ;# 186 "c:\users\tech\desktop\powerlinetransceiver\SmokeDetector\SmokeDetector.c" 1
"File: SmokeDetector.c  Assembler  Version HGASM0202      Page 9

 186  000E              	MOV A,2000/4-1
 186  000E              ;# 186 "c:\users\tech\desktop\powerlinetransceiver\SmokeDetector\SmokeDetector.c" 1
 186  000E              	CALL __DELAYX3 + 3 -(2000 MOD 4)
 186  000E              	ENDIF
 186  000E              ;# 186 "c:\users\tech\desktop\powerlinetransceiver\SmokeDetector\SmokeDetector.c" 1
 186  000E              	IF (2000< 0x40B) AND (2000> 0403h)
 186  000E              ;# 186 "c:\users\tech\desktop\powerlinetransceiver\SmokeDetector\SmokeDetector.c" 1
 186  000E              	MOV A,0 
 186  000E              ;# 186 "c:\users\tech\desktop\powerlinetransceiver\SmokeDetector\SmokeDetector.c" 1
 186  000E              	CALL __DELAYX6 + 0x40a -2000
 186  000E              	ENDIF
 186  000E              ;# 186 "c:\users\tech\desktop\powerlinetransceiver\SmokeDetector\SmokeDetector.c" 1
 186  000E              	IF (2000 >= 0x40b) AND ((((2000-9)%0402h)/4+1)>256)
 186  000E              ;# 186 "c:\users\tech\desktop\powerlinetransceiver\SmokeDetector\SmokeDetector.c" 1
 186  000E              	MOV A,(2000-9)/0402h
 186  000E              ;# 186 "c:\users\tech\desktop\powerlinetransceiver\SmokeDetector\SmokeDetector.c" 1
 186  000E              	MOV _builtin_holtek_delay_2,A
 186  000E              ;# 186 "c:\users\tech\desktop\powerlinetransceiver\SmokeDetector\SmokeDetector.c" 1
 186  000E              	MOV A,0
 186  000E              ;# 186 "c:\users\tech\desktop\powerlinetransceiver\SmokeDetector\SmokeDetector.c" 1
 186  000E              	CALL __DELAYY5 +5- (((2000-9)%0402h)%6)
 186  000E              	ENDIF
 186  000E              ;# 186 "c:\users\tech\desktop\powerlinetransceiver\SmokeDetector\SmokeDetector.c" 1
 186  000E              	IF (2000 >= 0x40b) AND ((((2000-9)%0402h)/4+1)<=256)
 186  000E              ;# 186 "c:\users\tech\desktop\powerlinetransceiver\SmokeDetector\SmokeDetector.c" 1
 186  000E  0F01        	MOV A,(2000-9)/0402h
 186  000F              ;# 186 "c:\users\tech\desktop\powerlinetransceiver\SmokeDetector\SmokeDetector.c" 1
 186  000F  0080     E  	MOV _builtin_holtek_delay_2,A
 186  0010              ;# 186 "c:\users\tech\desktop\powerlinetransceiver\SmokeDetector\SmokeDetector.c" 1
 186  0010  0FF2        	MOV A,((2000-9)%0402h)/4+1
 186  0011              ;# 186 "c:\users\tech\desktop\powerlinetransceiver\SmokeDetector\SmokeDetector.c" 1
 186  0011  2000     E  	CALL __DELAYY3 +3-(((2000-9)%0402h)%4)
 186  0012              	ENDIF
 183  0012              #line 183 "c:\users\tech\desktop\powerlinetransceiver\SmokeDetector\SmokeDetector.c"
 183  0012  3EA5        	sz [37].5
 183  0013  2800     R  	jmp _L21
 185  0014              #line 185 "c:\users\tech\desktop\powerlinetransceiver\SmokeDetector\SmokeDetector.c"
 185  0014  14A6        	inc [38]
 185  0015  2800     R  	jmp _L19
 185  0016              _L21:
 188  0016              #line 188 "c:\users\tech\desktop\powerlinetransceiver\SmokeDetector\SmokeDetector.c"
 188  0016  0726        	mov a,[38]
 188  0017  0E3F        	and a,63
 188  0018  0080     E  	mov rb,a
 189  0019              #line 189 "c:\users\tech\desktop\powerlinetransceiver\SmokeDetector\SmokeDetector.c"
 189  0019  0700     E  	mov a,rb
 189  001A  0380     E  	addm a,ra
 189  001B  1B80     E  	rrc ra
 189  001C  0700     E  	mov a,ra
 189  001D  00A6        	mov [38],a
 189  001E  0003        	ret
 189  001F              _CalibrateOPA1 endp
 189  001F              #line 189 "c:\users\tech\desktop\powerlinetransceiver\SmokeDetector\SmokeDetector.c"
 189  001F              #pragma debug scope 1 1
 189  001F              public _CheckSmokeLevel
 189  001F              #pragma debug scope 6 1
 255  001F              #line 255 "c:\users\tech\desktop\powerlinetransceiver\SmokeDetector\SmokeDetector.c"
 255  0000              _CheckSmokeLevel .section 'code'
 255  0000              _CheckSmokeLevel proc
 259  0000              #line 259 "c:\users\tech\desktop\powerlinetransceiver\SmokeDetector\SmokeDetector.c"
"File: SmokeDetector.c  Assembler  Version HGASM0202      Page 10

 259  0000  0F06        	mov a,6
 259  0001  2000     E  	call _ReadADC
 259  0002  0003        	ret
 259  0003              _CheckSmokeLevel endp
 259  0003              #line 259 "c:\users\tech\desktop\powerlinetransceiver\SmokeDetector\SmokeDetector.c"
 259  0003              #pragma debug scope 1 1
 259  0003              public _TriggerAlarm
 259  0003              #pragma debug scope 7 1
 272  0003              #line 272 "c:\users\tech\desktop\powerlinetransceiver\SmokeDetector\SmokeDetector.c"
 272  0000              _TriggerAlarm .section 'code'
 272  0000              _TriggerAlarm proc
 272  0000  0003        	ret
 272  0001              _TriggerAlarm endp
 272  0001              #line 272 "c:\users\tech\desktop\powerlinetransceiver\SmokeDetector\SmokeDetector.c"
 272  0001              #pragma debug scope 1 1
 272  0001              public _ResetAlarm
 272  0001              #pragma debug scope 8 1
 280  0001              #line 280 "c:\users\tech\desktop\powerlinetransceiver\SmokeDetector\SmokeDetector.c"
 280  0000              _ResetAlarm .section 'code'
 280  0000              _ResetAlarm proc
 280  0000  0003        	ret
 280  0001              _ResetAlarm endp
 280  0001              #line 280 "c:\users\tech\desktop\powerlinetransceiver\SmokeDetector\SmokeDetector.c"
 280  0001              #pragma debug scope 1 1
 280  0001              public _ISINK0_ON
 280  0001              #pragma debug scope 9 1
 291  0001              #line 291 "c:\users\tech\desktop\powerlinetransceiver\SmokeDetector\SmokeDetector.c"
 291  0000              _ISINK0_ON .section 'code'
 291  0000              _ISINK0_ON proc
 292  0000              #line 292 "c:\users\tech\desktop\powerlinetransceiver\SmokeDetector\SmokeDetector.c"
 292  0000  0F07        	mov a,7
 292  0001  00DE        	mov [94],a
 293  0002              #line 293 "c:\users\tech\desktop\powerlinetransceiver\SmokeDetector\SmokeDetector.c"
 293  0002  33DD        	set [93].7
 294  0003              #line 294 "c:\users\tech\desktop\powerlinetransceiver\SmokeDetector\SmokeDetector.c"
 294  0003  305D        	set [93].0
 294  0004  0003        	ret
 294  0005              _ISINK0_ON endp
 294  0005              #line 294 "c:\users\tech\desktop\powerlinetransceiver\SmokeDetector\SmokeDetector.c"
 294  0005              #pragma debug scope 1 1
 294  0005              public _ISINK1_ON
 294  0005              #pragma debug scope 10 1
 304  0005              #line 304 "c:\users\tech\desktop\powerlinetransceiver\SmokeDetector\SmokeDetector.c"
 304  0000              _ISINK1_ON .section 'code'
 304  0000              _ISINK1_ON proc
 305  0000              #line 305 "c:\users\tech\desktop\powerlinetransceiver\SmokeDetector\SmokeDetector.c"
 305  0000  0F01        	mov a,1
 305  0001  00DF        	mov [95],a
 306  0002              #line 306 "c:\users\tech\desktop\powerlinetransceiver\SmokeDetector\SmokeDetector.c"
 306  0002  33DD        	set [93].7
 307  0003              #line 307 "c:\users\tech\desktop\powerlinetransceiver\SmokeDetector\SmokeDetector.c"
 307  0003  30DD        	set [93].1
 307  0004  0003        	ret
 307  0005              _ISINK1_ON endp
 307  0005              #line 307 "c:\users\tech\desktop\powerlinetransceiver\SmokeDetector\SmokeDetector.c"
 307  0005              #pragma debug scope 1 1
 307  0005              public _ISINK0_OFF
 307  0005              #pragma debug scope 11 1
 317  0005              #line 317 "c:\users\tech\desktop\powerlinetransceiver\SmokeDetector\SmokeDetector.c"
 317  0000              _ISINK0_OFF .section 'code'
"File: SmokeDetector.c  Assembler  Version HGASM0202      Page 11

 317  0000              _ISINK0_OFF proc
 318  0000              #line 318 "c:\users\tech\desktop\powerlinetransceiver\SmokeDetector\SmokeDetector.c"
 318  0000  37DD        	clr [93].7
 319  0001              #line 319 "c:\users\tech\desktop\powerlinetransceiver\SmokeDetector\SmokeDetector.c"
 319  0001  345D        	clr [93].0
 319  0002  0003        	ret
 319  0003              _ISINK0_OFF endp
 319  0003              #line 319 "c:\users\tech\desktop\powerlinetransceiver\SmokeDetector\SmokeDetector.c"
 319  0003              #pragma debug scope 1 1
 319  0003              public _ISINK1_OFF
 319  0003              #pragma debug scope 12 1
 329  0003              #line 329 "c:\users\tech\desktop\powerlinetransceiver\SmokeDetector\SmokeDetector.c"
 329  0000              _ISINK1_OFF .section 'code'
 329  0000              _ISINK1_OFF proc
 330  0000              #line 330 "c:\users\tech\desktop\powerlinetransceiver\SmokeDetector\SmokeDetector.c"
 330  0000  37DD        	clr [93].7
 331  0001              #line 331 "c:\users\tech\desktop\powerlinetransceiver\SmokeDetector\SmokeDetector.c"
 331  0001  34DD        	clr [93].1
 331  0002  0003        	ret
 331  0003              _ISINK1_OFF endp
 331  0003              #line 331 "c:\users\tech\desktop\powerlinetransceiver\SmokeDetector\SmokeDetector.c"
 331  0003              #pragma debug scope 1 1
 331  0003              public _OPA_ON
 331  0003              #pragma debug scope 13 1
 341  0003              #line 341 "c:\users\tech\desktop\powerlinetransceiver\SmokeDetector\SmokeDetector.c"
 341  0000              _OPA_ON .section 'code'
 341  0000              _OPA_ON proc
 342  0000              #line 342 "c:\users\tech\desktop\powerlinetransceiver\SmokeDetector\SmokeDetector.c"
 342  0000  3323        	set [35].6
 343  0001              #line 343 "c:\users\tech\desktop\powerlinetransceiver\SmokeDetector\SmokeDetector.c"
 343  0001  3325        	set [37].6
 344  0002              #line 344 "c:\users\tech\desktop\powerlinetransceiver\SmokeDetector\SmokeDetector.c"
 344  0002  3020        	set [32].0
 344  0003  0003        	ret
 344  0004              _OPA_ON endp
 344  0004              #line 344 "c:\users\tech\desktop\powerlinetransceiver\SmokeDetector\SmokeDetector.c"
 344  0004              #pragma debug scope 1 1
 344  0004              public _InitSmokeDetection
 344  0004              #pragma debug scope 14 1
 245  0004              #line 245 "c:\users\tech\desktop\powerlinetransceiver\SmokeDetector\SmokeDetector.c"
 245  0000              _InitSmokeDetection .section 'code'
 245  0000              _InitSmokeDetection proc
 246  0000              #line 246 "c:\users\tech\desktop\powerlinetransceiver\SmokeDetector\SmokeDetector.c"
 246  0000  2000     R  	call _InitOPA
 247  0001              #line 247 "c:\users\tech\desktop\powerlinetransceiver\SmokeDetector\SmokeDetector.c"
 247  0001  2000     R  	call _CalibrateOPA0
 248  0002              #line 248 "c:\users\tech\desktop\powerlinetransceiver\SmokeDetector\SmokeDetector.c"
 248  0002  2000     R  	call _CalibrateOPA1
 249  0003              #line 249 "c:\users\tech\desktop\powerlinetransceiver\SmokeDetector\SmokeDetector.c"
 249  0003  2000     R  	call _OPA_ON
 249  0004  0003        	ret
 249  0005              _InitSmokeDetection endp
 249  0005              #line 249 "c:\users\tech\desktop\powerlinetransceiver\SmokeDetector\SmokeDetector.c"
 249  0005              #pragma debug scope 1 1
 249  0005              public _OPA_OFF
 249  0005              #pragma debug scope 15 1
 354  0005              #line 354 "c:\users\tech\desktop\powerlinetransceiver\SmokeDetector\SmokeDetector.c"
 354  0000              _OPA_OFF .section 'code'
 354  0000              _OPA_OFF proc
 355  0000              #line 355 "c:\users\tech\desktop\powerlinetransceiver\SmokeDetector\SmokeDetector.c"
"File: SmokeDetector.c  Assembler  Version HGASM0202      Page 12

 355  0000  3723        	clr [35].6
 356  0001              #line 356 "c:\users\tech\desktop\powerlinetransceiver\SmokeDetector\SmokeDetector.c"
 356  0001  3725        	clr [37].6
 357  0002              #line 357 "c:\users\tech\desktop\powerlinetransceiver\SmokeDetector\SmokeDetector.c"
 357  0002  3420        	clr [32].0
 357  0003  0003        	ret
 357  0004              _OPA_OFF endp
 357  0004              #line 357 "c:\users\tech\desktop\powerlinetransceiver\SmokeDetector\SmokeDetector.c"
 357  0004              #pragma debug scope 1 1
 357  0004              #pragma debug struct_end
 357  0004              #pragma debug struct_end
 357  0004              #pragma debug union_end
 357  0004              #pragma debug union_end
 357  0004              #pragma debug variable 43 1 ___sdsw "__sdsw" 1
 357  0004              #pragma debug struct_end
 357  0004              #pragma debug struct_end
 357  0004              #pragma debug union_end
 357  0004              #pragma debug union_end
 357  0004              #pragma debug variable 45 1 ___sdpgac0 "__sdpgac0" 1
 357  0004              #pragma debug struct_end
 357  0004              #pragma debug struct_end
 357  0004              #pragma debug union_end
 357  0004              #pragma debug union_end
 357  0004              #pragma debug variable 47 1 ___sdpgac1 "__sdpgac1" 1
 357  0004              #pragma debug struct_end
 357  0004              #pragma debug struct_end
 357  0004              #pragma debug union_end
 357  0004              #pragma debug union_end
 357  0004              #pragma debug variable 49 1 ___sda0c "__sda0c" 1
 357  0004              #pragma debug struct_end
 357  0004              #pragma debug struct_end
 357  0004              #pragma debug union_end
 357  0004              #pragma debug union_end
 357  0004              #pragma debug variable 51 1 ___sda0vos "__sda0vos" 1
 357  0004              #pragma debug struct_end
 357  0004              #pragma debug struct_end
 357  0004              #pragma debug union_end
 357  0004              #pragma debug union_end
 357  0004              #pragma debug variable 53 1 ___sda1c "__sda1c" 1
 357  0004              #pragma debug struct_end
 357  0004              #pragma debug struct_end
 357  0004              #pragma debug union_end
 357  0004              #pragma debug union_end
 357  0004              #pragma debug variable 55 1 ___sda1vos "__sda1vos" 1
 357  0004              #pragma debug struct_end
 357  0004              #pragma debug struct_end
 357  0004              #pragma debug union_end
 357  0004              #pragma debug union_end
 357  0004              #pragma debug variable 57 1 ___isgenc "__isgenc" 1
 357  0004              #pragma debug variable 8 1 ___isgdata0 "__isgdata0" 1
 357  0004              #pragma debug variable 8 1 ___isgdata1 "__isgdata1" 1
 357  0004              extern _ReadADC:near
 357  0004              
 357  0004              ; 
 357  0004              ; Generated by holtek-gcc v3.19, Mon Sep 30 16:54:52 2024
 357  0004              ; Rebuild 718
 357  0004              ; end of file


        0 Errors, 0