"File: STM.c         Assembler  Version HGASM0202      Page 1


   1  0000              ; Generated by holtek-gcc v3.19, Mon Jun 24 20:27:13 2024
   2  0000              ; 
   3  0000              ; Configuration:
   4  0000              ;       with long instruction
   5  0000              ;       Single ROM, Multi-RAM
   6  0000              ;       bits_per_rom_unit:16
   7  0000              ;       with mp1
   8  0000              ;       with tbhp, address(0x9)
   9  0000              ;          Use tabrd-const
  10  0000              ;       
  11  0000              ; SFR address of long-instruction arch:
  12  0000              ;    mp0 = -1,1,0
  13  0000              ;    mp1 = 4,3,2
  14  0000              ;    mp2 = 14,13,12
  15  0000              ;    tbp = 9,7,8
  16  0000              ;    acc = 5
  17  0000              ;    pcl = 6
  18  0000              ;    status = 10
  19  0000              ;    bp = 11
  20  0000              ;    intc = 72
  21  0000              ;       
  22  0000              ;       
  23  0000              ; use 'tabrdc' instead of 'tabrd'
  24  0000              ;       
  25  0000              
  26  0000              #pragma translator "holtek-gcc 4.6.4" "3.19" "build 20130711"
  27  0000              ; Rebuild 718
  28  0000              
  29  0000              ir equ [2]
  30  0000              mp equ [3]
  31  0000              sbp equ [4]
  32  0000              acc equ [5]
  33  0000              bp equ [11]
  34  0000              tblp equ [7]
  35  0000              tbhp equ [9]
  36  0000              status equ [10]
  37  0000              c equ [10].0
  38  0000              ac equ [10].1
  39  0000              z equ [10].2
  40  0000              ov equ [10].3
  41  0000              cz equ [10].6
  42  0000              sc equ [10].7
  43  0000              intc equ [72]
  44  0000              
  45  0000              extern ra:byte
  46  0000              extern rb:byte
  47  0000              extern rc:byte
  48  0000              extern rd:byte
  49  0000              extern re:byte
  50  0000              extern rf:byte
  51  0000              extern rg:byte
  52  0000              extern rh:byte
  53  0000              extern _Crom2Prom:near
  54  0000              extern _Crom2PromNext:near
  55  0000              
  56  0000              RAMBANK 0 @BITDATASEC, @BITDATASEC1
  57  0000              @HCCINIT	.section 'data'
  58  0000              @HCCINIT0	.section 'data'
  59  0000              @BITDATASEC	 .section 'data'
"File: STM.ASM       Assembler  Version HGASM0202      Page 2

  60  0000              @BITDATASEC1	 .section 'data'
  61  0000              
  62  0000              #pragma debug scope 1 1
  63  0000              	extern __DELAY3:near
  64  0000              	extern __DELAYX3:near
  65  0000              	extern __DELAYX6:near
  66  0000              	extern __DELAYY5:near
  67  0000              	extern __DELAYY3:near
  68  0000              	extern _builtin_holtek_delay_2:byte
  69  0000              ___stmc0 equ [39]
  70  0000              ___stmc1 equ [40]
  71  0000              ___stmal equ [43]
  72  0000              ___stmah equ [44]
  73  0000              ___intc2 equ [74]
  74  0000              public _STimerInit
  75  0000              #pragma debug scope 2 1

   4  0000              #line 4 "C:\Users\Tech\Desktop\PowerLineTransceiver\Timer\STM.c"
   4  0000              _STimerInit .section 'code'
   4  0000              _STimerInit proc
  12  0000              #line 12 "C:\Users\Tech\Desktop\PowerLineTransceiver\Timer\STM.c"
  12  0000  37A7        	clr [39].7
  14  0001              #line 14 "C:\Users\Tech\Desktop\PowerLineTransceiver\Timer\STM.c"
  14  0001  3627        	clr [39].4
  15  0002              #line 15 "C:\Users\Tech\Desktop\PowerLineTransceiver\Timer\STM.c"
  15  0002  36A7        	clr [39].5
  16  0003              #line 16 "C:\Users\Tech\Desktop\PowerLineTransceiver\Timer\STM.c"
  16  0003  3727        	clr [39].6
  18  0004              #line 18 "C:\Users\Tech\Desktop\PowerLineTransceiver\Timer\STM.c"
  18  0004  31A7        	set [39].3
  20  0005              #line 20 "C:\Users\Tech\Desktop\PowerLineTransceiver\Timer\STM.c"
  20  0005  3427        	clr [39].0
  21  0006              #line 21 "C:\Users\Tech\Desktop\PowerLineTransceiver\Timer\STM.c"
  21  0006  34A7        	clr [39].1
  22  0007              #line 22 "C:\Users\Tech\Desktop\PowerLineTransceiver\Timer\STM.c"
  22  0007  3527        	clr [39].2
  26  0008              #line 26 "C:\Users\Tech\Desktop\PowerLineTransceiver\Timer\STM.c"
  26  0008  3628        	clr [40].4
  27  0009              #line 27 "C:\Users\Tech\Desktop\PowerLineTransceiver\Timer\STM.c"
  27  0009  36A8        	clr [40].5
  29  000A              #line 29 "C:\Users\Tech\Desktop\PowerLineTransceiver\Timer\STM.c"
  29  000A  3628        	clr [40].4
  30  000B              #line 30 "C:\Users\Tech\Desktop\PowerLineTransceiver\Timer\STM.c"
  30  000B  36A8        	clr [40].5
  32  000C              #line 32 "C:\Users\Tech\Desktop\PowerLineTransceiver\Timer\STM.c"
  32  000C  31A8        	set [40].3
  33  000D              #line 33 "C:\Users\Tech\Desktop\PowerLineTransceiver\Timer\STM.c"
  33  000D  3528        	clr [40].2
  34  000E              #line 34 "C:\Users\Tech\Desktop\PowerLineTransceiver\Timer\STM.c"
  34  000E  30A8        	set [40].1
  35  000F              #line 35 "C:\Users\Tech\Desktop\PowerLineTransceiver\Timer\STM.c"
  35  000F  3428        	clr [40].0
  40  0010              #line 40 "C:\Users\Tech\Desktop\PowerLineTransceiver\Timer\STM.c"
  40  0010  1FAB        	set [43]
  46  0011              #line 46 "C:\Users\Tech\Desktop\PowerLineTransceiver\Timer\STM.c"
  46  0011  0F03        	mov a,3
  46  0012  00AC        	mov [44],a
  48  0013              #line 48 "C:\Users\Tech\Desktop\PowerLineTransceiver\Timer\STM.c"
  48  0013  31CA        	set [74].3
  49  0014              #line 49 "C:\Users\Tech\Desktop\PowerLineTransceiver\Timer\STM.c"
"File: STM.c         Assembler  Version HGASM0202      Page 3

  49  0014  33CA        	set [74].7
  49  0015  0003        	ret
  49  0016              _STimerInit endp
  49  0016              #line 49 "C:\Users\Tech\Desktop\PowerLineTransceiver\Timer\STM.c"
  49  0016              #pragma debug scope 1 1
  49  0016              ___stmdl equ [41]
  49  0016              ___stmdh equ [42]
  49  0016              public _readSTimer
  49  0016              #pragma debug scope 3 1
  57  0016              #line 57 "C:\Users\Tech\Desktop\PowerLineTransceiver\Timer\STM.c"
  57  0000              _readSTimer .section 'code'
  57  0000              _readSTimer proc
  58  0000              #line 58 "C:\Users\Tech\Desktop\PowerLineTransceiver\Timer\STM.c"
  58  0000  072A        	mov a,[42]
  58  0001  0080     E  	mov rc,a
  58  0002  1F00     E  	clr rb
  60  0003              #line 60 "C:\Users\Tech\Desktop\PowerLineTransceiver\Timer\STM.c"
  60  0003  0700     E  	mov a,rc
  60  0004  0080     E  	mov re,a
  60  0005  0729        	mov a,[41]
  60  0006  0500     E  	or a,rb
  60  0007  0080     E  	mov rd,a
  60  0008  0700     E  	mov a,rd
  60  0009  0080     E  	mov ra,a
  60  000A  0700     E  	mov a,re
  60  000B  0080     E  	mov rb,a
  60  000C  0003        	ret
  60  000D              _readSTimer endp
  60  000D              #line 60 "C:\Users\Tech\Desktop\PowerLineTransceiver\Timer\STM.c"
  60  000D              #pragma debug scope 1 1
  60  000D              #pragma debug struct_end
  60  000D              #pragma debug struct_end
  60  000D              #pragma debug union_end
  60  000D              #pragma debug union_end
  60  000D              #pragma debug variable 43 1 ___stmc0 "__stmc0" 1
  60  000D              #pragma debug struct_end
  60  000D              #pragma debug struct_end
  60  000D              #pragma debug union_end
  60  000D              #pragma debug union_end
  60  000D              #pragma debug variable 45 1 ___stmc1 "__stmc1" 1
  60  000D              #pragma debug variable 8 1 ___stmdl "__stmdl" 1
  60  000D              #pragma debug variable 8 1 ___stmdh "__stmdh" 1
  60  000D              #pragma debug variable 8 1 ___stmal "__stmal" 1
  60  000D              #pragma debug variable 8 1 ___stmah "__stmah" 1
  60  000D              #pragma debug struct_end
  60  000D              #pragma debug struct_end
  60  000D              #pragma debug union_end
  60  000D              #pragma debug union_end
  60  000D              #pragma debug variable 47 1 ___intc2 "__intc2" 1
  60  000D              
  60  000D              ; 
  60  000D              ; Generated by holtek-gcc v3.19, Mon Jun 24 20:27:13 2024
  60  000D              ; Rebuild 718
  60  000D              ; end of file


        0 Errors, 0