"File: Timer.c       Assembler  Version HGASM0202      Page 1


   1  0000              ; Generated by holtek-gcc v3.19, Mon Jun 24 18:27:15 2024
   2  0000              ; 
   3  0000              ; Configuration:
   4  0000              ;       with long instruction
   5  0000              ;       Single ROM, Multi-RAM
   6  0000              ;       bits_per_rom_unit:16
   7  0000              ;       with mp1
   8  0000              ;       with tbhp, address(0x9)
   9  0000              ;          Use tabrd-const
  10  0000              ;       
  11  0000              ; SFR address of long-instruction arch:
  12  0000              ;    mp0 = -1,1,0
  13  0000              ;    mp1 = 4,3,2
  14  0000              ;    mp2 = 14,13,12
  15  0000              ;    tbp = 9,7,8
  16  0000              ;    acc = 5
  17  0000              ;    pcl = 6
  18  0000              ;    status = 10
  19  0000              ;    bp = 11
  20  0000              ;    intc = 72
  21  0000              ;       
  22  0000              ;       
  23  0000              ; use 'tabrdc' instead of 'tabrd'
  24  0000              ;       
  25  0000              
  26  0000              #pragma translator "holtek-gcc 4.6.4" "3.19" "build 20130711"
  27  0000              ; Rebuild 718
  28  0000              
  29  0000              ir equ [2]
  30  0000              mp equ [3]
  31  0000              sbp equ [4]
  32  0000              acc equ [5]
  33  0000              bp equ [11]
  34  0000              tblp equ [7]
  35  0000              tbhp equ [9]
  36  0000              status equ [10]
  37  0000              c equ [10].0
  38  0000              ac equ [10].1
  39  0000              z equ [10].2
  40  0000              ov equ [10].3
  41  0000              cz equ [10].6
  42  0000              sc equ [10].7
  43  0000              intc equ [72]
  44  0000              
  45  0000              extern ra:byte
  46  0000              extern rb:byte
  47  0000              extern rc:byte
  48  0000              extern rd:byte
  49  0000              extern re:byte
  50  0000              extern rf:byte
  51  0000              extern rg:byte
  52  0000              extern rh:byte
  53  0000              extern _Crom2Prom:near
  54  0000              extern _Crom2PromNext:near
  55  0000              
  56  0000              RAMBANK 0 @BITDATASEC, @BITDATASEC1
  57  0000              @HCCINIT	.section 'data'
  58  0000              @HCCINIT0	.section 'data'
  59  0000              @BITDATASEC	 .section 'data'
"File: Timer.ASM     Assembler  Version HGASM0202      Page 2

  60  0000              @BITDATASEC1	 .section 'data'
  61  0000              
  62  0000              #pragma debug scope 1 1
  63  0000              	extern __DELAY3:near
  64  0000              	extern __DELAYX3:near
  65  0000              	extern __DELAYX6:near
  66  0000              	extern __DELAYY5:near
  67  0000              	extern __DELAYY3:near
  68  0000              	extern _builtin_holtek_delay_2:byte
  69  0000              ___pscr equ [29]
  70  0000              ___tb0c equ [16]
  71  0000              ___tb1c equ [17]
  72  0000              ___intc0 equ [72]
  73  0000              public _TimerBaseInit
  74  0000              #pragma debug scope 2 1

   6  0000              #line 6 "c:\users\tech\desktop\powerlinetransceiver\Timer\Timer.c"
   6  0000              _TimerBaseInit .section 'code'
   6  0000              _TimerBaseInit proc
   7  0000              #line 7 "c:\users\tech\desktop\powerlinetransceiver\Timer\Timer.c"
   7  0000  0F01        	mov a,1
   7  0001  009D        	mov [29],a
   8  0002              #line 8 "c:\users\tech\desktop\powerlinetransceiver\Timer\Timer.c"
   8  0002  3390        	set [16].7
   9  0003              #line 9 "c:\users\tech\desktop\powerlinetransceiver\Timer\Timer.c"
   9  0003  3791        	clr [17].7
  10  0004              #line 10 "c:\users\tech\desktop\powerlinetransceiver\Timer\Timer.c"
  10  0004  0F07        	mov a,7
  10  0005  0590        	orm a,[16]
  12  0006              #line 12 "c:\users\tech\desktop\powerlinetransceiver\Timer\Timer.c"
  12  0006  3048        	set [72].0
  12  0007  0003        	ret
  12  0008              _TimerBaseInit endp
  12  0008              #line 12 "c:\users\tech\desktop\powerlinetransceiver\Timer\Timer.c"
  12  0008              #pragma debug scope 1 1
  12  0008              ___stmc0 equ [39]
  12  0008              ___stmc1 equ [40]
  12  0008              ___stmal equ [43]
  12  0008              ___stmah equ [44]
  12  0008              ___intc2 equ [74]
  12  0008              public _STimerInit
  12  0008              #pragma debug scope 3 1
  18  0008              #line 18 "c:\users\tech\desktop\powerlinetransceiver\Timer\Timer.c"
  18  0000              _STimerInit .section 'code'
  18  0000              _STimerInit proc
  26  0000              #line 26 "c:\users\tech\desktop\powerlinetransceiver\Timer\Timer.c"
  26  0000  37A7        	clr [39].7
  39  0001              #line 39 "c:\users\tech\desktop\powerlinetransceiver\Timer\Timer.c"
  39  0001  3627        	clr [39].4
  40  0002              #line 40 "c:\users\tech\desktop\powerlinetransceiver\Timer\Timer.c"
  40  0002  36A7        	clr [39].5
  41  0003              #line 41 "c:\users\tech\desktop\powerlinetransceiver\Timer\Timer.c"
  41  0003  3727        	clr [39].6
  49  0004              #line 49 "c:\users\tech\desktop\powerlinetransceiver\Timer\Timer.c"
  49  0004  31A7        	set [39].3
  63  0005              #line 63 "c:\users\tech\desktop\powerlinetransceiver\Timer\Timer.c"
  63  0005  3427        	clr [39].0
  64  0006              #line 64 "c:\users\tech\desktop\powerlinetransceiver\Timer\Timer.c"
  64  0006  34A7        	clr [39].1
  65  0007              #line 65 "c:\users\tech\desktop\powerlinetransceiver\Timer\Timer.c"
"File: Timer.c       Assembler  Version HGASM0202      Page 3

  65  0007  3527        	clr [39].2
 102  0008              #line 102 "c:\users\tech\desktop\powerlinetransceiver\Timer\Timer.c"
 102  0008  3728        	clr [40].6
 103  0009              #line 103 "c:\users\tech\desktop\powerlinetransceiver\Timer\Timer.c"
 103  0009  37A8        	clr [40].7
 117  000A              #line 117 "c:\users\tech\desktop\powerlinetransceiver\Timer\Timer.c"
 117  000A  3628        	clr [40].4
 118  000B              #line 118 "c:\users\tech\desktop\powerlinetransceiver\Timer\Timer.c"
 118  000B  36A8        	clr [40].5
 126  000C              #line 126 "c:\users\tech\desktop\powerlinetransceiver\Timer\Timer.c"
 126  000C  31A8        	set [40].3
 133  000D              #line 133 "c:\users\tech\desktop\powerlinetransceiver\Timer\Timer.c"
 133  000D  3528        	clr [40].2
 141  000E              #line 141 "c:\users\tech\desktop\powerlinetransceiver\Timer\Timer.c"
 141  000E  30A8        	set [40].1
 149  000F              #line 149 "c:\users\tech\desktop\powerlinetransceiver\Timer\Timer.c"
 149  000F  3028        	set [40].0
 154  0010              #line 154 "c:\users\tech\desktop\powerlinetransceiver\Timer\Timer.c"
 154  0010  1FAB        	set [43]
 160  0011              #line 160 "c:\users\tech\desktop\powerlinetransceiver\Timer\Timer.c"
 160  0011  0F03        	mov a,3
 160  0012  00AC        	mov [44],a
 162  0013              #line 162 "c:\users\tech\desktop\powerlinetransceiver\Timer\Timer.c"
 162  0013  31CA        	set [74].3
 163  0014              #line 163 "c:\users\tech\desktop\powerlinetransceiver\Timer\Timer.c"
 163  0014  33CA        	set [74].7
 163  0015  0003        	ret
 163  0016              _STimerInit endp
 163  0016              #line 163 "c:\users\tech\desktop\powerlinetransceiver\Timer\Timer.c"
 163  0016              #pragma debug scope 1 1
 163  0016              ___stmdl equ [41]
 163  0016              ___stmdh equ [42]
 163  0016              public _readSTimer
 163  0016              #pragma debug scope 4 1
 171  0016              #line 171 "c:\users\tech\desktop\powerlinetransceiver\Timer\Timer.c"
 171  0000              _readSTimer .section 'code'
 171  0000              _readSTimer proc
 172  0000              #line 172 "c:\users\tech\desktop\powerlinetransceiver\Timer\Timer.c"
 172  0000  072A        	mov a,[42]
 172  0001  0080     E  	mov rc,a
 172  0002  1F00     E  	clr rb
 174  0003              #line 174 "c:\users\tech\desktop\powerlinetransceiver\Timer\Timer.c"
 174  0003  0700     E  	mov a,rc
 174  0004  0080     E  	mov re,a
 174  0005  0729        	mov a,[41]
 174  0006  0500     E  	or a,rb
 174  0007  0080     E  	mov rd,a
 174  0008  0700     E  	mov a,rd
 174  0009  0080     E  	mov ra,a
 174  000A  0700     E  	mov a,re
 174  000B  0080     E  	mov rb,a
 174  000C  0003        	ret
 174  000D              _readSTimer endp
 174  000D              #line 174 "c:\users\tech\desktop\powerlinetransceiver\Timer\Timer.c"
 174  000D              #pragma debug scope 1 1
 174  000D              #pragma debug struct_end
 174  000D              #pragma debug struct_end
 174  000D              #pragma debug union_end
 174  000D              #pragma debug union_end
 174  000D              #pragma debug variable 43 1 ___tb0c "__tb0c" 1
"File: Timer.c       Assembler  Version HGASM0202      Page 4

 174  000D              #pragma debug struct_end
 174  000D              #pragma debug struct_end
 174  000D              #pragma debug union_end
 174  000D              #pragma debug union_end
 174  000D              #pragma debug variable 45 1 ___tb1c "__tb1c" 1
 174  000D              #pragma debug struct_end
 174  000D              #pragma debug struct_end
 174  000D              #pragma debug union_end
 174  000D              #pragma debug union_end
 174  000D              #pragma debug variable 47 1 ___pscr "__pscr" 1
 174  000D              #pragma debug struct_end
 174  000D              #pragma debug struct_end
 174  000D              #pragma debug union_end
 174  000D              #pragma debug union_end
 174  000D              #pragma debug variable 49 1 ___stmc0 "__stmc0" 1
 174  000D              #pragma debug struct_end
 174  000D              #pragma debug struct_end
 174  000D              #pragma debug union_end
 174  000D              #pragma debug union_end
 174  000D              #pragma debug variable 51 1 ___stmc1 "__stmc1" 1
 174  000D              #pragma debug variable 8 1 ___stmdl "__stmdl" 1
 174  000D              #pragma debug variable 8 1 ___stmdh "__stmdh" 1
 174  000D              #pragma debug variable 8 1 ___stmal "__stmal" 1
 174  000D              #pragma debug variable 8 1 ___stmah "__stmah" 1
 174  000D              #pragma debug struct_end
 174  000D              #pragma debug struct_end
 174  000D              #pragma debug union_end
 174  000D              #pragma debug union_end
 174  000D              #pragma debug variable 53 1 ___intc0 "__intc0" 1
 174  000D              #pragma debug struct_end
 174  000D              #pragma debug struct_end
 174  000D              #pragma debug union_end
 174  000D              #pragma debug union_end
 174  000D              #pragma debug variable 55 1 ___intc2 "__intc2" 1
 174  000D              
 174  000D              ; 
 174  000D              ; Generated by holtek-gcc v3.19, Mon Jun 24 18:27:15 2024
 174  000D              ; Rebuild 718
 174  000D              ; end of file


        0 Errors, 0