"File: UART.c        Assembler  Version HGASM0202      Page 1


   1  0000              ; Generated by holtek-gcc v3.19, Tue Jun 18 17:49:57 2024
   2  0000              ; 
   3  0000              ; Configuration:
   4  0000              ;       with long instruction
   5  0000              ;       Single ROM, Multi-RAM
   6  0000              ;       bits_per_rom_unit:16
   7  0000              ;       with mp1
   8  0000              ;       with tbhp, address(0x9)
   9  0000              ;          Use tabrd-const
  10  0000              ;       
  11  0000              ; SFR address of long-instruction arch:
  12  0000              ;    mp0 = -1,1,0
  13  0000              ;    mp1 = 4,3,2
  14  0000              ;    mp2 = 14,13,12
  15  0000              ;    tbp = 9,7,8
  16  0000              ;    acc = 5
  17  0000              ;    pcl = 6
  18  0000              ;    status = 10
  19  0000              ;    bp = 11
  20  0000              ;    intc = 72
  21  0000              ;       
  22  0000              ;       
  23  0000              ; use 'tabrdc' instead of 'tabrd'
  24  0000              ;       
  25  0000              
  26  0000              #pragma translator "holtek-gcc 4.6.4" "3.19" "build 20130711"
  27  0000              ; Rebuild 718
  28  0000              
  29  0000              ir equ [2]
  30  0000              mp equ [3]
  31  0000              sbp equ [4]
  32  0000              acc equ [5]
  33  0000              bp equ [11]
  34  0000              tblp equ [7]
  35  0000              tbhp equ [9]
  36  0000              status equ [10]
  37  0000              c equ [10].0
  38  0000              ac equ [10].1
  39  0000              z equ [10].2
  40  0000              ov equ [10].3
  41  0000              cz equ [10].6
  42  0000              sc equ [10].7
  43  0000              intc equ [72]
  44  0000              
  45  0000              extern ra:byte
  46  0000              extern rb:byte
  47  0000              extern rc:byte
  48  0000              extern rd:byte
  49  0000              extern re:byte
  50  0000              extern rf:byte
  51  0000              extern rg:byte
  52  0000              extern rh:byte
  53  0000              extern _Crom2Prom:near
  54  0000              extern _Crom2PromNext:near
  55  0000              
  56  0000              RAMBANK 0 @BITDATASEC, @BITDATASEC1
  57  0000              @HCCINIT	.section 'data'
  58  0000              @HCCINIT0	.section 'data'
  59  0000              @BITDATASEC	 .section 'data'
"File: UART.ASM      Assembler  Version HGASM0202      Page 2

  60  0000              @BITDATASEC1	 .section 'data'
  61  0000              
  62  0000              #pragma debug scope 1 1
  63  0000              	extern __DELAY3:near
  64  0000              	extern __DELAYX3:near
  65  0000              	extern __DELAYX6:near
  66  0000              	extern __DELAYY5:near
  67  0000              	extern __DELAYY3:near
  68  0000              	extern _builtin_holtek_delay_2:byte
  69  0000              ___pas0 equ [76]
  70  0000              ___pas1 equ [77]
  71  0000              ___simc0 equ [65]
  72  0000              ___ubrg equ [69]
  73  0000              ___uucr2 equ [67]
  74  0000              ___uucr1 equ [66]
  75  0000              public _UART_Init
  76  0000              #pragma debug scope 2 1

  51  0000              #line 51 "c:\users\tech\desktop\powerlinetransceiver\UART\UART.c"
  51  0000              _UART_Init .section 'code'
  51  0000              _UART_Init proc
  51  0000              public _UART_Init_2
  51  0000  0002[           local _UART_Init_2 db 2 dup(?)	; 2,0
            00
            ]
  51  0002              #pragma debug variable 12 2 _UART_Init_2+0 "baudrate"
  55  0002              #line 55 "c:\users\tech\desktop\powerlinetransceiver\UART\UART.c"
  55  0000  334C        	set [76].6
  56  0001              #line 56 "c:\users\tech\desktop\powerlinetransceiver\UART\UART.c"
  56  0001  37CC        	clr [76].7
  59  0002              #line 59 "c:\users\tech\desktop\powerlinetransceiver\UART\UART.c"
  59  0002  35CD        	clr [77].3
  60  0003              #line 60 "c:\users\tech\desktop\powerlinetransceiver\UART\UART.c"
  60  0003  324D        	set [77].4
  72  0004              #line 72 "c:\users\tech\desktop\powerlinetransceiver\UART\UART.c"
  72  0004  3241        	set [65].4
  74  0005              #line 74 "c:\users\tech\desktop\powerlinetransceiver\UART\UART.c"
  74  0005  0700     R  	mov a,_UART_Init_2[0]
  74  0006  0080     E  	mov rd,a
  74  0007  0700     R  	mov a,_UART_Init_2[1]
  74  0008  0080     E  	mov re,a
  74  0009  0F06        	mov a,6
  74  000A              _LI1:
  74  000A  340A        	clr c
  74  000B  1A80     E  	rlc rd
  74  000C  1A80     E  	rlc re
  74  000D  1785        	sdz acc
  74  000E  2800     R  	jmp _LI1
  74  000F  0700     E  	mov a,re
  74  0010  0080     E  	mov rf,a
  74  0011  0700     E  	mov a,rd
  74  0012  0080     E  	mov re,a
  74  0013  1F00     E  	clr rg
  74  0014  1F00     E  	clr rh
  74  0015  1F00     E  	clr ra
  74  0016  0F12        	mov a,18
  74  0017  0080     E  	mov rb,a
  74  0018  0F7A        	mov a,122
  74  0019  0080     E  	mov rc,a
  74  001A  1F00     E  	clr rd
"File: UART.c        Assembler  Version HGASM0202      Page 3

  74  001B  0700     E  	mov a,ra  
  74  001C  0080     E  	mov _builtin_holtek_udivmodsi4_2[0],a  
  74  001D  0700     E  	mov a,rb  
  74  001E  0080     E  	mov _builtin_holtek_udivmodsi4_2[1],a
  74  001F  0700     E  	mov a,rc  
  74  0020  0080     E  	mov _builtin_holtek_udivmodsi4_2[2],a  
  74  0021  0700     E  	mov a,rd  
  74  0022  0080     E  	mov _builtin_holtek_udivmodsi4_2[3],a
  74  0023  0700     E  	mov a,re  
  74  0024  0080     E  	mov _builtin_holtek_udivmodsi4_2[4],a  
  74  0025  0700     E  	mov a,rf  
  74  0026  0080     E  	mov _builtin_holtek_udivmodsi4_2[5],a
  74  0027  0700     E  	mov a,rg  
  74  0028  0080     E  	mov _builtin_holtek_udivmodsi4_2[6],a  
  74  0029  0700     E  	mov a,rh  
  74  002A  0080     E  	mov _builtin_holtek_udivmodsi4_2[7],a
  74  002B  2000     E  	call _builtin_holtek_divmodsi4
  74  002C  0700     E  	mov a,_builtin_holtek_udivmodsi4_2[0]  
  74  002D  0080     E  	mov re,a  
  74  002E  0700     E  	mov a,_builtin_holtek_udivmodsi4_2[1]  
  74  002F  0080     E  	mov rf,a
  74  0030  0700     E  	mov a,_builtin_holtek_udivmodsi4_2[2]  
  74  0031  0080     E  	mov rg,a  
  74  0032  0700     E  	mov a,_builtin_holtek_udivmodsi4_2[3]  
  74  0033  0080     E  	mov rh,a
  74  0034  0FFF        	mov a,255
  74  0035  0300     E  	add a,re
  74  0036  0080     E  	mov rd,a
  74  0037  0FFF        	mov a,255
  74  0038  1300     E  	adc a,rf
  74  0039  0080     E  	mov re,a
  76  003A              #line 76 "c:\users\tech\desktop\powerlinetransceiver\UART\UART.c"
  76  003A  0700     E  	mov a,rd
  76  003B  00C5        	mov [69],a
  78  003C              #line 78 "c:\users\tech\desktop\powerlinetransceiver\UART\UART.c"
  78  003C  0F00        	mov a,0  
  78  003D  0680     E  	andm a,rd  
  78  003E  0F01        	mov a,1  
  78  003F  0680     E  	andm a,re
  78  0040  0700     E  	mov a,rd
  78  0041  0500     E  	or a,re
  78  0042  3D0A        	sz z
  78  0043  2800     R  	jmp _L2
  79  0044              #line 79 "c:\users\tech\desktop\powerlinetransceiver\UART\UART.c"
  79  0044  3043        	set [67].0
  79  0045  2800     R  	jmp _L3
  79  0046              _L2:
  81  0046              #line 81 "c:\users\tech\desktop\powerlinetransceiver\UART\UART.c"
  81  0046  3443        	clr [67].0
  81  0047              _L3:
  85  0047              #line 85 "c:\users\tech\desktop\powerlinetransceiver\UART\UART.c"
  85  0047  33C2        	set [66].7
  88  0048              #line 88 "c:\users\tech\desktop\powerlinetransceiver\UART\UART.c"
  88  0048  3742        	clr [66].6
  91  0049              #line 91 "c:\users\tech\desktop\powerlinetransceiver\UART\UART.c"
  91  0049  36C2        	clr [66].5
  94  004A              #line 94 "c:\users\tech\desktop\powerlinetransceiver\UART\UART.c"
  94  004A  3242        	set [66].4
  97  004B              #line 97 "c:\users\tech\desktop\powerlinetransceiver\UART\UART.c"
  97  004B  31C2        	set [66].3
"File: UART.c        Assembler  Version HGASM0202      Page 4

 101  004C              #line 101 "c:\users\tech\desktop\powerlinetransceiver\UART\UART.c"
 101  004C  33C3        	set [67].7
 103  004D              #line 103 "c:\users\tech\desktop\powerlinetransceiver\UART\UART.c"
 103  004D  3343        	set [67].6
 103  004E  0003        	ret
 103  004F              _UART_Init endp
 103  004F              #line 103 "c:\users\tech\desktop\powerlinetransceiver\UART\UART.c"
 103  004F              #pragma debug scope 1 1
 103  004F              ___uusr equ [70]
 103  004F              ___utxr_rxr equ [68]
 103  004F              public _UART_Transmit
 103  004F              #pragma debug scope 3 1
 107  004F              #line 107 "c:\users\tech\desktop\powerlinetransceiver\UART\UART.c"
 107  0000              _UART_Transmit .section 'code'
 107  0000              _UART_Transmit proc
 107  0000  00              local _UART_Transmit_2 db 1 dup(?)	; 0,1
 107  0000  0080     R  	mov _UART_Transmit_2[0],a
 107  0001              #pragma debug variable 7 3 _UART_Transmit_2+0 "data"
 107  0001              _L7:
 109  0001              #line 109 "c:\users\tech\desktop\powerlinetransceiver\UART\UART.c"
 109  0001  38C6        	snz [70].1
 109  0002  2800     R  	jmp _L7
 110  0003              #line 110 "c:\users\tech\desktop\powerlinetransceiver\UART\UART.c"
 110  0003  0700     R  	mov a,_UART_Transmit_2[0]
 110  0004  00C4        	mov [68],a
 110  0005  0003        	ret
 110  0006              _UART_Transmit endp
 110  0006              #line 110 "c:\users\tech\desktop\powerlinetransceiver\UART\UART.c"
 110  0006              #pragma debug scope 1 1
 110  0006              public _UART_Receive
 110  0006              #pragma debug scope 4 1
 113  0006              #line 113 "c:\users\tech\desktop\powerlinetransceiver\UART\UART.c"
 113  0000              _UART_Receive .section 'code'
 113  0000              _UART_Receive proc
 113  0000              _L10:
 115  0000              #line 115 "c:\users\tech\desktop\powerlinetransceiver\UART\UART.c"
 115  0000  3846        	snz [70].0
 115  0001  2800     R  	jmp _L10
 116  0002              #line 116 "c:\users\tech\desktop\powerlinetransceiver\UART\UART.c"
 116  0002  0744        	mov a,[68]
 116  0003  0080     E  	mov ra,a
 117  0004              #line 117 "c:\users\tech\desktop\powerlinetransceiver\UART\UART.c"
 117  0004  0700     E  	mov a,ra
 117  0005  0003        	ret
 117  0006              _UART_Receive endp
 117  0006              #line 117 "c:\users\tech\desktop\powerlinetransceiver\UART\UART.c"
 117  0006              #pragma debug scope 1 1
 117  0006              #pragma debug struct_end
 117  0006              #pragma debug struct_end
 117  0006              #pragma debug union_end
 117  0006              #pragma debug union_end
 117  0006              #pragma debug variable 43 1 ___simc0 "__simc0" 1
 117  0006              #pragma debug struct_end
 117  0006              #pragma debug struct_end
 117  0006              #pragma debug union_end
 117  0006              #pragma debug union_end
 117  0006              #pragma debug variable 45 1 ___uucr1 "__uucr1" 1
 117  0006              #pragma debug struct_end
 117  0006              #pragma debug struct_end
 117  0006              #pragma debug union_end
"File: UART.c        Assembler  Version HGASM0202      Page 5

 117  0006              #pragma debug union_end
 117  0006              #pragma debug variable 47 1 ___uucr2 "__uucr2" 1
 117  0006              #pragma debug struct_end
 117  0006              #pragma debug struct_end
 117  0006              #pragma debug union_end
 117  0006              #pragma debug union_end
 117  0006              #pragma debug variable 49 1 ___utxr_rxr "__utxr_rxr" 1
 117  0006              #pragma debug struct_end
 117  0006              #pragma debug struct_end
 117  0006              #pragma debug union_end
 117  0006              #pragma debug union_end
 117  0006              #pragma debug variable 51 1 ___ubrg "__ubrg" 1
 117  0006              #pragma debug struct_end
 117  0006              #pragma debug struct_end
 117  0006              #pragma debug union_end
 117  0006              #pragma debug union_end
 117  0006              #pragma debug variable 53 1 ___uusr "__uusr" 1
 117  0006              #pragma debug struct_end
 117  0006              #pragma debug struct_end
 117  0006              #pragma debug union_end
 117  0006              #pragma debug union_end
 117  0006              #pragma debug variable 55 1 ___pas0 "__pas0" 1
 117  0006              #pragma debug struct_end
 117  0006              #pragma debug struct_end
 117  0006              #pragma debug union_end
 117  0006              #pragma debug union_end
 117  0006              #pragma debug variable 57 1 ___pas1 "__pas1" 1
 117  0006              extern _builtin_holtek_divmodsi4:near
 117  0006              extern _builtin_holtek_udivmodsi4_2:byte
 117  0006              extern _builtin_holtek_udivmodsi4:near
 117  0006              
 117  0006              ; 
 117  0006              ; Generated by holtek-gcc v3.19, Tue Jun 18 17:49:57 2024
 117  0006              ; Rebuild 718
 117  0006              ; end of file


        0 Errors, 0